<?xml version="1.0" encoding="UTF-8"?>
<testsuites>
  <testsuite name="Cache Test Suite" tests="12" assertions="30" failures="0" errors="0" time="0.040685">
    <testsuite name="Sonata\Cache\Tests\Adapter\Cache\ApcCacheTestextends" file="/Users/ronan/Sites/sandbox/vendor/sonata-project/cache/test/Adapter/Cache/ApcCacheTest.php" namespace="Sonata\Cache\Tests\Adapter\Cache" fullPackage="Sonata.Cache.Tests.Adapter.Cache" tests="0" assertions="0" failures="0" errors="0" time="0.000000"/>
    <testsuite name="Sonata\Cache\Tests\Adapter\Cache\MemcachedCacheTest" file="/Users/ronan/Sites/sandbox/vendor/sonata-project/cache/test/Adapter/Cache/MemcachedCacheTest.php" namespace="Sonata\Cache\Tests\Adapter\Cache" fullPackage="Sonata.Cache.Tests.Adapter.Cache" tests="0" assertions="0" failures="0" errors="0" time="0.000000"/>
    <testsuite name="Sonata\Cache\Tests\Adapter\Cache\MongoCacheTest" file="/Users/ronan/Sites/sandbox/vendor/sonata-project/cache/test/Adapter/Cache/MongoCacheTest.php" namespace="Sonata\Cache\Tests\Adapter\Cache" fullPackage="Sonata.Cache.Tests.Adapter.Cache" tests="0" assertions="0" failures="0" errors="0" time="0.000000"/>
    <testsuite name="Sonata\Cache\Tests\Adapter\Cache\NoopCacheTest" file="/Users/ronan/Sites/sandbox/vendor/sonata-project/cache/test/Adapter/Cache/NoopCacheTest.php" namespace="Sonata\Cache\Tests\Adapter\Cache" fullPackage="Sonata.Cache.Tests.Adapter.Cache" tests="1" assertions="4" failures="0" errors="0" time="0.002758">
      <testcase name="testNoopCache" class="Sonata\Cache\Tests\Adapter\Cache\NoopCacheTest" file="/Users/ronan/Sites/sandbox/vendor/sonata-project/cache/test/Adapter/Cache/NoopCacheTest.php" line="18" assertions="4" time="0.002758"/>
    </testsuite>
    <testsuite name="Sonata\Cache\Tests\Adapter\Cache\PRedisCacheTest" file="/Users/ronan/Sites/sandbox/vendor/sonata-project/cache/test/Adapter/Cache/PRedisCacheTest.php" namespace="Sonata\Cache\Tests\Adapter\Cache" fullPackage="Sonata.Cache.Tests.Adapter.Cache" tests="0" assertions="0" failures="0" errors="0" time="0.000000"/>
    <testsuite name="Sonata\Cache\Tests\Adapter\Cache\ApcCounterTest" file="/Users/ronan/Sites/sandbox/vendor/sonata-project/cache/test/Adapter/Counter/ApcCounterTest.php" namespace="Sonata\Cache\Tests\Adapter\Cache" fullPackage="Sonata.Cache.Tests.Adapter.Cache" tests="0" assertions="0" failures="0" errors="0" time="0.000000"/>
    <testsuite name="Sonata\Cache\Tests\Adapter\Cache\MemcachedCounterTest" file="/Users/ronan/Sites/sandbox/vendor/sonata-project/cache/test/Adapter/Counter/MemcachedCounterTest.php" namespace="Sonata\Cache\Tests\Adapter\Cache" fullPackage="Sonata.Cache.Tests.Adapter.Cache" tests="0" assertions="0" failures="0" errors="0" time="0.000000"/>
    <testsuite name="Sonata\Cache\Tests\Adapter\Cache\MongoCounterTest" file="/Users/ronan/Sites/sandbox/vendor/sonata-project/cache/test/Adapter/Counter/MongoCounterTest.php" namespace="Sonata\Cache\Tests\Adapter\Cache" fullPackage="Sonata.Cache.Tests.Adapter.Cache" tests="0" assertions="0" failures="0" errors="0" time="0.000000"/>
    <testsuite name="Sonata\Cache\Tests\Adapter\Cache\PRedisCounterTest" file="/Users/ronan/Sites/sandbox/vendor/sonata-project/cache/test/Adapter/Counter/PRedisCounterTest.php" namespace="Sonata\Cache\Tests\Adapter\Cache" fullPackage="Sonata.Cache.Tests.Adapter.Cache" tests="0" assertions="0" failures="0" errors="0" time="0.000000"/>
    <testsuite name="Sonata\Cache\Tests\Cache\CacheElementTest" file="/Users/ronan/Sites/sandbox/vendor/sonata-project/cache/test/CacheElementTest.php" namespace="Sonata\Cache\Tests\Cache" fullPackage="Sonata.Cache.Tests.Cache" tests="2" assertions="6" failures="0" errors="0" time="0.006943">
      <testcase name="testCache" class="Sonata\Cache\Tests\Cache\CacheElementTest" file="/Users/ronan/Sites/sandbox/vendor/sonata-project/cache/test/CacheElementTest.php" line="18" assertions="5" time="0.003762"/>
      <testcase name="testContextual" class="Sonata\Cache\Tests\Cache\CacheElementTest" file="/Users/ronan/Sites/sandbox/vendor/sonata-project/cache/test/CacheElementTest.php" line="39" assertions="1" time="0.003181"/>
    </testsuite>
    <testsuite name="Sonata\Cache\Tests\Counter\CounterTest" file="/Users/ronan/Sites/sandbox/vendor/sonata-project/cache/test/CounterTest.php" namespace="Sonata\Cache\Tests\Counter" fullPackage="Sonata.Cache.Tests.Counter" tests="2" assertions="3" failures="0" errors="0" time="0.004167">
      <testcase name="testInvalidValue" class="Sonata\Cache\Tests\Counter\CounterTest" file="/Users/ronan/Sites/sandbox/vendor/sonata-project/cache/test/CounterTest.php" line="21" assertions="1" time="0.002926"/>
      <testcase name="testClass" class="Sonata\Cache\Tests\Counter\CounterTest" file="/Users/ronan/Sites/sandbox/vendor/sonata-project/cache/test/CounterTest.php" line="26" assertions="2" time="0.001241"/>
    </testsuite>
    <testsuite name="Sonata\Cache\Tests\Cache\Invalidation\DoctrineORMListenerTest" file="/Users/ronan/Sites/sandbox/vendor/sonata-project/cache/test/Invalidation/DoctrineORMListenerTest.php" namespace="Sonata\Cache\Tests\Cache\Invalidation" fullPackage="Sonata.Cache.Tests.Cache.Invalidation" tests="1" assertions="2" failures="0" errors="0" time="0.011757">
      <testcase name="test" class="Sonata\Cache\Tests\Cache\Invalidation\DoctrineORMListenerTest" file="/Users/ronan/Sites/sandbox/vendor/sonata-project/cache/test/Invalidation/DoctrineORMListenerTest.php" line="29" assertions="2" time="0.011757"/>
    </testsuite>
    <testsuite name="Sonata\Cache\Tests\Invalidation\CacheElementTest" file="/Users/ronan/Sites/sandbox/vendor/sonata-project/cache/test/Invalidation/ModelCollectionIdentifiersTest.php" namespace="Sonata\Cache\Tests\Invalidation" fullPackage="Sonata.Cache.Tests.Invalidation" tests="1" assertions="4" failures="0" errors="0" time="0.001473">
      <testcase name="test" class="Sonata\Cache\Tests\Invalidation\CacheElementTest" file="/Users/ronan/Sites/sandbox/vendor/sonata-project/cache/test/Invalidation/ModelCollectionIdentifiersTest.php" line="45" assertions="4" time="0.001473"/>
    </testsuite>
    <testsuite name="Sonata\Cache\Tests\Invalidation\RecorderTest" file="/Users/ronan/Sites/sandbox/vendor/sonata-project/cache/test/Invalidation/RecorderTest.php" namespace="Sonata\Cache\Tests\Invalidation" fullPackage="Sonata.Cache.Tests.Invalidation" tests="1" assertions="4" failures="0" errors="0" time="0.002076">
      <testcase name="testRecorder" class="Sonata\Cache\Tests\Invalidation\RecorderTest" file="/Users/ronan/Sites/sandbox/vendor/sonata-project/cache/test/Invalidation/RecorderTest.php" line="46" assertions="4" time="0.002076"/>
    </testsuite>
    <testsuite name="Sonata\Cache\Tests\Cache\Invalidation\SimpleCacheInvalidationTest" file="/Users/ronan/Sites/sandbox/vendor/sonata-project/cache/test/Invalidation/SimpleCacheInvalidationTest.php" namespace="Sonata\Cache\Tests\Cache\Invalidation" fullPackage="Sonata.Cache.Tests.Cache.Invalidation" tests="4" assertions="7" failures="0" errors="0" time="0.011512">
      <testcase name="testInvalidate" class="Sonata\Cache\Tests\Cache\Invalidation\SimpleCacheInvalidationTest" file="/Users/ronan/Sites/sandbox/vendor/sonata-project/cache/test/Invalidation/SimpleCacheInvalidationTest.php" line="22" assertions="2" time="0.001762"/>
      <testcase name="testWithoutLogger" class="Sonata\Cache\Tests\Cache\Invalidation\SimpleCacheInvalidationTest" file="/Users/ronan/Sites/sandbox/vendor/sonata-project/cache/test/Invalidation/SimpleCacheInvalidationTest.php" line="37" assertions="2" time="0.003268"/>
      <testcase name="testWithLogger" class="Sonata\Cache\Tests\Cache\Invalidation\SimpleCacheInvalidationTest" file="/Users/ronan/Sites/sandbox/vendor/sonata-project/cache/test/Invalidation/SimpleCacheInvalidationTest.php" line="49" assertions="2" time="0.005082"/>
      <testcase name="testInvalidCacheHandle" class="Sonata\Cache\Tests\Cache\Invalidation\SimpleCacheInvalidationTest" file="/Users/ronan/Sites/sandbox/vendor/sonata-project/cache/test/Invalidation/SimpleCacheInvalidationTest.php" line="68" assertions="1" time="0.001400"/>
    </testsuite>
  </testsuite>
</testsuites>
