<?xml version="1.0" encoding="UTF-8"?>
<testsuites>
  <testsuite name="AdminBundle Test Suite" tests="57" assertions="139" failures="0" errors="0" time="0.205597">
    <testsuite name="Sonata\DoctrineORMAdminBundle\Tests\Admin\FieldDescriptionTest" file="/Users/ronan/Sites/sandbox/vendor/sonata-project/doctrine-orm-admin-bundle/Tests/Admin/FieldDescriptionTest.php" namespace="Sonata\DoctrineORMAdminBundle\Tests\Admin" fullPackage="Sonata.DoctrineORMAdminBundle.Tests.Admin" tests="21" assertions="42" failures="0" errors="0" time="0.075447">
      <testcase name="testOptions" class="Sonata\DoctrineORMAdminBundle\Tests\Admin\FieldDescriptionTest" file="/Users/ronan/Sites/sandbox/vendor/sonata-project/doctrine-orm-admin-bundle/Tests/Admin/FieldDescriptionTest.php" line="19" assertions="9" time="0.005384"/>
      <testcase name="testAssociationMapping" class="Sonata\DoctrineORMAdminBundle\Tests\Admin\FieldDescriptionTest" file="/Users/ronan/Sites/sandbox/vendor/sonata-project/doctrine-orm-admin-bundle/Tests/Admin/FieldDescriptionTest.php" line="82" assertions="8" time="0.001345"/>
      <testcase name="testSetName" class="Sonata\DoctrineORMAdminBundle\Tests\Admin\FieldDescriptionTest" file="/Users/ronan/Sites/sandbox/vendor/sonata-project/doctrine-orm-admin-bundle/Tests/Admin/FieldDescriptionTest.php" line="109" assertions="1" time="0.000179"/>
      <testcase name="testSetNameSetFieldNameToo" class="Sonata\DoctrineORMAdminBundle\Tests\Admin\FieldDescriptionTest" file="/Users/ronan/Sites/sandbox/vendor/sonata-project/doctrine-orm-admin-bundle/Tests/Admin/FieldDescriptionTest.php" line="117" assertions="1" time="0.000381"/>
      <testcase name="testSetNameDoesNotSetFieldNameWhenSetBefore" class="Sonata\DoctrineORMAdminBundle\Tests\Admin\FieldDescriptionTest" file="/Users/ronan/Sites/sandbox/vendor/sonata-project/doctrine-orm-admin-bundle/Tests/Admin/FieldDescriptionTest.php" line="125" assertions="1" time="0.000175"/>
      <testcase name="testGetParent" class="Sonata\DoctrineORMAdminBundle\Tests\Admin\FieldDescriptionTest" file="/Users/ronan/Sites/sandbox/vendor/sonata-project/doctrine-orm-admin-bundle/Tests/Admin/FieldDescriptionTest.php" line="134" assertions="1" time="0.026859"/>
      <testcase name="testGetHelp" class="Sonata\DoctrineORMAdminBundle\Tests\Admin\FieldDescriptionTest" file="/Users/ronan/Sites/sandbox/vendor/sonata-project/doctrine-orm-admin-bundle/Tests/Admin/FieldDescriptionTest.php" line="143" assertions="1" time="0.000278"/>
      <testcase name="testGetAdmin" class="Sonata\DoctrineORMAdminBundle\Tests\Admin\FieldDescriptionTest" file="/Users/ronan/Sites/sandbox/vendor/sonata-project/doctrine-orm-admin-bundle/Tests/Admin/FieldDescriptionTest.php" line="151" assertions="1" time="0.000301"/>
      <testcase name="testGetAssociationAdmin" class="Sonata\DoctrineORMAdminBundle\Tests\Admin\FieldDescriptionTest" file="/Users/ronan/Sites/sandbox/vendor/sonata-project/doctrine-orm-admin-bundle/Tests/Admin/FieldDescriptionTest.php" line="160" assertions="2" time="0.032687"/>
      <testcase name="testHasAssociationAdmin" class="Sonata\DoctrineORMAdminBundle\Tests\Admin\FieldDescriptionTest" file="/Users/ronan/Sites/sandbox/vendor/sonata-project/doctrine-orm-admin-bundle/Tests/Admin/FieldDescriptionTest.php" line="175" assertions="3" time="0.002126"/>
      <testcase name="testGetValue" class="Sonata\DoctrineORMAdminBundle\Tests\Admin\FieldDescriptionTest" file="/Users/ronan/Sites/sandbox/vendor/sonata-project/doctrine-orm-admin-bundle/Tests/Admin/FieldDescriptionTest.php" line="193" assertions="2" time="0.001238"/>
      <testcase name="testGetValueWhenCannotRetrieve" class="Sonata\DoctrineORMAdminBundle\Tests\Admin\FieldDescriptionTest" file="/Users/ronan/Sites/sandbox/vendor/sonata-project/doctrine-orm-admin-bundle/Tests/Admin/FieldDescriptionTest.php" line="209" assertions="2" time="0.001425"/>
      <testcase name="testGetAssociationMapping" class="Sonata\DoctrineORMAdminBundle\Tests\Admin\FieldDescriptionTest" file="/Users/ronan/Sites/sandbox/vendor/sonata-project/doctrine-orm-admin-bundle/Tests/Admin/FieldDescriptionTest.php" line="221" assertions="1" time="0.000322"/>
      <testcase name="testSetAssociationMappingAllowOnlyForArray" class="Sonata\DoctrineORMAdminBundle\Tests\Admin\FieldDescriptionTest" file="/Users/ronan/Sites/sandbox/vendor/sonata-project/doctrine-orm-admin-bundle/Tests/Admin/FieldDescriptionTest.php" line="237" assertions="1" time="0.000531"/>
      <testcase name="testSetFieldMappingAllowOnlyForArray" class="Sonata\DoctrineORMAdminBundle\Tests\Admin\FieldDescriptionTest" file="/Users/ronan/Sites/sandbox/vendor/sonata-project/doctrine-orm-admin-bundle/Tests/Admin/FieldDescriptionTest.php" line="246" assertions="1" time="0.000270"/>
      <testcase name="testSetFieldMappingSetType" class="Sonata\DoctrineORMAdminBundle\Tests\Admin\FieldDescriptionTest" file="/Users/ronan/Sites/sandbox/vendor/sonata-project/doctrine-orm-admin-bundle/Tests/Admin/FieldDescriptionTest.php" line="252" assertions="1" time="0.000328"/>
      <testcase name="testSetFieldMappingSetMappingType" class="Sonata\DoctrineORMAdminBundle\Tests\Admin\FieldDescriptionTest" file="/Users/ronan/Sites/sandbox/vendor/sonata-project/doctrine-orm-admin-bundle/Tests/Admin/FieldDescriptionTest.php" line="265" assertions="1" time="0.000252"/>
      <testcase name="testSetFieldMappingSetFieldName" class="Sonata\DoctrineORMAdminBundle\Tests\Admin\FieldDescriptionTest" file="/Users/ronan/Sites/sandbox/vendor/sonata-project/doctrine-orm-admin-bundle/Tests/Admin/FieldDescriptionTest.php" line="278" assertions="1" time="0.000163"/>
      <testcase name="testGetTargetEntity" class="Sonata\DoctrineORMAdminBundle\Tests\Admin\FieldDescriptionTest" file="/Users/ronan/Sites/sandbox/vendor/sonata-project/doctrine-orm-admin-bundle/Tests/Admin/FieldDescriptionTest.php" line="291" assertions="2" time="0.000407"/>
      <testcase name="testIsIdentifierFromFieldMapping" class="Sonata\DoctrineORMAdminBundle\Tests\Admin\FieldDescriptionTest" file="/Users/ronan/Sites/sandbox/vendor/sonata-project/doctrine-orm-admin-bundle/Tests/Admin/FieldDescriptionTest.php" line="308" assertions="1" time="0.000183"/>
      <testcase name="testGetFieldMapping" class="Sonata\DoctrineORMAdminBundle\Tests\Admin\FieldDescriptionTest" file="/Users/ronan/Sites/sandbox/vendor/sonata-project/doctrine-orm-admin-bundle/Tests/Admin/FieldDescriptionTest.php" line="322" assertions="1" time="0.000613"/>
    </testsuite>
    <testsuite name="Sonata\DoctrineORMAdminBundle\Tests\DependencyInjection\Compiler\AddAuditEntityCompilerPassTest" file="/Users/ronan/Sites/sandbox/vendor/sonata-project/doctrine-orm-admin-bundle/Tests/DependencyInjection/Compiler/AddAuditEntityCompilerPassTest.php" namespace="Sonata\DoctrineORMAdminBundle\Tests\DependencyInjection\Compiler" fullPackage="Sonata.DoctrineORMAdminBundle.Tests.DependencyInjection.Compiler" tests="2" assertions="2" failures="0" errors="0" time="0.048257">
      <testsuite name="Sonata\DoctrineORMAdminBundle\Tests\DependencyInjection\Compiler\AddAuditEntityCompilerPassTest::testProcess" tests="2" assertions="2" failures="0" errors="0" time="0.048257">
        <testcase name="testProcess with data set #0" assertions="1" time="0.038992"/>
        <testcase name="testProcess with data set #1" assertions="1" time="0.009265"/>
      </testsuite>
    </testsuite>
    <testsuite name="Sonata\DoctrineORMAdminBundle\Tests\Filter\BooleanFilterTest" file="/Users/ronan/Sites/sandbox/vendor/sonata-project/doctrine-orm-admin-bundle/Tests/Filter/BooleanFilterTest.php" namespace="Sonata\DoctrineORMAdminBundle\Tests\Filter" fullPackage="Sonata.DoctrineORMAdminBundle.Tests.Filter" tests="4" assertions="10" failures="0" errors="0" time="0.003199">
      <testcase name="testFilterEmpty" class="Sonata\DoctrineORMAdminBundle\Tests\Filter\BooleanFilterTest" file="/Users/ronan/Sites/sandbox/vendor/sonata-project/doctrine-orm-admin-bundle/Tests/Filter/BooleanFilterTest.php" line="20" assertions="2" time="0.001355"/>
      <testcase name="testFilterNo" class="Sonata\DoctrineORMAdminBundle\Tests\Filter\BooleanFilterTest" file="/Users/ronan/Sites/sandbox/vendor/sonata-project/doctrine-orm-admin-bundle/Tests/Filter/BooleanFilterTest.php" line="39" assertions="3" time="0.000961"/>
      <testcase name="testFilterYes" class="Sonata\DoctrineORMAdminBundle\Tests\Filter\BooleanFilterTest" file="/Users/ronan/Sites/sandbox/vendor/sonata-project/doctrine-orm-admin-bundle/Tests/Filter/BooleanFilterTest.php" line="53" assertions="3" time="0.000469"/>
      <testcase name="testFilterArray" class="Sonata\DoctrineORMAdminBundle\Tests\Filter\BooleanFilterTest" file="/Users/ronan/Sites/sandbox/vendor/sonata-project/doctrine-orm-admin-bundle/Tests/Filter/BooleanFilterTest.php" line="67" assertions="2" time="0.000414"/>
    </testsuite>
    <testsuite name="Sonata\DoctrineORMAdminBundle\Tests\Filter\CallbackFilterTest" file="/Users/ronan/Sites/sandbox/vendor/sonata-project/doctrine-orm-admin-bundle/Tests/Filter/CallbackFilterTest.php" namespace="Sonata\DoctrineORMAdminBundle\Tests\Filter" fullPackage="Sonata.DoctrineORMAdminBundle.Tests.Filter" tests="3" assertions="7" failures="0" errors="0" time="0.001443">
      <testcase name="testFilterClosure" class="Sonata\DoctrineORMAdminBundle\Tests\Filter\CallbackFilterTest" file="/Users/ronan/Sites/sandbox/vendor/sonata-project/doctrine-orm-admin-bundle/Tests/Filter/CallbackFilterTest.php" line="19" assertions="3" time="0.000665"/>
      <testcase name="testFilterMethod" class="Sonata\DoctrineORMAdminBundle\Tests\Filter\CallbackFilterTest" file="/Users/ronan/Sites/sandbox/vendor/sonata-project/doctrine-orm-admin-bundle/Tests/Filter/CallbackFilterTest.php" line="40" assertions="3" time="0.000460"/>
      <testcase name="testFilterException" class="Sonata\DoctrineORMAdminBundle\Tests\Filter\CallbackFilterTest" file="/Users/ronan/Sites/sandbox/vendor/sonata-project/doctrine-orm-admin-bundle/Tests/Filter/CallbackFilterTest.php" line="67" assertions="1" time="0.000318"/>
    </testsuite>
    <testsuite name="Sonata\DoctrineORMAdminBundle\Tests\Filter\ChoiceFilterTest" file="/Users/ronan/Sites/sandbox/vendor/sonata-project/doctrine-orm-admin-bundle/Tests/Filter/ChoiceFilterTest.php" namespace="Sonata\DoctrineORMAdminBundle\Tests\Filter" fullPackage="Sonata.DoctrineORMAdminBundle.Tests.Filter" tests="4" assertions="10" failures="0" errors="0" time="0.021444">
      <testcase name="testFilterEmpty" class="Sonata\DoctrineORMAdminBundle\Tests\Filter\ChoiceFilterTest" file="/Users/ronan/Sites/sandbox/vendor/sonata-project/doctrine-orm-admin-bundle/Tests/Filter/ChoiceFilterTest.php" line="20" assertions="2" time="0.000479"/>
      <testcase name="testFilterArray" class="Sonata\DoctrineORMAdminBundle\Tests\Filter\ChoiceFilterTest" file="/Users/ronan/Sites/sandbox/vendor/sonata-project/doctrine-orm-admin-bundle/Tests/Filter/ChoiceFilterTest.php" line="35" assertions="2" time="0.019075"/>
      <testcase name="testFilterScalar" class="Sonata\DoctrineORMAdminBundle\Tests\Filter\ChoiceFilterTest" file="/Users/ronan/Sites/sandbox/vendor/sonata-project/doctrine-orm-admin-bundle/Tests/Filter/ChoiceFilterTest.php" line="48" assertions="3" time="0.000984"/>
      <testcase name="testFilterZero" class="Sonata\DoctrineORMAdminBundle\Tests\Filter\ChoiceFilterTest" file="/Users/ronan/Sites/sandbox/vendor/sonata-project/doctrine-orm-admin-bundle/Tests/Filter/ChoiceFilterTest.php" line="62" assertions="3" time="0.000906"/>
    </testsuite>
    <testsuite name="Sonata\DoctrineORMAdminBundle\Tests\Filter\ClassFilterTest" file="/Users/ronan/Sites/sandbox/vendor/sonata-project/doctrine-orm-admin-bundle/Tests/Filter/ClassFilterTest.php" namespace="Sonata\DoctrineORMAdminBundle\Tests\Filter" fullPackage="Sonata.DoctrineORMAdminBundle.Tests.Filter" tests="3" assertions="6" failures="0" errors="0" time="0.028290">
      <testcase name="testFilterEmpty" class="Sonata\DoctrineORMAdminBundle\Tests\Filter\ClassFilterTest" file="/Users/ronan/Sites/sandbox/vendor/sonata-project/doctrine-orm-admin-bundle/Tests/Filter/ClassFilterTest.php" line="20" assertions="2" time="0.026112"/>
      <testcase name="testFilterInvalidOperator" class="Sonata\DoctrineORMAdminBundle\Tests\Filter\ClassFilterTest" file="/Users/ronan/Sites/sandbox/vendor/sonata-project/doctrine-orm-admin-bundle/Tests/Filter/ClassFilterTest.php" line="34" assertions="2" time="0.000664"/>
      <testcase name="testFilter" class="Sonata\DoctrineORMAdminBundle\Tests\Filter\ClassFilterTest" file="/Users/ronan/Sites/sandbox/vendor/sonata-project/doctrine-orm-admin-bundle/Tests/Filter/ClassFilterTest.php" line="47" assertions="2" time="0.001514"/>
    </testsuite>
    <testsuite name="Sonata\DoctrineORMAdminBundle\Tests\Filter\FilterTest" file="/Users/ronan/Sites/sandbox/vendor/sonata-project/doctrine-orm-admin-bundle/Tests/Filter/FilterTest.php" namespace="Sonata\DoctrineORMAdminBundle\Tests\Filter" fullPackage="Sonata.DoctrineORMAdminBundle.Tests.Filter" tests="4" assertions="12" failures="0" errors="0" time="0.002739">
      <testcase name="testFieldDescription" class="Sonata\DoctrineORMAdminBundle\Tests\Filter\FilterTest" file="/Users/ronan/Sites/sandbox/vendor/sonata-project/doctrine-orm-admin-bundle/Tests/Filter/FilterTest.php" line="54" assertions="8" time="0.001329"/>
      <testcase name="testValues" class="Sonata\DoctrineORMAdminBundle\Tests\Filter\FilterTest" file="/Users/ronan/Sites/sandbox/vendor/sonata-project/doctrine-orm-admin-bundle/Tests/Filter/FilterTest.php" line="71" assertions="2" time="0.000575"/>
      <testcase name="testExceptionOnEmptyFieldName" class="Sonata\DoctrineORMAdminBundle\Tests\Filter\FilterTest" file="/Users/ronan/Sites/sandbox/vendor/sonata-project/doctrine-orm-admin-bundle/Tests/Filter/FilterTest.php" line="83" assertions="1" time="0.000589"/>
      <testcase name="testIsActive" class="Sonata\DoctrineORMAdminBundle\Tests\Filter\FilterTest" file="/Users/ronan/Sites/sandbox/vendor/sonata-project/doctrine-orm-admin-bundle/Tests/Filter/FilterTest.php" line="89" assertions="1" time="0.000246"/>
    </testsuite>
    <testsuite name="Sonata\DoctrineORMAdminBundle\Tests\Filter\ModelFilterTest" file="/Users/ronan/Sites/sandbox/vendor/sonata-project/doctrine-orm-admin-bundle/Tests/Filter/ModelFilterTest.php" namespace="Sonata\DoctrineORMAdminBundle\Tests\Filter" fullPackage="Sonata.DoctrineORMAdminBundle.Tests.Filter" tests="7" assertions="13" failures="0" errors="0" time="0.007618">
      <testcase name="testFilterEmpty" class="Sonata\DoctrineORMAdminBundle\Tests\Filter\ModelFilterTest" file="/Users/ronan/Sites/sandbox/vendor/sonata-project/doctrine-orm-admin-bundle/Tests/Filter/ModelFilterTest.php" line="34" assertions="2" time="0.000815"/>
      <testcase name="testFilterArray" class="Sonata\DoctrineORMAdminBundle\Tests\Filter\ModelFilterTest" file="/Users/ronan/Sites/sandbox/vendor/sonata-project/doctrine-orm-admin-bundle/Tests/Filter/ModelFilterTest.php" line="48" assertions="2" time="0.000687"/>
      <testcase name="testFilterScalar" class="Sonata\DoctrineORMAdminBundle\Tests\Filter\ModelFilterTest" file="/Users/ronan/Sites/sandbox/vendor/sonata-project/doctrine-orm-admin-bundle/Tests/Filter/ModelFilterTest.php" line="65" assertions="3" time="0.000710"/>
      <testcase name="testAssociationWithInvalidMapping" class="Sonata\DoctrineORMAdminBundle\Tests\Filter\ModelFilterTest" file="/Users/ronan/Sites/sandbox/vendor/sonata-project/doctrine-orm-admin-bundle/Tests/Filter/ModelFilterTest.php" line="82" assertions="1" time="0.003946"/>
      <testcase name="testAssociationWithValidMappingAndEmptyFieldName" class="Sonata\DoctrineORMAdminBundle\Tests\Filter\ModelFilterTest" file="/Users/ronan/Sites/sandbox/vendor/sonata-project/doctrine-orm-admin-bundle/Tests/Filter/ModelFilterTest.php" line="95" assertions="1" time="0.000335"/>
      <testcase name="testAssociationWithValidMapping" class="Sonata\DoctrineORMAdminBundle\Tests\Filter\ModelFilterTest" file="/Users/ronan/Sites/sandbox/vendor/sonata-project/doctrine-orm-admin-bundle/Tests/Filter/ModelFilterTest.php" line="106" assertions="2" time="0.000484"/>
      <testcase name="testAssociationWithValidParentAssociationMappings" class="Sonata\DoctrineORMAdminBundle\Tests\Filter\ModelFilterTest" file="/Users/ronan/Sites/sandbox/vendor/sonata-project/doctrine-orm-admin-bundle/Tests/Filter/ModelFilterTest.php" line="125" assertions="2" time="0.000641"/>
    </testsuite>
    <testsuite name="Sonata\DoctrineORMAdminBundle\Tests\Filter\NumberFilterTest" file="/Users/ronan/Sites/sandbox/vendor/sonata-project/doctrine-orm-admin-bundle/Tests/Filter/NumberFilterTest.php" namespace="Sonata\DoctrineORMAdminBundle\Tests\Filter" fullPackage="Sonata.DoctrineORMAdminBundle.Tests.Filter" tests="3" assertions="6" failures="0" errors="0" time="0.002382">
      <testcase name="testFilterEmpty" class="Sonata\DoctrineORMAdminBundle\Tests\Filter\NumberFilterTest" file="/Users/ronan/Sites/sandbox/vendor/sonata-project/doctrine-orm-admin-bundle/Tests/Filter/NumberFilterTest.php" line="20" assertions="2" time="0.000466"/>
      <testcase name="testFilterInvalidOperator" class="Sonata\DoctrineORMAdminBundle\Tests\Filter\NumberFilterTest" file="/Users/ronan/Sites/sandbox/vendor/sonata-project/doctrine-orm-admin-bundle/Tests/Filter/NumberFilterTest.php" line="34" assertions="2" time="0.000218"/>
      <testcase name="testFilter" class="Sonata\DoctrineORMAdminBundle\Tests\Filter\NumberFilterTest" file="/Users/ronan/Sites/sandbox/vendor/sonata-project/doctrine-orm-admin-bundle/Tests/Filter/NumberFilterTest.php" line="47" assertions="2" time="0.001698"/>
    </testsuite>
    <testsuite name="Sonata\DoctrineORMAdminBundle\Tests\Filter\StringFilterTest" file="/Users/ronan/Sites/sandbox/vendor/sonata-project/doctrine-orm-admin-bundle/Tests/Filter/StringFilterTest.php" namespace="Sonata\DoctrineORMAdminBundle\Tests\Filter" fullPackage="Sonata.DoctrineORMAdminBundle.Tests.Filter" tests="5" assertions="21" failures="0" errors="0" time="0.004017">
      <testcase name="testEmpty" class="Sonata\DoctrineORMAdminBundle\Tests\Filter\StringFilterTest" file="/Users/ronan/Sites/sandbox/vendor/sonata-project/doctrine-orm-admin-bundle/Tests/Filter/StringFilterTest.php" line="20" assertions="2" time="0.000471"/>
      <testcase name="testContains" class="Sonata\DoctrineORMAdminBundle\Tests\Filter\StringFilterTest" file="/Users/ronan/Sites/sandbox/vendor/sonata-project/doctrine-orm-admin-bundle/Tests/Filter/StringFilterTest.php" line="34" assertions="7" time="0.001428"/>
      <testcase name="testNotContains" class="Sonata\DoctrineORMAdminBundle\Tests\Filter\StringFilterTest" file="/Users/ronan/Sites/sandbox/vendor/sonata-project/doctrine-orm-admin-bundle/Tests/Filter/StringFilterTest.php" line="55" assertions="4" time="0.000763"/>
      <testcase name="testEquals" class="Sonata\DoctrineORMAdminBundle\Tests\Filter\StringFilterTest" file="/Users/ronan/Sites/sandbox/vendor/sonata-project/doctrine-orm-admin-bundle/Tests/Filter/StringFilterTest.php" line="69" assertions="4" time="0.000521"/>
      <testcase name="testEqualsWithValidParentAssociationMappings" class="Sonata\DoctrineORMAdminBundle\Tests\Filter\StringFilterTest" file="/Users/ronan/Sites/sandbox/vendor/sonata-project/doctrine-orm-admin-bundle/Tests/Filter/StringFilterTest.php" line="83" assertions="4" time="0.000834"/>
    </testsuite>
    <testsuite name="Sonata\DoctrineORMAdminBundle\Tests\Model\ModelManagerTest" file="/Users/ronan/Sites/sandbox/vendor/sonata-project/doctrine-orm-admin-bundle/Tests/Model/ModelManagerTest.php" namespace="Sonata\DoctrineORMAdminBundle\Tests\Model" fullPackage="Sonata.DoctrineORMAdminBundle.Tests.Model" tests="1" assertions="10" failures="0" errors="0" time="0.010762">
      <testcase name="testSortParameters" class="Sonata\DoctrineORMAdminBundle\Tests\Model\ModelManagerTest" file="/Users/ronan/Sites/sandbox/vendor/sonata-project/doctrine-orm-admin-bundle/Tests/Model/ModelManagerTest.php" line="19" assertions="10" time="0.010762"/>
    </testsuite>
  </testsuite>
</testsuites>
