<?xml version="1.0" encoding="UTF-8"?>
<testsuites>
  <testsuite name="Sonata Test Suite" tests="293" assertions="1148" failures="0" errors="0" time="2.492869">
    <testsuite name="Sonata\Tests\BasketBundle\Block\BasketBlockServiceTest" file="/Users/ronan/Sites/sandbox/vendor/sonata-project/ecommerce/tests/BasketBundle/Block/BasketBlockServiceTest.php" namespace="Sonata\Tests\BasketBundle\Block" fullPackage="Sonata" package="Sonata" tests="2" assertions="3" failures="0" errors="0" time="0.016084">
      <testcase name="testGetName" class="Sonata\Tests\BasketBundle\Block\BasketBlockServiceTest" file="/Users/ronan/Sites/sandbox/vendor/sonata-project/ecommerce/tests/BasketBundle/Block/BasketBlockServiceTest.php" line="25" assertions="1" time="0.011317"/>
      <testcase name="testExecute" class="Sonata\Tests\BasketBundle\Block\BasketBlockServiceTest" file="/Users/ronan/Sites/sandbox/vendor/sonata-project/ecommerce/tests/BasketBundle/Block/BasketBlockServiceTest.php" line="33" assertions="2" time="0.004767"/>
    </testsuite>
    <testsuite name="Sonata\Test\BasketBundle\Controller\Api\BasketControllerTest" file="/Users/ronan/Sites/sandbox/vendor/sonata-project/ecommerce/tests/BasketBundle/Controller/Api/BasketControllerTest.php" namespace="Sonata\Test\BasketBundle\Controller\Api" fullPackage="Sonata.Test.BasketBundle.Controller.Api" tests="16" assertions="72" failures="0" errors="0" time="0.121162">
      <testcase name="testGetBasketsAction" class="Sonata\Test\BasketBundle\Controller\Api\BasketControllerTest" file="/Users/ronan/Sites/sandbox/vendor/sonata-project/ecommerce/tests/BasketBundle/Controller/Api/BasketControllerTest.php" line="25" assertions="3" time="0.020362"/>
      <testcase name="testGetBasketAction" class="Sonata\Test\BasketBundle\Controller\Api\BasketControllerTest" file="/Users/ronan/Sites/sandbox/vendor/sonata-project/ecommerce/tests/BasketBundle/Controller/Api/BasketControllerTest.php" line="39" assertions="2" time="0.000585"/>
      <testcase name="testGetBasketActionNotFoundException" class="Sonata\Test\BasketBundle\Controller\Api\BasketControllerTest" file="/Users/ronan/Sites/sandbox/vendor/sonata-project/ecommerce/tests/BasketBundle/Controller/Api/BasketControllerTest.php" line="53" assertions="2" time="0.001944"/>
      <testcase name="testGetBasketelementsAction" class="Sonata\Test\BasketBundle\Controller\Api\BasketControllerTest" file="/Users/ronan/Sites/sandbox/vendor/sonata-project/ecommerce/tests/BasketBundle/Controller/Api/BasketControllerTest.php" line="58" assertions="3" time="0.000947"/>
      <testcase name="testGetBasketelementsActionNotFoundException" class="Sonata\Test\BasketBundle\Controller\Api\BasketControllerTest" file="/Users/ronan/Sites/sandbox/vendor/sonata-project/ecommerce/tests/BasketBundle/Controller/Api/BasketControllerTest.php" line="75" assertions="2" time="0.001000"/>
      <testcase name="testPostBasketAction" class="Sonata\Test\BasketBundle\Controller\Api\BasketControllerTest" file="/Users/ronan/Sites/sandbox/vendor/sonata-project/ecommerce/tests/BasketBundle/Controller/Api/BasketControllerTest.php" line="80" assertions="4" time="0.018404"/>
      <testcase name="testPostBasketInvalidAction" class="Sonata\Test\BasketBundle\Controller\Api\BasketControllerTest" file="/Users/ronan/Sites/sandbox/vendor/sonata-project/ecommerce/tests/BasketBundle/Controller/Api/BasketControllerTest.php" line="100" assertions="4" time="0.003028"/>
      <testcase name="testPutBasketAction" class="Sonata\Test\BasketBundle\Controller\Api\BasketControllerTest" file="/Users/ronan/Sites/sandbox/vendor/sonata-project/ecommerce/tests/BasketBundle/Controller/Api/BasketControllerTest.php" line="120" assertions="4" time="0.003377"/>
      <testcase name="testPutBasketInvalidAction" class="Sonata\Test\BasketBundle\Controller\Api\BasketControllerTest" file="/Users/ronan/Sites/sandbox/vendor/sonata-project/ecommerce/tests/BasketBundle/Controller/Api/BasketControllerTest.php" line="141" assertions="4" time="0.003266"/>
      <testcase name="testDeleteBasketAction" class="Sonata\Test\BasketBundle\Controller\Api\BasketControllerTest" file="/Users/ronan/Sites/sandbox/vendor/sonata-project/ecommerce/tests/BasketBundle/Controller/Api/BasketControllerTest.php" line="162" assertions="2" time="0.001212"/>
      <testcase name="testDeleteBasketInvalidAction" class="Sonata\Test\BasketBundle\Controller\Api\BasketControllerTest" file="/Users/ronan/Sites/sandbox/vendor/sonata-project/ecommerce/tests/BasketBundle/Controller/Api/BasketControllerTest.php" line="175" assertions="2" time="0.000886"/>
      <testcase name="testPostBasketBasketelementsAction" class="Sonata\Test\BasketBundle\Controller\Api\BasketControllerTest" file="/Users/ronan/Sites/sandbox/vendor/sonata-project/ecommerce/tests/BasketBundle/Controller/Api/BasketControllerTest.php" line="186" assertions="9" time="0.044410"/>
      <testcase name="testPostBasketBasketelementsInvalidAction" class="Sonata\Test\BasketBundle\Controller\Api\BasketControllerTest" file="/Users/ronan/Sites/sandbox/vendor/sonata-project/ecommerce/tests/BasketBundle/Controller/Api/BasketControllerTest.php" line="228" assertions="9" time="0.006762"/>
      <testcase name="testPutBasketBasketelementsAction" class="Sonata\Test\BasketBundle\Controller\Api\BasketControllerTest" file="/Users/ronan/Sites/sandbox/vendor/sonata-project/ecommerce/tests/BasketBundle/Controller/Api/BasketControllerTest.php" line="270" assertions="9" time="0.007910"/>
      <testcase name="testPutBasketBasketelementsInvalidAction" class="Sonata\Test\BasketBundle\Controller\Api\BasketControllerTest" file="/Users/ronan/Sites/sandbox/vendor/sonata-project/ecommerce/tests/BasketBundle/Controller/Api/BasketControllerTest.php" line="314" assertions="9" time="0.003356"/>
      <testcase name="testDeleteBasketBasketelementsAction" class="Sonata\Test\BasketBundle\Controller\Api\BasketControllerTest" file="/Users/ronan/Sites/sandbox/vendor/sonata-project/ecommerce/tests/BasketBundle/Controller/Api/BasketControllerTest.php" line="357" assertions="4" time="0.003713"/>
    </testsuite>
    <testsuite name="Sonata\Tests\BasketBundle\Entity\BaseBasketTest" file="/Users/ronan/Sites/sandbox/vendor/sonata-project/ecommerce/tests/BasketBundle/Entity/BaseBasketTest.php" namespace="Sonata\Tests\BasketBundle\Entity" fullPackage="Sonata" package="Sonata" tests="3" assertions="21" failures="0" errors="0" time="0.078530">
      <testcase name="testSetBasketElements" class="Sonata\Tests\BasketBundle\Entity\BaseBasketTest" file="/Users/ronan/Sites/sandbox/vendor/sonata-project/ecommerce/tests/BasketBundle/Entity/BaseBasketTest.php" line="29" assertions="3" time="0.062009"/>
      <testcase name="testReset" class="Sonata\Tests\BasketBundle\Entity\BaseBasketTest" file="/Users/ronan/Sites/sandbox/vendor/sonata-project/ecommerce/tests/BasketBundle/Entity/BaseBasketTest.php" line="51" assertions="5" time="0.003288"/>
      <testcase name="testBasketElementsVatAmounts" class="Sonata\Tests\BasketBundle\Entity\BaseBasketTest" file="/Users/ronan/Sites/sandbox/vendor/sonata-project/ecommerce/tests/BasketBundle/Entity/BaseBasketTest.php" line="80" assertions="13" time="0.013233"/>
    </testsuite>
    <testsuite name="Sonata\Tests\BasketBundle\Entity\BasketElementTest" file="/Users/ronan/Sites/sandbox/vendor/sonata-project/ecommerce/tests/BasketBundle/Entity/BasketElementTest.php" namespace="Sonata\Tests\BasketBundle\Entity" fullPackage="Sonata" package="Sonata" tests="1" assertions="2" failures="0" errors="0" time="0.000652">
      <testcase name="testNegativeQuantity" class="Sonata\Tests\BasketBundle\Entity\BasketElementTest" file="/Users/ronan/Sites/sandbox/vendor/sonata-project/ecommerce/tests/BasketBundle/Entity/BasketElementTest.php" line="27" assertions="2" time="0.000652"/>
    </testsuite>
    <testsuite name="Sonata\BasketBundle\Tests\Form\ApiBasketElementTypeTest" file="/Users/ronan/Sites/sandbox/vendor/sonata-project/ecommerce/tests/BasketBundle/Form/ApiBasketElementTypeTest.php" namespace="Sonata\BasketBundle\Tests\Form" fullPackage="Sonata.BasketBundle.Tests.Form" tests="1" assertions="1" failures="0" errors="0" time="0.054440">
      <testcase name="testBuildForm" class="Sonata\BasketBundle\Tests\Form\ApiBasketElementTypeTest" file="/Users/ronan/Sites/sandbox/vendor/sonata-project/ecommerce/tests/BasketBundle/Form/ApiBasketElementTypeTest.php" line="22" assertions="1" time="0.054440"/>
    </testsuite>
    <testsuite name="Sonata\BasketBundle\Tests\Form\ApiBasketTypeTest" file="/Users/ronan/Sites/sandbox/vendor/sonata-project/ecommerce/tests/BasketBundle/Form/ApiBasketTypeTest.php" namespace="Sonata\BasketBundle\Tests\Form" fullPackage="Sonata.BasketBundle.Tests.Form" tests="1" assertions="1" failures="0" errors="0" time="0.008152">
      <testcase name="testBuildForm" class="Sonata\BasketBundle\Tests\Form\ApiBasketTypeTest" file="/Users/ronan/Sites/sandbox/vendor/sonata-project/ecommerce/tests/BasketBundle/Form/ApiBasketTypeTest.php" line="22" assertions="1" time="0.008152"/>
    </testsuite>
    <testsuite name="Sonata\Tests\BasketBundle\Resources\XliffTest" file="/Users/ronan/Sites/sandbox/vendor/sonata-project/ecommerce/tests/BasketBundle/Resources/XliffTest.php" namespace="Sonata\Tests\BasketBundle\Resources" fullPackage="Sonata.Tests.BasketBundle.Resources" tests="1" assertions="0" failures="0" errors="0" time="0.001345">
      <testsuite name="Sonata\Tests\BasketBundle\Resources\XliffTest::testXliff" tests="1" assertions="0" failures="0" errors="0" time="0.001345">
        <testcase name="testXliff with data set #0" assertions="0" time="0.001345"/>
      </testsuite>
    </testsuite>
    <testsuite name="Sonata\Tests\Component\Basket\BaseBasketFactoryTest" file="/Users/ronan/Sites/sandbox/vendor/sonata-project/ecommerce/tests/Component/Basket/BaseBasketFactoryTest.php" namespace="Sonata\Tests\Component\Basket" fullPackage="Sonata" package="Sonata" tests="1" assertions="4" failures="0" errors="0" time="0.007257">
      <testcase name="testConstruct" class="Sonata\Tests\Component\Basket\BaseBasketFactoryTest" file="/Users/ronan/Sites/sandbox/vendor/sonata-project/ecommerce/tests/Component/Basket/BaseBasketFactoryTest.php" line="82" assertions="4" time="0.007257"/>
    </testsuite>
    <testsuite name="Sonata\Tests\Component\Basket\BasketBuilderTest" file="/Users/ronan/Sites/sandbox/vendor/sonata-project/ecommerce/tests/Component/Basket/BasketBuilderTest.php" namespace="Sonata\Tests\Component\Basket" fullPackage="Sonata.Tests.Component.Basket" tests="3" assertions="10" failures="0" errors="0" time="0.033348">
      <testcase name="testBuildWithInvalidProductCode" class="Sonata\Tests\Component\Basket\BasketBuilderTest" file="/Users/ronan/Sites/sandbox/vendor/sonata-project/ecommerce/tests/Component/Basket/BasketBuilderTest.php" line="33" assertions="3" time="0.003723"/>
      <testcase name="testBuildWithNonExistentProductCode" class="Sonata\Tests\Component\Basket\BasketBuilderTest" file="/Users/ronan/Sites/sandbox/vendor/sonata-project/ecommerce/tests/Component/Basket/BasketBuilderTest.php" line="59" assertions="4" time="0.001234"/>
      <testcase name="testBuild" class="Sonata\Tests\Component\Basket\BasketBuilderTest" file="/Users/ronan/Sites/sandbox/vendor/sonata-project/ecommerce/tests/Component/Basket/BasketBuilderTest.php" line="82" assertions="3" time="0.028391"/>
    </testsuite>
    <testsuite name="Sonata\Tests\Component\Basket\BasketElementManagerTest" file="/Users/ronan/Sites/sandbox/vendor/sonata-project/ecommerce/tests/Component/Basket/BasketElementManagerTest.php" namespace="Sonata\Tests\Component\Basket" fullPackage="Sonata" package="Sonata" tests="4" assertions="10" failures="0" errors="0" time="0.022975">
      <testcase name="testCreateAndGetClass" class="Sonata\Tests\Component\Basket\BasketElementManagerTest" file="/Users/ronan/Sites/sandbox/vendor/sonata-project/ecommerce/tests/Component/Basket/BasketElementManagerTest.php" line="25" assertions="3" time="0.014217"/>
      <testcase name="testSave" class="Sonata\Tests\Component\Basket\BasketElementManagerTest" file="/Users/ronan/Sites/sandbox/vendor/sonata-project/ecommerce/tests/Component/Basket/BasketElementManagerTest.php" line="38" assertions="2" time="0.001775"/>
      <testcase name="testFind" class="Sonata\Tests\Component\Basket\BasketElementManagerTest" file="/Users/ronan/Sites/sandbox/vendor/sonata-project/ecommerce/tests/Component/Basket/BasketElementManagerTest.php" line="53" assertions="3" time="0.005651"/>
      <testcase name="testDelete" class="Sonata\Tests\Component\Basket\BasketElementManagerTest" file="/Users/ronan/Sites/sandbox/vendor/sonata-project/ecommerce/tests/Component/Basket/BasketElementManagerTest.php" line="71" assertions="2" time="0.001332"/>
    </testsuite>
    <testsuite name="Sonata\Tests\Component\Basket\BasketElementTest" file="/Users/ronan/Sites/sandbox/vendor/sonata-project/ecommerce/tests/Component/Basket/BasketElementTest.php" namespace="Sonata\Tests\Component\Basket" fullPackage="Sonata.Tests.Component.Basket" tests="5" assertions="46" failures="0" errors="0" time="0.162747">
      <testcase name="testPrice" class="Sonata\Tests\Component\Basket\BasketElementTest" file="/Users/ronan/Sites/sandbox/vendor/sonata-project/ecommerce/tests/Component/Basket/BasketElementTest.php" line="75" assertions="9" time="0.068176"/>
      <testcase name="testOptions" class="Sonata\Tests\Component\Basket\BasketElementTest" file="/Users/ronan/Sites/sandbox/vendor/sonata-project/ecommerce/tests/Component/Basket/BasketElementTest.php" line="91" assertions="6" time="0.039977"/>
      <testcase name="testQuantity" class="Sonata\Tests\Component\Basket\BasketElementTest" file="/Users/ronan/Sites/sandbox/vendor/sonata-project/ecommerce/tests/Component/Basket/BasketElementTest.php" line="102" assertions="7" time="0.028804"/>
      <testcase name="testValidity" class="Sonata\Tests\Component\Basket\BasketElementTest" file="/Users/ronan/Sites/sandbox/vendor/sonata-project/ecommerce/tests/Component/Basket/BasketElementTest.php" line="118" assertions="4" time="0.018639"/>
      <testcase name="testGettersSetters" class="Sonata\Tests\Component\Basket\BasketElementTest" file="/Users/ronan/Sites/sandbox/vendor/sonata-project/ecommerce/tests/Component/Basket/BasketElementTest.php" line="135" assertions="20" time="0.007151"/>
    </testsuite>
    <testsuite name="Sonata\Tests\Component\Basket\BasketEntityFactoryTest" file="/Users/ronan/Sites/sandbox/vendor/sonata-project/ecommerce/tests/Component/Basket/BasketEntityFactoryTest.php" namespace="Sonata\Tests\Component\Basket" fullPackage="Sonata.Tests.Component.Basket" tests="6" assertions="26" failures="0" errors="0" time="0.099991">
      <testcase name="testLoadWithNoBasket" class="Sonata\Tests\Component\Basket\BasketEntityFactoryTest" file="/Users/ronan/Sites/sandbox/vendor/sonata-project/ecommerce/tests/Component/Basket/BasketEntityFactoryTest.php" line="24" assertions="5" time="0.088172"/>
      <testcase name="testLoadWithNoBasketInDbButBasketInSession" class="Sonata\Tests\Component\Basket\BasketEntityFactoryTest" file="/Users/ronan/Sites/sandbox/vendor/sonata-project/ecommerce/tests/Component/Basket/BasketEntityFactoryTest.php" line="56" assertions="5" time="0.002683"/>
      <testcase name="testLoadWithBasketInDbAndInSession" class="Sonata\Tests\Component\Basket\BasketEntityFactoryTest" file="/Users/ronan/Sites/sandbox/vendor/sonata-project/ecommerce/tests/Component/Basket/BasketEntityFactoryTest.php" line="87" assertions="5" time="0.002950"/>
      <testcase name="testSaveExistingCustomer" class="Sonata\Tests\Component\Basket\BasketEntityFactoryTest" file="/Users/ronan/Sites/sandbox/vendor/sonata-project/ecommerce/tests/Component/Basket/BasketEntityFactoryTest.php" line="120" assertions="3" time="0.001092"/>
      <testcase name="testSaveNoExistingCustomer" class="Sonata\Tests\Component\Basket\BasketEntityFactoryTest" file="/Users/ronan/Sites/sandbox/vendor/sonata-project/ecommerce/tests/Component/Basket/BasketEntityFactoryTest.php" line="144" assertions="5" time="0.004380"/>
      <testcase name="testReset" class="Sonata\Tests\Component\Basket\BasketEntityFactoryTest" file="/Users/ronan/Sites/sandbox/vendor/sonata-project/ecommerce/tests/Component/Basket/BasketEntityFactoryTest.php" line="172" assertions="3" time="0.000714"/>
    </testsuite>
    <testsuite name="Sonata\Tests\Component\Basket\BasketManagerTest" file="/Users/ronan/Sites/sandbox/vendor/sonata-project/ecommerce/tests/Component/Basket/BasketManagerTest.php" namespace="Sonata\Tests\Component\Basket" fullPackage="Sonata" package="Sonata" tests="4" assertions="10" failures="0" errors="0" time="0.004149">
      <testcase name="testCreateAndGetClass" class="Sonata\Tests\Component\Basket\BasketManagerTest" file="/Users/ronan/Sites/sandbox/vendor/sonata-project/ecommerce/tests/Component/Basket/BasketManagerTest.php" line="25" assertions="3" time="0.000579"/>
      <testcase name="testSave" class="Sonata\Tests\Component\Basket\BasketManagerTest" file="/Users/ronan/Sites/sandbox/vendor/sonata-project/ecommerce/tests/Component/Basket/BasketManagerTest.php" line="38" assertions="2" time="0.001113"/>
      <testcase name="testFind" class="Sonata\Tests\Component\Basket\BasketManagerTest" file="/Users/ronan/Sites/sandbox/vendor/sonata-project/ecommerce/tests/Component/Basket/BasketManagerTest.php" line="53" assertions="3" time="0.001310"/>
      <testcase name="testDelete" class="Sonata\Tests\Component\Basket\BasketManagerTest" file="/Users/ronan/Sites/sandbox/vendor/sonata-project/ecommerce/tests/Component/Basket/BasketManagerTest.php" line="70" assertions="2" time="0.001147"/>
    </testsuite>
    <testsuite name="Sonata\Tests\Component\Basket\BasketSessionFactoryTest" file="/Users/ronan/Sites/sandbox/vendor/sonata-project/ecommerce/tests/Component/Basket/BasketSessionFactoryTest.php" namespace="Sonata\Tests\Component\Basket" fullPackage="Sonata.Tests.Component.Basket" tests="4" assertions="13" failures="0" errors="0" time="0.041427">
      <testcase name="testLoadWithNoBasket" class="Sonata\Tests\Component\Basket\BasketSessionFactoryTest" file="/Users/ronan/Sites/sandbox/vendor/sonata-project/ecommerce/tests/Component/Basket/BasketSessionFactoryTest.php" line="27" assertions="5" time="0.033892"/>
      <testcase name="testLoadWithBasket" class="Sonata\Tests\Component\Basket\BasketSessionFactoryTest" file="/Users/ronan/Sites/sandbox/vendor/sonata-project/ecommerce/tests/Component/Basket/BasketSessionFactoryTest.php" line="58" assertions="4" time="0.002602"/>
      <testcase name="testSave" class="Sonata\Tests\Component\Basket\BasketSessionFactoryTest" file="/Users/ronan/Sites/sandbox/vendor/sonata-project/ecommerce/tests/Component/Basket/BasketSessionFactoryTest.php" line="89" assertions="3" time="0.001149"/>
      <testcase name="testLogout" class="Sonata\Tests\Component\Basket\BasketSessionFactoryTest" file="/Users/ronan/Sites/sandbox/vendor/sonata-project/ecommerce/tests/Component/Basket/BasketSessionFactoryTest.php" line="115" assertions="1" time="0.003784"/>
    </testsuite>
    <testsuite name="Sonata\Tests\Component\Basket\BasketTest" file="/Users/ronan/Sites/sandbox/vendor/sonata-project/ecommerce/tests/Component/Basket/BasketTest.php" namespace="Sonata\Tests\Component\Basket" fullPackage="Sonata.Tests.Component.Basket" tests="9" assertions="123" failures="0" errors="0" time="0.411480">
      <testcase name="testTotal" class="Sonata\Tests\Component\Basket\BasketTest" file="/Users/ronan/Sites/sandbox/vendor/sonata-project/ecommerce/tests/Component/Basket/BasketTest.php" line="78" assertions="20" time="0.116989"/>
      <testcase name="testBasket" class="Sonata\Tests\Component\Basket\BasketTest" file="/Users/ronan/Sites/sandbox/vendor/sonata-project/ecommerce/tests/Component/Basket/BasketTest.php" line="156" assertions="31" time="0.082475"/>
      <testcase name="testSerialize" class="Sonata\Tests\Component\Basket\BasketTest" file="/Users/ronan/Sites/sandbox/vendor/sonata-project/ecommerce/tests/Component/Basket/BasketTest.php" line="238" assertions="32" time="0.095225"/>
      <testcase name="testGetElementRaisesException" class="Sonata\Tests\Component\Basket\BasketTest" file="/Users/ronan/Sites/sandbox/vendor/sonata-project/ecommerce/tests/Component/Basket/BasketTest.php" line="330" assertions="2" time="0.000685"/>
      <testcase name="testHasRecurrentPayment" class="Sonata\Tests\Component\Basket\BasketTest" file="/Users/ronan/Sites/sandbox/vendor/sonata-project/ecommerce/tests/Component/Basket/BasketTest.php" line="336" assertions="4" time="0.027911"/>
      <testcase name="testHasProduct" class="Sonata\Tests\Component\Basket\BasketTest" file="/Users/ronan/Sites/sandbox/vendor/sonata-project/ecommerce/tests/Component/Basket/BasketTest.php" line="353" assertions="7" time="0.032275"/>
      <testcase name="testBuildPrices" class="Sonata\Tests\Component\Basket\BasketTest" file="/Users/ronan/Sites/sandbox/vendor/sonata-project/ecommerce/tests/Component/Basket/BasketTest.php" line="377" assertions="5" time="0.007794"/>
      <testcase name="testClean" class="Sonata\Tests\Component\Basket\BasketTest" file="/Users/ronan/Sites/sandbox/vendor/sonata-project/ecommerce/tests/Component/Basket/BasketTest.php" line="392" assertions="5" time="0.027043"/>
      <testcase name="testGettersSetters" class="Sonata\Tests\Component\Basket\BasketTest" file="/Users/ronan/Sites/sandbox/vendor/sonata-project/ecommerce/tests/Component/Basket/BasketTest.php" line="413" assertions="17" time="0.021083"/>
    </testsuite>
    <testsuite name="Sonata\Tests\Component\Basket\LoaderTest" file="/Users/ronan/Sites/sandbox/vendor/sonata-project/ecommerce/tests/Component/Basket/LoaderTest.php" namespace="Sonata\Tests\Component\Basket" fullPackage="Sonata.Tests.Component.Basket" tests="2" assertions="6" failures="0" errors="0" time="0.037651">
      <testcase name="testLoadBasket" class="Sonata\Tests\Component\Basket\LoaderTest" file="/Users/ronan/Sites/sandbox/vendor/sonata-project/ecommerce/tests/Component/Basket/LoaderTest.php" line="21" assertions="3" time="0.035657"/>
      <testcase name="testExceptionLoadBasket" class="Sonata\Tests\Component\Basket\LoaderTest" file="/Users/ronan/Sites/sandbox/vendor/sonata-project/ecommerce/tests/Component/Basket/LoaderTest.php" line="39" assertions="3" time="0.001994"/>
    </testsuite>
    <testsuite name="Sonata\Test\Component\Currency\Types\CurrencyDataTransformerTest" file="/Users/ronan/Sites/sandbox/vendor/sonata-project/ecommerce/tests/Component/Currency/CurrencyDataTransformerTest.php" namespace="Sonata\Test\Component\Currency\Types" fullPackage="Sonata" package="Sonata" tests="2" assertions="5" failures="0" errors="0" time="0.002163">
      <testcase name="testTransform" class="Sonata\Test\Component\Currency\Types\CurrencyDataTransformerTest" file="/Users/ronan/Sites/sandbox/vendor/sonata-project/ecommerce/tests/Component/Currency/CurrencyDataTransformerTest.php" line="35" assertions="2" time="0.001103"/>
      <testcase name="testReverseTransform" class="Sonata\Test\Component\Currency\Types\CurrencyDataTransformerTest" file="/Users/ronan/Sites/sandbox/vendor/sonata-project/ecommerce/tests/Component/Currency/CurrencyDataTransformerTest.php" line="44" assertions="3" time="0.001060"/>
    </testsuite>
    <testsuite name="Sonata\Tests\Component\Currency\CurrencyDetectorTest" file="/Users/ronan/Sites/sandbox/vendor/sonata-project/ecommerce/tests/Component/Currency/CurrencyDetectorTest.php" namespace="Sonata\Tests\Component\Currency" fullPackage="Sonata.Tests.Component.Currency" tests="2" assertions="7" failures="0" errors="0" time="0.003130">
      <testcase name="testConstruct" class="Sonata\Tests\Component\Currency\CurrencyDetectorTest" file="/Users/ronan/Sites/sandbox/vendor/sonata-project/ecommerce/tests/Component/Currency/CurrencyDetectorTest.php" line="67" assertions="4" time="0.002275"/>
      <testcase name="testGetCurrency" class="Sonata\Tests\Component\Currency\CurrencyDetectorTest" file="/Users/ronan/Sites/sandbox/vendor/sonata-project/ecommerce/tests/Component/Currency/CurrencyDetectorTest.php" line="85" assertions="3" time="0.000855"/>
    </testsuite>
    <testsuite name="Sonata\Test\Component\Currency\Types\CurrencyDoctrineTypeTest" file="/Users/ronan/Sites/sandbox/vendor/sonata-project/ecommerce/tests/Component/Currency/CurrencyDoctrineTypeTest.php" namespace="Sonata\Test\Component\Currency\Types" fullPackage="Sonata.Test.Component.Currency.Types" tests="7" assertions="9" failures="0" errors="0" time="0.010155">
      <testcase name="testGetName" class="Sonata\Test\Component\Currency\Types\CurrencyDoctrineTypeTest" file="/Users/ronan/Sites/sandbox/vendor/sonata-project/ecommerce/tests/Component/Currency/CurrencyDoctrineTypeTest.php" line="30" assertions="1" time="0.001160"/>
      <testcase name="testConvertToDatabaseValue" class="Sonata\Test\Component\Currency\Types\CurrencyDoctrineTypeTest" file="/Users/ronan/Sites/sandbox/vendor/sonata-project/ecommerce/tests/Component/Currency/CurrencyDoctrineTypeTest.php" line="35" assertions="1" time="0.000234"/>
      <testcase name="testConvertToDatabaseValueException" class="Sonata\Test\Component\Currency\Types\CurrencyDoctrineTypeTest" file="/Users/ronan/Sites/sandbox/vendor/sonata-project/ecommerce/tests/Component/Currency/CurrencyDoctrineTypeTest.php" line="52" assertions="2" time="0.000424"/>
      <testcase name="testConvertToPHPValue" class="Sonata\Test\Component\Currency\Types\CurrencyDoctrineTypeTest" file="/Users/ronan/Sites/sandbox/vendor/sonata-project/ecommerce/tests/Component/Currency/CurrencyDoctrineTypeTest.php" line="58" assertions="1" time="0.006073"/>
      <testcase name="testConvertToPHPValueException" class="Sonata\Test\Component\Currency\Types\CurrencyDoctrineTypeTest" file="/Users/ronan/Sites/sandbox/vendor/sonata-project/ecommerce/tests/Component/Currency/CurrencyDoctrineTypeTest.php" line="75" assertions="2" time="0.001886"/>
      <testcase name="testGetDefaultLength" class="Sonata\Test\Component\Currency\Types\CurrencyDoctrineTypeTest" file="/Users/ronan/Sites/sandbox/vendor/sonata-project/ecommerce/tests/Component/Currency/CurrencyDoctrineTypeTest.php" line="81" assertions="1" time="0.000193"/>
      <testcase name="testGetSQLDeclaration" class="Sonata\Test\Component\Currency\Types\CurrencyDoctrineTypeTest" file="/Users/ronan/Sites/sandbox/vendor/sonata-project/ecommerce/tests/Component/Currency/CurrencyDoctrineTypeTest.php" line="91" assertions="1" time="0.000185"/>
    </testsuite>
    <testsuite name="Sonata\Test\Component\Currency\Types\CurrencyFormTypeTest" file="/Users/ronan/Sites/sandbox/vendor/sonata-project/ecommerce/tests/Component/Currency/CurrencyFormTypeTest.php" namespace="Sonata\Test\Component\Currency\Types" fullPackage="Sonata" package="Sonata" tests="3" assertions="3" failures="0" errors="0" time="0.001868">
      <testcase name="testBuildForm" class="Sonata\Test\Component\Currency\Types\CurrencyFormTypeTest" file="/Users/ronan/Sites/sandbox/vendor/sonata-project/ecommerce/tests/Component/Currency/CurrencyFormTypeTest.php" line="35" assertions="1" time="0.001393"/>
      <testcase name="testGetParent" class="Sonata\Test\Component\Currency\Types\CurrencyFormTypeTest" file="/Users/ronan/Sites/sandbox/vendor/sonata-project/ecommerce/tests/Component/Currency/CurrencyFormTypeTest.php" line="44" assertions="1" time="0.000239"/>
      <testcase name="testGetName" class="Sonata\Test\Component\Currency\Types\CurrencyFormTypeTest" file="/Users/ronan/Sites/sandbox/vendor/sonata-project/ecommerce/tests/Component/Currency/CurrencyFormTypeTest.php" line="49" assertions="1" time="0.000236"/>
    </testsuite>
    <testsuite name="Sonata\Tests\Component\Currency\CurrencyManagerTest" file="/Users/ronan/Sites/sandbox/vendor/sonata-project/ecommerce/tests/Component/Currency/CurrencyManagerTest.php" namespace="Sonata\Tests\Component\Currency" fullPackage="Sonata.Tests.Component.Currency" tests="1" assertions="1" failures="0" errors="0" time="0.000399">
      <testcase name="testFindOneByLabel" class="Sonata\Tests\Component\Currency\CurrencyManagerTest" file="/Users/ronan/Sites/sandbox/vendor/sonata-project/ecommerce/tests/Component/Currency/CurrencyManagerTest.php" line="23" assertions="1" time="0.000399"/>
    </testsuite>
    <testsuite name="Sonata\Test\Component\Currency\Types\CurrencyPriceCalculatorTest" file="/Users/ronan/Sites/sandbox/vendor/sonata-project/ecommerce/tests/Component/Currency/CurrencyPriceCalculatorTest.php" namespace="Sonata\Test\Component\Currency\Types" fullPackage="Sonata" package="Sonata" tests="1" assertions="2" failures="0" errors="0" time="0.000648">
      <testcase name="testGetPrice" class="Sonata\Test\Component\Currency\Types\CurrencyPriceCalculatorTest" file="/Users/ronan/Sites/sandbox/vendor/sonata-project/ecommerce/tests/Component/Currency/CurrencyPriceCalculatorTest.php" line="25" assertions="2" time="0.000648"/>
    </testsuite>
    <testsuite name="Sonata\Test\Component\Currency\Types\CurrencyTest" file="/Users/ronan/Sites/sandbox/vendor/sonata-project/ecommerce/tests/Component/Currency/CurrencyTest.php" namespace="Sonata\Test\Component\Currency\Types" fullPackage="Sonata" package="Sonata" tests="2" assertions="5" failures="0" errors="0" time="0.000399">
      <testcase name="testGettersSetters" class="Sonata\Test\Component\Currency\Types\CurrencyTest" file="/Users/ronan/Sites/sandbox/vendor/sonata-project/ecommerce/tests/Component/Currency/CurrencyTest.php" line="24" assertions="2" time="0.000230"/>
      <testcase name="testEquals" class="Sonata\Test\Component\Currency\Types\CurrencyTest" file="/Users/ronan/Sites/sandbox/vendor/sonata-project/ecommerce/tests/Component/Currency/CurrencyTest.php" line="33" assertions="3" time="0.000169"/>
    </testsuite>
    <testsuite name="Sonata\Tests\Component\Customer\CustomerSelectorTest" file="/Users/ronan/Sites/sandbox/vendor/sonata-project/ecommerce/tests/Component/Customer/CustomerSelectorTest.php" namespace="Sonata\Tests\Component\Customer" fullPackage="Sonata.Tests.Component.Customer" tests="5" assertions="25" failures="0" errors="0" time="0.014272">
      <testcase name="testUserNotConnected" class="Sonata\Tests\Component\Customer\CustomerSelectorTest" file="/Users/ronan/Sites/sandbox/vendor/sonata-project/ecommerce/tests/Component/Customer/CustomerSelectorTest.php" line="35" assertions="4" time="0.004497"/>
      <testcase name="testInvalidUserType" class="Sonata\Tests\Component\Customer\CustomerSelectorTest" file="/Users/ronan/Sites/sandbox/vendor/sonata-project/ecommerce/tests/Component/Customer/CustomerSelectorTest.php" line="60" assertions="5" time="0.003560"/>
      <testcase name="testExistingCustomer" class="Sonata\Tests\Component\Customer\CustomerSelectorTest" file="/Users/ronan/Sites/sandbox/vendor/sonata-project/ecommerce/tests/Component/Customer/CustomerSelectorTest.php" line="81" assertions="5" time="0.001574"/>
      <testcase name="testNonExistingCustomerNonInSession" class="Sonata\Tests\Component\Customer\CustomerSelectorTest" file="/Users/ronan/Sites/sandbox/vendor/sonata-project/ecommerce/tests/Component/Customer/CustomerSelectorTest.php" line="109" assertions="5" time="0.002547"/>
      <testcase name="testNonExistingCustomerInSession" class="Sonata\Tests\Component\Customer\CustomerSelectorTest" file="/Users/ronan/Sites/sandbox/vendor/sonata-project/ecommerce/tests/Component/Customer/CustomerSelectorTest.php" line="138" assertions="6" time="0.002094"/>
    </testsuite>
    <testsuite name="Sonata\Tests\Component\Delivery\BaseDeliveryTest" file="/Users/ronan/Sites/sandbox/vendor/sonata-project/ecommerce/tests/Component/Delivery/BaseDeliveryTest.php" namespace="Sonata\Tests\Component\Delivery" fullPackage="Sonata.Tests.Component.Delivery" tests="1" assertions="6" failures="0" errors="0" time="0.000908">
      <testcase name="testArrayDelivery" class="Sonata\Tests\Component\Delivery\BaseDeliveryTest" file="/Users/ronan/Sites/sandbox/vendor/sonata-project/ecommerce/tests/Component/Delivery/BaseDeliveryTest.php" line="21" assertions="6" time="0.000908"/>
    </testsuite>
    <testsuite name="Sonata\Tests\Component\Delivery\FreeDeliveryTest" file="/Users/ronan/Sites/sandbox/vendor/sonata-project/ecommerce/tests/Component/Delivery/FreeDeliveryTest.php" namespace="Sonata\Tests\Component\Delivery" fullPackage="Sonata" package="Sonata" tests="3" assertions="5" failures="0" errors="0" time="0.000764">
      <testcase name="testConstruct" class="Sonata\Tests\Component\Delivery\FreeDeliveryTest" file="/Users/ronan/Sites/sandbox/vendor/sonata-project/ecommerce/tests/Component/Delivery/FreeDeliveryTest.php" line="24" assertions="2" time="0.000379"/>
      <testcase name="testPriceIsNull" class="Sonata\Tests\Component\Delivery\FreeDeliveryTest" file="/Users/ronan/Sites/sandbox/vendor/sonata-project/ecommerce/tests/Component/Delivery/FreeDeliveryTest.php" line="33" assertions="2" time="0.000221"/>
      <testcase name="testGetName" class="Sonata\Tests\Component\Delivery\FreeDeliveryTest" file="/Users/ronan/Sites/sandbox/vendor/sonata-project/ecommerce/tests/Component/Delivery/FreeDeliveryTest.php" line="40" assertions="1" time="0.000164"/>
    </testsuite>
    <testsuite name="Sonata\Tests\Component\Delivery\SelectorTest" file="/Users/ronan/Sites/sandbox/vendor/sonata-project/ecommerce/tests/Component/Delivery/SelectorTest.php" namespace="Sonata\Tests\Component\Delivery" fullPackage="Sonata.Tests.Component.Delivery" tests="11" assertions="56" failures="0" errors="0" time="0.074431">
      <testcase name="testEmptyBasket" class="Sonata\Tests\Component\Delivery\SelectorTest" file="/Users/ronan/Sites/sandbox/vendor/sonata-project/ecommerce/tests/Component/Delivery/SelectorTest.php" line="21" assertions="1" time="0.000603"/>
      <testcase name="testNonExistentProduct" class="Sonata\Tests\Component\Delivery\SelectorTest" file="/Users/ronan/Sites/sandbox/vendor/sonata-project/ecommerce/tests/Component/Delivery/SelectorTest.php" line="30" assertions="2" time="0.000499"/>
      <testcase name="testGetAvailableMethodsWithoutBasket" class="Sonata\Tests\Component\Delivery\SelectorTest" file="/Users/ronan/Sites/sandbox/vendor/sonata-project/ecommerce/tests/Component/Delivery/SelectorTest.php" line="49" assertions="1" time="0.000139"/>
      <testcase name="testGetAvailableMethodsWithEmptyBasket" class="Sonata\Tests\Component\Delivery\SelectorTest" file="/Users/ronan/Sites/sandbox/vendor/sonata-project/ecommerce/tests/Component/Delivery/SelectorTest.php" line="61" assertions="2" time="0.009344"/>
      <testcase name="testGetAvailableMethodsWithFilledBasket" class="Sonata\Tests\Component\Delivery\SelectorTest" file="/Users/ronan/Sites/sandbox/vendor/sonata-project/ecommerce/tests/Component/Delivery/SelectorTest.php" line="75" assertions="4" time="0.019787"/>
      <testcase name="testGetAvailableMethodsWithRequiredAddressDelivery" class="Sonata\Tests\Component\Delivery\SelectorTest" file="/Users/ronan/Sites/sandbox/vendor/sonata-project/ecommerce/tests/Component/Delivery/SelectorTest.php" line="95" assertions="7" time="0.013879"/>
      <testcase name="testGetAvailableMethodsWithDisabledDelivery" class="Sonata\Tests\Component\Delivery\SelectorTest" file="/Users/ronan/Sites/sandbox/vendor/sonata-project/ecommerce/tests/Component/Delivery/SelectorTest.php" line="124" assertions="7" time="0.001830"/>
      <testcase name="testGetAvailableMethodsWithUndefinedCode" class="Sonata\Tests\Component\Delivery\SelectorTest" file="/Users/ronan/Sites/sandbox/vendor/sonata-project/ecommerce/tests/Component/Delivery/SelectorTest.php" line="152" assertions="6" time="0.001445"/>
      <testcase name="testGetAvailableMethodsWithUncoveredCountry" class="Sonata\Tests\Component\Delivery\SelectorTest" file="/Users/ronan/Sites/sandbox/vendor/sonata-project/ecommerce/tests/Component/Delivery/SelectorTest.php" line="177" assertions="8" time="0.011611"/>
      <testcase name="testGetAvailableMethodsWithAlreadySelectedCode" class="Sonata\Tests\Component\Delivery\SelectorTest" file="/Users/ronan/Sites/sandbox/vendor/sonata-project/ecommerce/tests/Component/Delivery/SelectorTest.php" line="210" assertions="8" time="0.007910"/>
      <testcase name="testAvailableMethods" class="Sonata\Tests\Component\Delivery\SelectorTest" file="/Users/ronan/Sites/sandbox/vendor/sonata-project/ecommerce/tests/Component/Delivery/SelectorTest.php" line="239" assertions="10" time="0.007384"/>
    </testsuite>
    <testsuite name="Sonata\Tests\Component\Delivery\ServiceDeliveryTest" file="/Users/ronan/Sites/sandbox/vendor/sonata-project/ecommerce/tests/Component/Delivery/ServiceDeliveryTest.php" namespace="Sonata\Tests\Component\Delivery" fullPackage="Sonata.Tests.Component.Delivery" tests="3" assertions="7" failures="0" errors="0" time="0.002005">
      <testcase name="testPool" class="Sonata\Tests\Component\Delivery\ServiceDeliveryTest" file="/Users/ronan/Sites/sandbox/vendor/sonata-project/ecommerce/tests/Component/Delivery/ServiceDeliveryTest.php" line="22" assertions="2" time="0.000295"/>
      <testcase name="testGetStatusList" class="Sonata\Tests\Component\Delivery\ServiceDeliveryTest" file="/Users/ronan/Sites/sandbox/vendor/sonata-project/ecommerce/tests/Component/Delivery/ServiceDeliveryTest.php" line="45" assertions="2" time="0.001406"/>
      <testcase name="testGetOption" class="Sonata\Tests\Component\Delivery\ServiceDeliveryTest" file="/Users/ronan/Sites/sandbox/vendor/sonata-project/ecommerce/tests/Component/Delivery/ServiceDeliveryTest.php" line="59" assertions="3" time="0.000304"/>
    </testsuite>
    <testsuite name="Sonata\Tests\Component\Form\BasketValidatorTest" file="/Users/ronan/Sites/sandbox/vendor/sonata-project/ecommerce/tests/Component/Form/BasketValidatorTest.php" namespace="Sonata\Tests\Component\Form" fullPackage="Sonata" package="Sonata" tests="1" assertions="4" failures="0" errors="0" time="0.050935">
      <testcase name="testValidate" class="Sonata\Tests\Component\Form\BasketValidatorTest" file="/Users/ronan/Sites/sandbox/vendor/sonata-project/ecommerce/tests/Component/Form/BasketValidatorTest.php" line="25" assertions="4" time="0.050935"/>
    </testsuite>
    <testsuite name="Sonata\Tests\Component\Form\EventListener\BasketResizeFormListenerTest" file="/Users/ronan/Sites/sandbox/vendor/sonata-project/ecommerce/tests/Component/Form/EventListener/BasketResizeFormListenerTest.php" namespace="Sonata\Tests\Component\Form\EventListener" fullPackage="Sonata" package="Sonata" tests="5" assertions="19" failures="0" errors="0" time="0.012587">
      <testcase name="testGetSubscribedEvents" class="Sonata\Tests\Component\Form\EventListener\BasketResizeFormListenerTest" file="/Users/ronan/Sites/sandbox/vendor/sonata-project/ecommerce/tests/Component/Form/EventListener/BasketResizeFormListenerTest.php" line="26" assertions="1" time="0.002080"/>
      <testcase name="testPreSetData" class="Sonata\Tests\Component\Form\EventListener\BasketResizeFormListenerTest" file="/Users/ronan/Sites/sandbox/vendor/sonata-project/ecommerce/tests/Component/Form/EventListener/BasketResizeFormListenerTest.php" line="36" assertions="5" time="0.005801"/>
      <testcase name="testPreBind" class="Sonata\Tests\Component\Form\EventListener\BasketResizeFormListenerTest" file="/Users/ronan/Sites/sandbox/vendor/sonata-project/ecommerce/tests/Component/Form/EventListener/BasketResizeFormListenerTest.php" line="52" assertions="6" time="0.002289"/>
      <testcase name="testPreBindEmpty" class="Sonata\Tests\Component\Form\EventListener\BasketResizeFormListenerTest" file="/Users/ronan/Sites/sandbox/vendor/sonata-project/ecommerce/tests/Component/Form/EventListener/BasketResizeFormListenerTest.php" line="70" assertions="3" time="0.000913"/>
      <testcase name="testPreBindException" class="Sonata\Tests\Component\Form\EventListener\BasketResizeFormListenerTest" file="/Users/ronan/Sites/sandbox/vendor/sonata-project/ecommerce/tests/Component/Form/EventListener/BasketResizeFormListenerTest.php" line="91" assertions="4" time="0.001504"/>
    </testsuite>
    <testsuite name="Sonata\Tests\Component\Form\Transformer\DeliveryMethodTransformerTest" file="/Users/ronan/Sites/sandbox/vendor/sonata-project/ecommerce/tests/Component/Form/Transformer/DeliveryMethodTransformerTest.php" namespace="Sonata\Tests\Component\Form\Transformer" fullPackage="Sonata" package="Sonata" tests="2" assertions="4" failures="0" errors="0" time="0.001150">
      <testcase name="testTransform" class="Sonata\Tests\Component\Form\Transformer\DeliveryMethodTransformerTest" file="/Users/ronan/Sites/sandbox/vendor/sonata-project/ecommerce/tests/Component/Form/Transformer/DeliveryMethodTransformerTest.php" line="25" assertions="2" time="0.000789"/>
      <testcase name="testReverseTransform" class="Sonata\Tests\Component\Form\Transformer\DeliveryMethodTransformerTest" file="/Users/ronan/Sites/sandbox/vendor/sonata-project/ecommerce/tests/Component/Form/Transformer/DeliveryMethodTransformerTest.php" line="37" assertions="2" time="0.000361"/>
    </testsuite>
    <testsuite name="Sonata\Tests\Component\Form\Transformer\PaymentMethodTransformerTest" file="/Users/ronan/Sites/sandbox/vendor/sonata-project/ecommerce/tests/Component/Form/Transformer/PaymentMethodTransformerTest.php" namespace="Sonata\Tests\Component\Form\Transformer" fullPackage="Sonata" package="Sonata" tests="2" assertions="4" failures="0" errors="0" time="0.004061">
      <testcase name="testTransform" class="Sonata\Tests\Component\Form\Transformer\PaymentMethodTransformerTest" file="/Users/ronan/Sites/sandbox/vendor/sonata-project/ecommerce/tests/Component/Form/Transformer/PaymentMethodTransformerTest.php" line="25" assertions="2" time="0.003655"/>
      <testcase name="testReverseTransform" class="Sonata\Tests\Component\Form\Transformer\PaymentMethodTransformerTest" file="/Users/ronan/Sites/sandbox/vendor/sonata-project/ecommerce/tests/Component/Form/Transformer/PaymentMethodTransformerTest.php" line="37" assertions="2" time="0.000406"/>
    </testsuite>
    <testsuite name="Sonata\Test\Component\Generator\MustacheTest" file="/Users/ronan/Sites/sandbox/vendor/sonata-project/ecommerce/tests/Component/Generator/MustacheTest.php" namespace="Sonata\Test\Component\Generator" fullPackage="Sonata" package="Sonata" tests="1" assertions="1" failures="0" errors="0" time="0.000723">
      <testcase name="testRenderString" class="Sonata\Test\Component\Generator\MustacheTest" file="/Users/ronan/Sites/sandbox/vendor/sonata-project/ecommerce/tests/Component/Generator/MustacheTest.php" line="24" assertions="1" time="0.000723"/>
    </testsuite>
    <testsuite name="Sonata\Test\Component\Generator\MysqlReferenceTest" file="/Users/ronan/Sites/sandbox/vendor/sonata-project/ecommerce/tests/Component/Generator/MysqlReferenceTest.php" namespace="Sonata\Test\Component\Generator" fullPackage="Sonata" package="Sonata" tests="2" assertions="10" failures="0" errors="0" time="0.060407">
      <testcase name="testInvoice" class="Sonata\Test\Component\Generator\MysqlReferenceTest" file="/Users/ronan/Sites/sandbox/vendor/sonata-project/ecommerce/tests/Component/Generator/MysqlReferenceTest.php" line="81" assertions="5" time="0.056686"/>
      <testcase name="testOrder" class="Sonata\Test\Component\Generator\MysqlReferenceTest" file="/Users/ronan/Sites/sandbox/vendor/sonata-project/ecommerce/tests/Component/Generator/MysqlReferenceTest.php" line="102" assertions="5" time="0.003721"/>
    </testsuite>
    <testsuite name="Sonata\Tests\Component\Invoice\InvoiceStatusRendererTest" file="/Users/ronan/Sites/sandbox/vendor/sonata-project/ecommerce/tests/Component/Invoice/InvoiceStatusRendererTest.php" namespace="Sonata\Tests\Component\Invoice" fullPackage="Sonata" package="Sonata" tests="2" assertions="4" failures="0" errors="0" time="0.009025">
      <testcase name="testHandles" class="Sonata\Tests\Component\Invoice\InvoiceStatusRendererTest" file="/Users/ronan/Sites/sandbox/vendor/sonata-project/ecommerce/tests/Component/Invoice/InvoiceStatusRendererTest.php" line="26" assertions="2" time="0.008354"/>
      <testcase name="testGetClass" class="Sonata\Tests\Component\Invoice\InvoiceStatusRendererTest" file="/Users/ronan/Sites/sandbox/vendor/sonata-project/ecommerce/tests/Component/Invoice/InvoiceStatusRendererTest.php" line="37" assertions="2" time="0.000671"/>
    </testsuite>
    <testsuite name="Sonata\Tests\Component\Order\OrderStatusRendererTest" file="/Users/ronan/Sites/sandbox/vendor/sonata-project/ecommerce/tests/Component/Order/OrderStatusRendererTest.php" namespace="Sonata\Tests\Component\Order" fullPackage="Sonata" package="Sonata" tests="3" assertions="12" failures="0" errors="0" time="0.020776">
      <testcase name="testHandles" class="Sonata\Tests\Component\Order\OrderStatusRendererTest" file="/Users/ronan/Sites/sandbox/vendor/sonata-project/ecommerce/tests/Component/Order/OrderStatusRendererTest.php" line="30" assertions="6" time="0.018200"/>
      <testcase name="testGetClass" class="Sonata\Tests\Component\Order\OrderStatusRendererTest" file="/Users/ronan/Sites/sandbox/vendor/sonata-project/ecommerce/tests/Component/Order/OrderStatusRendererTest.php" line="50" assertions="4" time="0.002168"/>
      <testcase name="testGetInvalidClass" class="Sonata\Tests\Component\Order\OrderStatusRendererTest" file="/Users/ronan/Sites/sandbox/vendor/sonata-project/ecommerce/tests/Component/Order/OrderStatusRendererTest.php" line="64" assertions="2" time="0.000408"/>
    </testsuite>
    <testsuite name="Sonata\Tests\Component\Payment\BasePaymentTest" file="/Users/ronan/Sites/sandbox/vendor/sonata-project/ecommerce/tests/Component/Payment/BasePaymentTest.php" namespace="Sonata\Tests\Component\Payment" fullPackage="Sonata.Tests.Component.Payment" tests="2" assertions="5" failures="0" errors="0" time="0.002885">
      <testcase name="testBasePayment" class="Sonata\Tests\Component\Payment\BasePaymentTest" file="/Users/ronan/Sites/sandbox/vendor/sonata-project/ecommerce/tests/Component/Payment/BasePaymentTest.php" line="23" assertions="3" time="0.000276"/>
      <testcase name="testGenerateUrlCheck" class="Sonata\Tests\Component\Payment\BasePaymentTest" file="/Users/ronan/Sites/sandbox/vendor/sonata-project/ecommerce/tests/Component/Payment/BasePaymentTest.php" line="36" assertions="2" time="0.002609"/>
    </testsuite>
    <testsuite name="Sonata\Tests\Component\Payment\CheckPaymentTest" file="/Users/ronan/Sites/sandbox/vendor/sonata-project/ecommerce/tests/Component/Payment/CheckPaymentTest.php" namespace="Sonata\Tests\Component\Payment" fullPackage="Sonata.Tests.Component.Payment" tests="3" assertions="18" failures="0" errors="0" time="0.053294">
      <testcase name="testPassPayment" class="Sonata\Tests\Component\Payment\CheckPaymentTest" file="/Users/ronan/Sites/sandbox/vendor/sonata-project/ecommerce/tests/Component/Payment/CheckPaymentTest.php" line="40" assertions="8" time="0.029933"/>
      <testcase name="testSendbank" class="Sonata\Tests\Component\Payment\CheckPaymentTest" file="/Users/ronan/Sites/sandbox/vendor/sonata-project/ecommerce/tests/Component/Payment/CheckPaymentTest.php" line="77" assertions="6" time="0.020742"/>
      <testcase name="testSendConfirmationReceipt" class="Sonata\Tests\Component\Payment\CheckPaymentTest" file="/Users/ronan/Sites/sandbox/vendor/sonata-project/ecommerce/tests/Component/Payment/CheckPaymentTest.php" line="107" assertions="4" time="0.002619"/>
    </testsuite>
    <testsuite name="Sonata\Tests\Component\Payment\DebugPaymentTest" file="/Users/ronan/Sites/sandbox/vendor/sonata-project/ecommerce/tests/Component/Payment/DebugPaymentTest.php" namespace="Sonata\Tests\Component\Payment" fullPackage="Sonata.Tests.Component.Payment" tests="1" assertions="5" failures="0" errors="0" time="0.003174">
      <testcase name="testDebugPayment" class="Sonata\Tests\Component\Payment\DebugPaymentTest" file="/Users/ronan/Sites/sandbox/vendor/sonata-project/ecommerce/tests/Component/Payment/DebugPaymentTest.php" line="36" assertions="5" time="0.003174"/>
    </testsuite>
    <testsuite name="Sonata\Tests\Component\Payment\Ogone\OgonePaymentTest" file="/Users/ronan/Sites/sandbox/vendor/sonata-project/ecommerce/tests/Component/Payment/Ogone/OgonePaymentTest.php" namespace="Sonata\Tests\Component\Payment\Ogone" fullPackage="Sonata.Tests.Component.Payment.Ogone" tests="8" assertions="24" failures="0" errors="0" time="0.055405">
      <testcase name="testValidPayment" class="Sonata\Tests\Component\Payment\Ogone\OgonePaymentTest" file="/Users/ronan/Sites/sandbox/vendor/sonata-project/ecommerce/tests/Component/Payment/Ogone/OgonePaymentTest.php" line="40" assertions="9" time="0.040832"/>
      <testcase name="testValidSendbankPayment" class="Sonata\Tests\Component\Payment\Ogone\OgonePaymentTest" file="/Users/ronan/Sites/sandbox/vendor/sonata-project/ecommerce/tests/Component/Payment/Ogone/OgonePaymentTest.php" line="92" assertions="2" time="0.002911"/>
      <testsuite name="Sonata\Tests\Component\Payment\Ogone\OgonePaymentTest::testEncodeString" tests="3" assertions="3" failures="0" errors="0" time="0.000942">
        <testcase name="testEncodeString with data set #0" assertions="1" time="0.000319"/>
        <testcase name="testEncodeString with data set #1" assertions="1" time="0.000315"/>
        <testcase name="testEncodeString with data set #2" assertions="1" time="0.000308"/>
      </testsuite>
      <testcase name="testIsCallbackValid" class="Sonata\Tests\Component\Payment\Ogone\OgonePaymentTest" file="/Users/ronan/Sites/sandbox/vendor/sonata-project/ecommerce/tests/Component/Payment/Ogone/OgonePaymentTest.php" line="225" assertions="7" time="0.008919"/>
      <testcase name="testGetOrderReference" class="Sonata\Tests\Component\Payment\Ogone\OgonePaymentTest" file="/Users/ronan/Sites/sandbox/vendor/sonata-project/ecommerce/tests/Component/Payment/Ogone/OgonePaymentTest.php" line="263" assertions="2" time="0.001382"/>
      <testcase name="testApplyTransactionId" class="Sonata\Tests\Component\Payment\Ogone\OgonePaymentTest" file="/Users/ronan/Sites/sandbox/vendor/sonata-project/ecommerce/tests/Component/Payment/Ogone/OgonePaymentTest.php" line="277" assertions="1" time="0.000419"/>
    </testsuite>
    <testsuite name="Sonata\Tests\Component\Payment\PassPaymentTest" file="/Users/ronan/Sites/sandbox/vendor/sonata-project/ecommerce/tests/Component/Payment/PassPaymentTest.php" namespace="Sonata\Tests\Component\Payment" fullPackage="Sonata.Tests.Component.Payment" tests="1" assertions="15" failures="0" errors="0" time="0.013244">
      <testcase name="testPassPayment" class="Sonata\Tests\Component\Payment\PassPaymentTest" file="/Users/ronan/Sites/sandbox/vendor/sonata-project/ecommerce/tests/Component/Payment/PassPaymentTest.php" line="37" assertions="15" time="0.013244"/>
    </testsuite>
    <testsuite name="Sonata\Tests\Component\Payment\PaymentHandlerTest" file="/Users/ronan/Sites/sandbox/vendor/sonata-project/ecommerce/tests/Component/Payment/PaymentHandlerTest.php" namespace="Sonata\Tests\Component\Payment" fullPackage="Sonata" package="Sonata" tests="7" assertions="37" failures="0" errors="0" time="0.095064">
      <testcase name="testHandleError" class="Sonata\Tests\Component\Payment\PaymentHandlerTest" file="/Users/ronan/Sites/sandbox/vendor/sonata-project/ecommerce/tests/Component/Payment/PaymentHandlerTest.php" line="28" assertions="5" time="0.044130"/>
      <testcase name="testHandleErrorInvalidTransactionException" class="Sonata\Tests\Component\Payment\PaymentHandlerTest" file="/Users/ronan/Sites/sandbox/vendor/sonata-project/ecommerce/tests/Component/Payment/PaymentHandlerTest.php" line="78" assertions="4" time="0.003219"/>
      <testcase name="testHandleErrorInvalidTransactionException2" class="Sonata\Tests\Component\Payment\PaymentHandlerTest" file="/Users/ronan/Sites/sandbox/vendor/sonata-project/ecommerce/tests/Component/Payment/PaymentHandlerTest.php" line="116" assertions="7" time="0.005946"/>
      <testcase name="testHandleErrorEntityNotFoundException" class="Sonata\Tests\Component\Payment\PaymentHandlerTest" file="/Users/ronan/Sites/sandbox/vendor/sonata-project/ecommerce/tests/Component/Payment/PaymentHandlerTest.php" line="166" assertions="5" time="0.028134"/>
      <testcase name="testHandleConfirmation" class="Sonata\Tests\Component\Payment\PaymentHandlerTest" file="/Users/ronan/Sites/sandbox/vendor/sonata-project/ecommerce/tests/Component/Payment/PaymentHandlerTest.php" line="204" assertions="5" time="0.004271"/>
      <testcase name="testGetSendbankOrder" class="Sonata\Tests\Component\Payment\PaymentHandlerTest" file="/Users/ronan/Sites/sandbox/vendor/sonata-project/ecommerce/tests/Component/Payment/PaymentHandlerTest.php" line="247" assertions="6" time="0.005165"/>
      <testcase name="testGetPaymentCallbackResponse" class="Sonata\Tests\Component\Payment\PaymentHandlerTest" file="/Users/ronan/Sites/sandbox/vendor/sonata-project/ecommerce/tests/Component/Payment/PaymentHandlerTest.php" line="287" assertions="5" time="0.004199"/>
    </testsuite>
    <testsuite name="Sonata\Tests\Component\Payment\PaypalTest" file="/Users/ronan/Sites/sandbox/vendor/sonata-project/ecommerce/tests/Component/Payment/PaypalTest.php" namespace="Sonata\Tests\Component\Payment" fullPackage="Sonata" package="Sonata" tests="3" assertions="22" failures="0" errors="0" time="0.071565">
      <testcase name="testSendbank" class="Sonata\Tests\Component\Payment\PaypalTest" file="/Users/ronan/Sites/sandbox/vendor/sonata-project/ecommerce/tests/Component/Payment/PaypalTest.php" line="26" assertions="3" time="0.020881"/>
      <testcase name="testIsCallbackValid" class="Sonata\Tests\Component\Payment\PaypalTest" file="/Users/ronan/Sites/sandbox/vendor/sonata-project/ecommerce/tests/Component/Payment/PaypalTest.php" line="49" assertions="13" time="0.027390"/>
      <testcase name="testHandleError" class="Sonata\Tests\Component\Payment\PaypalTest" file="/Users/ronan/Sites/sandbox/vendor/sonata-project/ecommerce/tests/Component/Payment/PaypalTest.php" line="136" assertions="6" time="0.023294"/>
    </testsuite>
    <testsuite name="Sonata\Tests\Component\Payment\PoolTest" file="/Users/ronan/Sites/sandbox/vendor/sonata-project/ecommerce/tests/Component/Payment/PoolTest.php" namespace="Sonata\Tests\Component\Payment" fullPackage="Sonata.Tests.Component.Payment" tests="2" assertions="4" failures="0" errors="0" time="0.001381">
      <testcase name="testPool" class="Sonata\Tests\Component\Payment\PoolTest" file="/Users/ronan/Sites/sandbox/vendor/sonata-project/ecommerce/tests/Component/Payment/PoolTest.php" line="19" assertions="2" time="0.001000"/>
      <testcase name="testAddMethodError" class="Sonata\Tests\Component\Payment\PoolTest" file="/Users/ronan/Sites/sandbox/vendor/sonata-project/ecommerce/tests/Component/Payment/PoolTest.php" line="48" assertions="2" time="0.000381"/>
    </testsuite>
    <testsuite name="Sonata\Tests\Component\Payment\Scellius\NodeScelliusTransactionGeneratorTest" file="/Users/ronan/Sites/sandbox/vendor/sonata-project/ecommerce/tests/Component/Payment/Scellius/NodeScelliusTransactionGeneratorTest.php" namespace="Sonata\Tests\Component\Payment\Scellius" fullPackage="Sonata.Tests.Component.Payment.Scellius" tests="1" assertions="2" failures="0" errors="0" time="0.001289">
      <testcase name="testGenerator" class="Sonata\Tests\Component\Payment\Scellius\NodeScelliusTransactionGeneratorTest" file="/Users/ronan/Sites/sandbox/vendor/sonata-project/ecommerce/tests/Component/Payment/Scellius/NodeScelliusTransactionGeneratorTest.php" line="20" assertions="2" time="0.001289"/>
    </testsuite>
    <testsuite name="Sonata\Tests\Component\Payment\Scellius\OrderScelliusTransactionGeneratorTest" file="/Users/ronan/Sites/sandbox/vendor/sonata-project/ecommerce/tests/Component/Payment/Scellius/OrderScelliusTransactionGeneratorTest.php" namespace="Sonata\Tests\Component\Payment\Scellius" fullPackage="Sonata.Tests.Component.Payment.Scellius" tests="2" assertions="4" failures="0" errors="0" time="0.001432">
      <testcase name="testGenerator" class="Sonata\Tests\Component\Payment\Scellius\OrderScelliusTransactionGeneratorTest" file="/Users/ronan/Sites/sandbox/vendor/sonata-project/ecommerce/tests/Component/Payment/Scellius/OrderScelliusTransactionGeneratorTest.php" line="20" assertions="2" time="0.000972"/>
      <testcase name="testInvalidReferenceLength" class="Sonata\Tests\Component\Payment\Scellius\OrderScelliusTransactionGeneratorTest" file="/Users/ronan/Sites/sandbox/vendor/sonata-project/ecommerce/tests/Component/Payment/Scellius/OrderScelliusTransactionGeneratorTest.php" line="32" assertions="2" time="0.000460"/>
    </testsuite>
    <testsuite name="Sonata\Tests\Component\Payment\Scellius\ScelliusPaymentTest" file="/Users/ronan/Sites/sandbox/vendor/sonata-project/ecommerce/tests/Component/Payment/Scellius/ScelliusPaymentTest.php" namespace="Sonata\Tests\Component\Payment\Scellius" fullPackage="Sonata.Tests.Component.Payment.Scellius" tests="10" assertions="30" failures="0" errors="0" time="0.200366">
      <testcase name="testValidPayment" class="Sonata\Tests\Component\Payment\Scellius\ScelliusPaymentTest" file="/Users/ronan/Sites/sandbox/vendor/sonata-project/ecommerce/tests/Component/Payment/Scellius/ScelliusPaymentTest.php" line="55" assertions="8" time="0.099367"/>
      <testcase name="testSendConfirmationReceipt" class="Sonata\Tests\Component\Payment\Scellius\ScelliusPaymentTest" file="/Users/ronan/Sites/sandbox/vendor/sonata-project/ecommerce/tests/Component/Payment/Scellius/ScelliusPaymentTest.php" line="109" assertions="5" time="0.048537"/>
      <testcase name="testIsCallbackValid" class="Sonata\Tests\Component\Payment\Scellius\ScelliusPaymentTest" file="/Users/ronan/Sites/sandbox/vendor/sonata-project/ecommerce/tests/Component/Payment/Scellius/ScelliusPaymentTest.php" line="151" assertions="7" time="0.009009"/>
      <testcase name="testGetOrderReference" class="Sonata\Tests\Component\Payment\Scellius\ScelliusPaymentTest" file="/Users/ronan/Sites/sandbox/vendor/sonata-project/ecommerce/tests/Component/Payment/Scellius/ScelliusPaymentTest.php" line="190" assertions="2" time="0.000555"/>
      <testcase name="testApplyTransactionId" class="Sonata\Tests\Component\Payment\Scellius\ScelliusPaymentTest" file="/Users/ronan/Sites/sandbox/vendor/sonata-project/ecommerce/tests/Component/Payment/Scellius/ScelliusPaymentTest.php" line="205" assertions="1" time="0.000487"/>
      <testcase name="testInvalidCurrencySendbankPayment" class="Sonata\Tests\Component\Payment\Scellius\ScelliusPaymentTest" file="/Users/ronan/Sites/sandbox/vendor/sonata-project/ecommerce/tests/Component/Payment/Scellius/ScelliusPaymentTest.php" line="223" assertions="1" time="0.001225"/>
      <testcase name="testValidSendbankPayment" class="Sonata\Tests\Component\Payment\Scellius\ScelliusPaymentTest" file="/Users/ronan/Sites/sandbox/vendor/sonata-project/ecommerce/tests/Component/Payment/Scellius/ScelliusPaymentTest.php" line="251" assertions="3" time="0.038997"/>
      <testsuite name="Sonata\Tests\Component\Payment\Scellius\ScelliusPaymentTest::testEncodeString" tests="3" assertions="3" failures="0" errors="0" time="0.002190">
        <testcase name="testEncodeString with data set #0" assertions="1" time="0.000845"/>
        <testcase name="testEncodeString with data set #1" assertions="1" time="0.000772"/>
        <testcase name="testEncodeString with data set #2" assertions="1" time="0.000573"/>
      </testsuite>
    </testsuite>
    <testsuite name="Sonata\Tests\Component\Payment\SelectorTest" file="/Users/ronan/Sites/sandbox/vendor/sonata-project/ecommerce/tests/Component/Payment/SelectorTest.php" namespace="Sonata\Tests\Component\Payment" fullPackage="Sonata" package="Sonata" tests="2" assertions="6" failures="0" errors="0" time="0.030248">
      <testcase name="testGetPaymentPool" class="Sonata\Tests\Component\Payment\SelectorTest" file="/Users/ronan/Sites/sandbox/vendor/sonata-project/ecommerce/tests/Component/Payment/SelectorTest.php" line="34" assertions="3" time="0.028172"/>
      <testcase name="testGetPaymentException" class="Sonata\Tests\Component\Payment\SelectorTest" file="/Users/ronan/Sites/sandbox/vendor/sonata-project/ecommerce/tests/Component/Payment/SelectorTest.php" line="54" assertions="3" time="0.002076"/>
    </testsuite>
    <testsuite name="Sonata\Tests\Component\Product\BaseProductServiceTest" file="/Users/ronan/Sites/sandbox/vendor/sonata-project/ecommerce/tests/Component/Product/BaseProductServiceTest.php" namespace="Sonata\Tests\Component\Product" fullPackage="Sonata.Tests.Component.Product" tests="11" assertions="100" failures="0" errors="0" time="0.045499">
      <testcase name="testProductSalableStatus" class="Sonata\Tests\Component\Product\BaseProductServiceTest" file="/Users/ronan/Sites/sandbox/vendor/sonata-project/ecommerce/tests/Component/Product/BaseProductServiceTest.php" line="146" assertions="3" time="0.000654"/>
      <testcase name="testOptions" class="Sonata\Tests\Component\Product\BaseProductServiceTest" file="/Users/ronan/Sites/sandbox/vendor/sonata-project/ecommerce/tests/Component/Product/BaseProductServiceTest.php" line="160" assertions="5" time="0.004585"/>
      <testcase name="testOrderElement" class="Sonata\Tests\Component\Product\BaseProductServiceTest" file="/Users/ronan/Sites/sandbox/vendor/sonata-project/ecommerce/tests/Component/Product/BaseProductServiceTest.php" line="171" assertions="7" time="0.007315"/>
      <testcase name="testVariationFields" class="Sonata\Tests\Component\Product\BaseProductServiceTest" file="/Users/ronan/Sites/sandbox/vendor/sonata-project/ecommerce/tests/Component/Product/BaseProductServiceTest.php" line="200" assertions="8" time="0.000732"/>
      <testcase name="testVariationCreation" class="Sonata\Tests\Component\Product\BaseProductServiceTest" file="/Users/ronan/Sites/sandbox/vendor/sonata-project/ecommerce/tests/Component/Product/BaseProductServiceTest.php" line="215" assertions="19" time="0.008144"/>
      <testcase name="testProductDataSynchronization" class="Sonata\Tests\Component\Product\BaseProductServiceTest" file="/Users/ronan/Sites/sandbox/vendor/sonata-project/ecommerce/tests/Component/Product/BaseProductServiceTest.php" line="257" assertions="8" time="0.005064"/>
      <testcase name="testProductCategoriesSynchronization" class="Sonata\Tests\Component\Product\BaseProductServiceTest" file="/Users/ronan/Sites/sandbox/vendor/sonata-project/ecommerce/tests/Component/Product/BaseProductServiceTest.php" line="282" assertions="9" time="0.005062"/>
      <testcase name="testProductCollectionsSynchronization" class="Sonata\Tests\Component\Product\BaseProductServiceTest" file="/Users/ronan/Sites/sandbox/vendor/sonata-project/ecommerce/tests/Component/Product/BaseProductServiceTest.php" line="344" assertions="10" time="0.004972"/>
      <testcase name="testProductPackagesSynchronization" class="Sonata\Tests\Component\Product\BaseProductServiceTest" file="/Users/ronan/Sites/sandbox/vendor/sonata-project/ecommerce/tests/Component/Product/BaseProductServiceTest.php" line="397" assertions="8" time="0.003236"/>
      <testcase name="testProductDeliveriesSynchronization" class="Sonata\Tests\Component\Product\BaseProductServiceTest" file="/Users/ronan/Sites/sandbox/vendor/sonata-project/ecommerce/tests/Component/Product/BaseProductServiceTest.php" line="428" assertions="8" time="0.002106"/>
      <testcase name="testArrayProduct" class="Sonata\Tests\Component\Product\BaseProductServiceTest" file="/Users/ronan/Sites/sandbox/vendor/sonata-project/ecommerce/tests/Component/Product/BaseProductServiceTest.php" line="459" assertions="15" time="0.003629"/>
    </testsuite>
    <testsuite name="Sonata\Tests\Component\Product\ProductFinderTest" file="/Users/ronan/Sites/sandbox/vendor/sonata-project/ecommerce/tests/Component/Product/ProductFinderTest.php" namespace="Sonata\Tests\Component\Product" fullPackage="Sonata" package="Sonata" tests="1" assertions="2" failures="0" errors="0" time="0.000769">
      <testcase name="testGetCrossSellingSimilarProducts" class="Sonata\Tests\Component\Product\ProductFinderTest" file="/Users/ronan/Sites/sandbox/vendor/sonata-project/ecommerce/tests/Component/Product/ProductFinderTest.php" line="24" assertions="2" time="0.000769"/>
    </testsuite>
    <testsuite name="Sonata\Tests\Component\Product\ProductPoolTest" file="/Users/ronan/Sites/sandbox/vendor/sonata-project/ecommerce/tests/Component/Product/ProductPoolTest.php" namespace="Sonata\Tests\Component\Product" fullPackage="Sonata.Tests.Component.Product" tests="1" assertions="9" failures="0" errors="0" time="0.000880">
      <testcase name="testPool" class="Sonata\Tests\Component\Product\ProductPoolTest" file="/Users/ronan/Sites/sandbox/vendor/sonata-project/ecommerce/tests/Component/Product/ProductPoolTest.php" line="19" assertions="9" time="0.000880"/>
    </testsuite>
    <testsuite name="Sonata\Test\Component\Subscriber\ORMInheritanceSubscriberTest" file="/Users/ronan/Sites/sandbox/vendor/sonata-project/ecommerce/tests/Component/Subscriber/ORMInheritanceSubscriberTest.php" namespace="Sonata\Test\Component\Subscriber" fullPackage="Sonata" package="Sonata" tests="2" assertions="4" failures="0" errors="0" time="0.020171">
      <testcase name="testGetSubscribedEvents" class="Sonata\Test\Component\Subscriber\ORMInheritanceSubscriberTest" file="/Users/ronan/Sites/sandbox/vendor/sonata-project/ecommerce/tests/Component/Subscriber/ORMInheritanceSubscriberTest.php" line="24" assertions="1" time="0.000434"/>
      <testcase name="testLoadClassMetadata" class="Sonata\Test\Component\Subscriber\ORMInheritanceSubscriberTest" file="/Users/ronan/Sites/sandbox/vendor/sonata-project/ecommerce/tests/Component/Subscriber/ORMInheritanceSubscriberTest.php" line="30" assertions="3" time="0.019737"/>
    </testsuite>
    <testsuite name="Sonata\Tests\Component\Transformer\BasketTransformerTest" file="/Users/ronan/Sites/sandbox/vendor/sonata-project/ecommerce/tests/Component/Transformer/BasketTransformerTest.php" namespace="Sonata\Tests\Component\Transformer" fullPackage="Sonata.Tests.Component.Transformer" tests="6" assertions="19" failures="0" errors="0" time="0.012418">
      <testcase name="testInvalidCustomer" class="Sonata\Tests\Component\Transformer\BasketTransformerTest" file="/Users/ronan/Sites/sandbox/vendor/sonata-project/ecommerce/tests/Component/Transformer/BasketTransformerTest.php" line="52" assertions="3" time="0.003469"/>
      <testcase name="testInvalidBillingAddress" class="Sonata\Tests\Component\Transformer\BasketTransformerTest" file="/Users/ronan/Sites/sandbox/vendor/sonata-project/ecommerce/tests/Component/Transformer/BasketTransformerTest.php" line="65" assertions="3" time="0.001738"/>
      <testcase name="testInvalidPaymentMethod" class="Sonata\Tests\Component\Transformer\BasketTransformerTest" file="/Users/ronan/Sites/sandbox/vendor/sonata-project/ecommerce/tests/Component/Transformer/BasketTransformerTest.php" line="81" assertions="3" time="0.000971"/>
      <testcase name="testInvalidDeliveryMethod" class="Sonata\Tests\Component\Transformer\BasketTransformerTest" file="/Users/ronan/Sites/sandbox/vendor/sonata-project/ecommerce/tests/Component/Transformer/BasketTransformerTest.php" line="99" assertions="3" time="0.000955"/>
      <testcase name="testInvalidDeliveryAddress" class="Sonata\Tests\Component\Transformer\BasketTransformerTest" file="/Users/ronan/Sites/sandbox/vendor/sonata-project/ecommerce/tests/Component/Transformer/BasketTransformerTest.php" line="119" assertions="4" time="0.001456"/>
      <testcase name="testOrder" class="Sonata\Tests\Component\Transformer\BasketTransformerTest" file="/Users/ronan/Sites/sandbox/vendor/sonata-project/ecommerce/tests/Component/Transformer/BasketTransformerTest.php" line="145" assertions="3" time="0.003829"/>
    </testsuite>
    <testsuite name="InvoiceTransformerTest" file="/Users/ronan/Sites/sandbox/vendor/sonata-project/ecommerce/tests/Component/Transformer/InvoiceTransformerTest.php" tests="1" assertions="3" failures="0" errors="0" time="0.116535">
      <testcase name="testTransformFromOrder" class="InvoiceTransformerTest" file="/Users/ronan/Sites/sandbox/vendor/sonata-project/ecommerce/tests/Component/Transformer/InvoiceTransformerTest.php" line="19" assertions="3" time="0.116535"/>
    </testsuite>
    <testsuite name="Sonata\Tests\Component\Transformer\OrderTransformerTest" file="/Users/ronan/Sites/sandbox/vendor/sonata-project/ecommerce/tests/Component/Transformer/OrderTransformerTest.php" namespace="Sonata\Tests\Component\Transformer" fullPackage="Sonata.Tests.Component.Transformer" tests="1" assertions="7" failures="0" errors="0" time="0.011455">
      <testcase name="testBasket" class="Sonata\Tests\Component\Transformer\OrderTransformerTest" file="/Users/ronan/Sites/sandbox/vendor/sonata-project/ecommerce/tests/Component/Transformer/OrderTransformerTest.php" line="20" assertions="7" time="0.011455"/>
    </testsuite>
    <testsuite name="Sonata\Tests\Component\Transformer\PoolTest" file="/Users/ronan/Sites/sandbox/vendor/sonata-project/ecommerce/tests/Component/Transformer/PoolTest.php" namespace="Sonata\Tests\Component\Transformer" fullPackage="Sonata.Tests.Component.Transformer" tests="1" assertions="2" failures="0" errors="0" time="0.001006">
      <testcase name="testPool" class="Sonata\Tests\Component\Transformer\PoolTest" file="/Users/ronan/Sites/sandbox/vendor/sonata-project/ecommerce/tests/Component/Transformer/PoolTest.php" line="20" assertions="2" time="0.001006"/>
    </testsuite>
    <testsuite name="Sonata\Test\CustomerBundle\Block\RecentCustomersBlockServiceTest" file="/Users/ronan/Sites/sandbox/vendor/sonata-project/ecommerce/tests/CustomerBundle/Block/RecentCustomersBlockServiceTest.php" namespace="Sonata\Test\CustomerBundle\Block" fullPackage="Sonata" package="Sonata" tests="1" assertions="1" failures="0" errors="0" time="0.000607">
      <testcase name="testGetName" class="Sonata\Test\CustomerBundle\Block\RecentCustomersBlockServiceTest" file="/Users/ronan/Sites/sandbox/vendor/sonata-project/ecommerce/tests/CustomerBundle/Block/RecentCustomersBlockServiceTest.php" line="24" assertions="1" time="0.000607"/>
    </testsuite>
    <testsuite name="Sonata\Test\CustomerBundle\Controller\Api\AddressControllerTest" file="/Users/ronan/Sites/sandbox/vendor/sonata-project/ecommerce/tests/CustomerBundle/Controller/Api/AddressControllerTest.php" namespace="Sonata\Test\CustomerBundle\Controller\Api" fullPackage="Sonata.Test.CustomerBundle.Controller.Api" tests="6" assertions="16" failures="0" errors="0" time="0.008210">
      <testcase name="testGetAddressAction" class="Sonata\Test\CustomerBundle\Controller\Api\AddressControllerTest" file="/Users/ronan/Sites/sandbox/vendor/sonata-project/ecommerce/tests/CustomerBundle/Controller/Api/AddressControllerTest.php" line="24" assertions="2" time="0.000770"/>
      <testcase name="testGetAddressActionNotFoundException" class="Sonata\Test\CustomerBundle\Controller\Api\AddressControllerTest" file="/Users/ronan/Sites/sandbox/vendor/sonata-project/ecommerce/tests/CustomerBundle/Controller/Api/AddressControllerTest.php" line="35" assertions="2" time="0.000469"/>
      <testcase name="testPutAddressAction" class="Sonata\Test\CustomerBundle\Controller\Api\AddressControllerTest" file="/Users/ronan/Sites/sandbox/vendor/sonata-project/ecommerce/tests/CustomerBundle/Controller/Api/AddressControllerTest.php" line="40" assertions="4" time="0.003576"/>
      <testcase name="testPutAddressInvalidAction" class="Sonata\Test\CustomerBundle\Controller\Api\AddressControllerTest" file="/Users/ronan/Sites/sandbox/vendor/sonata-project/ecommerce/tests/CustomerBundle/Controller/Api/AddressControllerTest.php" line="61" assertions="4" time="0.001536"/>
      <testcase name="testDeleteAddressAction" class="Sonata\Test\CustomerBundle\Controller\Api\AddressControllerTest" file="/Users/ronan/Sites/sandbox/vendor/sonata-project/ecommerce/tests/CustomerBundle/Controller/Api/AddressControllerTest.php" line="81" assertions="2" time="0.001096"/>
      <testcase name="testDeleteAddressInvalidAction" class="Sonata\Test\CustomerBundle\Controller\Api\AddressControllerTest" file="/Users/ronan/Sites/sandbox/vendor/sonata-project/ecommerce/tests/CustomerBundle/Controller/Api/AddressControllerTest.php" line="94" assertions="2" time="0.000763"/>
    </testsuite>
    <testsuite name="Sonata\Test\CustomerBundle\Controller\Api\CustomerControllerTest" file="/Users/ronan/Sites/sandbox/vendor/sonata-project/ecommerce/tests/CustomerBundle/Controller/Api/CustomerControllerTest.php" namespace="Sonata\Test\CustomerBundle\Controller\Api" fullPackage="Sonata" package="Sonata" tests="13" assertions="43" failures="0" errors="0" time="0.028582">
      <testcase name="testGetCustomersAction" class="Sonata\Test\CustomerBundle\Controller\Api\CustomerControllerTest" file="/Users/ronan/Sites/sandbox/vendor/sonata-project/ecommerce/tests/CustomerBundle/Controller/Api/CustomerControllerTest.php" line="27" assertions="3" time="0.002349"/>
      <testcase name="testGetCustomerAction" class="Sonata\Test\CustomerBundle\Controller\Api\CustomerControllerTest" file="/Users/ronan/Sites/sandbox/vendor/sonata-project/ecommerce/tests/CustomerBundle/Controller/Api/CustomerControllerTest.php" line="40" assertions="2" time="0.000524"/>
      <testcase name="testGetCustomerActionNotFoundException" class="Sonata\Test\CustomerBundle\Controller\Api\CustomerControllerTest" file="/Users/ronan/Sites/sandbox/vendor/sonata-project/ecommerce/tests/CustomerBundle/Controller/Api/CustomerControllerTest.php" line="50" assertions="2" time="0.000541"/>
      <testcase name="testGetCustomerOrdersAction" class="Sonata\Test\CustomerBundle\Controller\Api\CustomerControllerTest" file="/Users/ronan/Sites/sandbox/vendor/sonata-project/ecommerce/tests/CustomerBundle/Controller/Api/CustomerControllerTest.php" line="55" assertions="3" time="0.000749"/>
      <testcase name="testGetCustomerAddressesAction" class="Sonata\Test\CustomerBundle\Controller\Api\CustomerControllerTest" file="/Users/ronan/Sites/sandbox/vendor/sonata-project/ecommerce/tests/CustomerBundle/Controller/Api/CustomerControllerTest.php" line="63" assertions="3" time="0.000753"/>
      <testcase name="testPostCustomerAction" class="Sonata\Test\CustomerBundle\Controller\Api\CustomerControllerTest" file="/Users/ronan/Sites/sandbox/vendor/sonata-project/ecommerce/tests/CustomerBundle/Controller/Api/CustomerControllerTest.php" line="72" assertions="4" time="0.003325"/>
      <testcase name="testPostCustomerInvalidAction" class="Sonata\Test\CustomerBundle\Controller\Api\CustomerControllerTest" file="/Users/ronan/Sites/sandbox/vendor/sonata-project/ecommerce/tests/CustomerBundle/Controller/Api/CustomerControllerTest.php" line="92" assertions="4" time="0.001695"/>
      <testcase name="testPostCustomerAddressAction" class="Sonata\Test\CustomerBundle\Controller\Api\CustomerControllerTest" file="/Users/ronan/Sites/sandbox/vendor/sonata-project/ecommerce/tests/CustomerBundle/Controller/Api/CustomerControllerTest.php" line="111" assertions="6" time="0.003473"/>
      <testcase name="testPostCustomerAddressInvalidAction" class="Sonata\Test\CustomerBundle\Controller\Api\CustomerControllerTest" file="/Users/ronan/Sites/sandbox/vendor/sonata-project/ecommerce/tests/CustomerBundle/Controller/Api/CustomerControllerTest.php" line="135" assertions="4" time="0.001402"/>
      <testcase name="testPutCustomerAction" class="Sonata\Test\CustomerBundle\Controller\Api\CustomerControllerTest" file="/Users/ronan/Sites/sandbox/vendor/sonata-project/ecommerce/tests/CustomerBundle/Controller/Api/CustomerControllerTest.php" line="154" assertions="4" time="0.005733"/>
      <testcase name="testPutCustomerInvalidAction" class="Sonata\Test\CustomerBundle\Controller\Api\CustomerControllerTest" file="/Users/ronan/Sites/sandbox/vendor/sonata-project/ecommerce/tests/CustomerBundle/Controller/Api/CustomerControllerTest.php" line="175" assertions="4" time="0.003370"/>
      <testcase name="testDeleteCustomerAction" class="Sonata\Test\CustomerBundle\Controller\Api\CustomerControllerTest" file="/Users/ronan/Sites/sandbox/vendor/sonata-project/ecommerce/tests/CustomerBundle/Controller/Api/CustomerControllerTest.php" line="195" assertions="2" time="0.002939"/>
      <testcase name="testDeleteCustomerInvalidAction" class="Sonata\Test\CustomerBundle\Controller\Api\CustomerControllerTest" file="/Users/ronan/Sites/sandbox/vendor/sonata-project/ecommerce/tests/CustomerBundle/Controller/Api/CustomerControllerTest.php" line="208" assertions="2" time="0.001729"/>
    </testsuite>
    <testsuite name="Sonata\Tests\CustomerBundle\Entity\AddressManagerTest" file="/Users/ronan/Sites/sandbox/vendor/sonata-project/ecommerce/tests/CustomerBundle/Entity/AddressManagerTest.php" namespace="Sonata\Tests\CustomerBundle\Entity" fullPackage="Sonata" package="Sonata" tests="2" assertions="10" failures="0" errors="0" time="0.009805">
      <testcase name="testSetCurrent" class="Sonata\Tests\CustomerBundle\Entity\AddressManagerTest" file="/Users/ronan/Sites/sandbox/vendor/sonata-project/ecommerce/tests/CustomerBundle/Entity/AddressManagerTest.php" line="24" assertions="5" time="0.006039"/>
      <testcase name="testDelete" class="Sonata\Tests\CustomerBundle\Entity\AddressManagerTest" file="/Users/ronan/Sites/sandbox/vendor/sonata-project/ecommerce/tests/CustomerBundle/Entity/AddressManagerTest.php" line="52" assertions="5" time="0.003766"/>
    </testsuite>
    <testsuite name="Sonata\Tests\CustomerBundle\Entity\BaseCustomerTest" file="/Users/ronan/Sites/sandbox/vendor/sonata-project/ecommerce/tests/CustomerBundle/Entity/BaseCustomerTest.php" namespace="Sonata\Tests\CustomerBundle\Entity" fullPackage="Sonata" package="Sonata" tests="1" assertions="4" failures="0" errors="0" time="0.000564">
      <testcase name="testAddAddress" class="Sonata\Tests\CustomerBundle\Entity\BaseCustomerTest" file="/Users/ronan/Sites/sandbox/vendor/sonata-project/ecommerce/tests/CustomerBundle/Entity/BaseCustomerTest.php" line="50" assertions="4" time="0.000564"/>
    </testsuite>
    <testsuite name="Sonata\Tests\CustomerBundle\Resources\XliffTest" file="/Users/ronan/Sites/sandbox/vendor/sonata-project/ecommerce/tests/CustomerBundle/Resources/XliffTest.php" namespace="Sonata\Tests\CustomerBundle\Resources" fullPackage="Sonata.Tests.CustomerBundle.Resources" tests="1" assertions="0" failures="0" errors="0" time="0.000190">
      <testsuite name="Sonata\Tests\CustomerBundle\Resources\XliffTest::testXliff" tests="1" assertions="0" failures="0" errors="0" time="0.000190">
        <testcase name="testXliff with data set #0" assertions="0" time="0.000190"/>
      </testsuite>
    </testsuite>
    <testsuite name="Sonata\Tests\CustomerBundle\Twig\Extension\AddressExtensionTest" file="/Users/ronan/Sites/sandbox/vendor/sonata-project/ecommerce/tests/CustomerBundle/Twig/Extension/AddressExtensionTest.php" namespace="Sonata\Tests\CustomerBundle\Twig\Extension" fullPackage="Sonata" package="Sonata" tests="4" assertions="10" failures="0" errors="0" time="0.020040">
      <testcase name="testRenderAddress" class="Sonata\Tests\CustomerBundle\Twig\Extension\AddressExtensionTest" file="/Users/ronan/Sites/sandbox/vendor/sonata-project/ecommerce/tests/CustomerBundle/Twig/Extension/AddressExtensionTest.php" line="26" assertions="2" time="0.018082"/>
      <testcase name="testRenderAddressInvalidParameter" class="Sonata\Tests\CustomerBundle\Twig\Extension\AddressExtensionTest" file="/Users/ronan/Sites/sandbox/vendor/sonata-project/ecommerce/tests/CustomerBundle/Twig/Extension/AddressExtensionTest.php" line="60" assertions="2" time="0.000673"/>
[...]
      <testcase name="testConfiguration" class="Sonata\Tests\PriceBundle\DependencyInjection\SonataPriceExtensionTest" file="/Users/ronan/Sites/sandbox/vendor/sonata-project/ecommerce/tests/PriceBundle/DependencyInjection/SonataPriceExtensionTest.php" line="25" assertions="3" time="0.026598"/>
      <testcase name="testCurrencyRequired" class="Sonata\Tests\PriceBundle\DependencyInjection\SonataPriceExtensionTest" file="/Users/ronan/Sites/sandbox/vendor/sonata-project/ecommerce/tests/PriceBundle/DependencyInjection/SonataPriceExtensionTest.php" line="43" assertions="1" time="0.002755"/>
    </testsuite>
    <testsuite name="Sonata\Tests\PriceBundle\Resources\XliffTest" file="/Users/ronan/Sites/sandbox/vendor/sonata-project/ecommerce/tests/PriceBundle/Resources/XliffTest.php" namespace="Sonata\Tests\PriceBundle\Resources" fullPackage="Sonata.Tests.PriceBundle.Resources" tests="1" assertions="0" failures="0" errors="0" time="0.000155">
      <testsuite name="Sonata\Tests\PriceBundle\Resources\XliffTest::testXliff" tests="1" assertions="0" failures="0" errors="0" time="0.000155">
        <testcase name="testXliff with data set #0" assertions="0" time="0.000155"/>
      </testsuite>
    </testsuite>
    <testsuite name="Sonata\Test\ProductBundle\Command\GenerateProductCommandTest" file="/Users/ronan/Sites/sandbox/vendor/sonata-project/ecommerce/tests/ProductBundle/Command/GenerateProductCommandTest.php" namespace="Sonata\Test\ProductBundle\Command" fullPackage="Sonata" package="Sonata" tests="2" assertions="3" failures="0" errors="0" time="0.024122">
      <testcase name="testConfigure" class="Sonata\Test\ProductBundle\Command\GenerateProductCommandTest" file="/Users/ronan/Sites/sandbox/vendor/sonata-project/ecommerce/tests/ProductBundle/Command/GenerateProductCommandTest.php" line="26" assertions="1" time="0.018868"/>
      <testcase name="testExecute" class="Sonata\Test\ProductBundle\Command\GenerateProductCommandTest" file="/Users/ronan/Sites/sandbox/vendor/sonata-project/ecommerce/tests/ProductBundle/Command/GenerateProductCommandTest.php" line="32" assertions="2" time="0.005254"/>
    </testsuite>
    <testsuite name="Sonata\Test\ProductBundle\Controller\Api\ProductControllerTest" file="/Users/ronan/Sites/sandbox/vendor/sonata-project/ecommerce/tests/ProductBundle/Controller/Api/ProductControllerTest.php" namespace="Sonata\Test\ProductBundle\Controller\Api" fullPackage="Sonata" package="Sonata" tests="16" assertions="54" failures="0" errors="0" time="0.032805">
      <testcase name="testGetProductsAction" class="Sonata\Test\ProductBundle\Controller\Api\ProductControllerTest" file="/Users/ronan/Sites/sandbox/vendor/sonata-project/ecommerce/tests/ProductBundle/Controller/Api/ProductControllerTest.php" line="27" assertions="3" time="0.002320"/>
      <testcase name="testGetProductAction" class="Sonata\Test\ProductBundle\Controller\Api\ProductControllerTest" file="/Users/ronan/Sites/sandbox/vendor/sonata-project/ecommerce/tests/ProductBundle/Controller/Api/ProductControllerTest.php" line="40" assertions="2" time="0.000478"/>
      <testcase name="testGetProductActionNotFoundException" class="Sonata\Test\ProductBundle\Controller\Api\ProductControllerTest" file="/Users/ronan/Sites/sandbox/vendor/sonata-project/ecommerce/tests/ProductBundle/Controller/Api/ProductControllerTest.php" line="50" assertions="2" time="0.000488"/>
      <testcase name="testGetProductProductcategoriesAction" class="Sonata\Test\ProductBundle\Controller\Api\ProductControllerTest" file="/Users/ronan/Sites/sandbox/vendor/sonata-project/ecommerce/tests/ProductBundle/Controller/Api/ProductControllerTest.php" line="55" assertions="3" time="0.002901"/>
      <testcase name="testGetProductCategoriesAction" class="Sonata\Test\ProductBundle\Controller\Api\ProductControllerTest" file="/Users/ronan/Sites/sandbox/vendor/sonata-project/ecommerce/tests/ProductBundle/Controller/Api/ProductControllerTest.php" line="64" assertions="3" time="0.003320"/>
      <testcase name="testGetProductProductcollectionsAction" class="Sonata\Test\ProductBundle\Controller\Api\ProductControllerTest" file="/Users/ronan/Sites/sandbox/vendor/sonata-project/ecommerce/tests/ProductBundle/Controller/Api/ProductControllerTest.php" line="73" assertions="3" time="0.002895"/>
      <testcase name="testGetProductCollectionsAction" class="Sonata\Test\ProductBundle\Controller\Api\ProductControllerTest" file="/Users/ronan/Sites/sandbox/vendor/sonata-project/ecommerce/tests/ProductBundle/Controller/Api/ProductControllerTest.php" line="82" assertions="3" time="0.003261"/>
      <testcase name="testGetProductPackagesAction" class="Sonata\Test\ProductBundle\Controller\Api\ProductControllerTest" file="/Users/ronan/Sites/sandbox/vendor/sonata-project/ecommerce/tests/ProductBundle/Controller/Api/ProductControllerTest.php" line="91" assertions="3" time="0.003346"/>
      <testcase name="testGetProductDeliveriesAction" class="Sonata\Test\ProductBundle\Controller\Api\ProductControllerTest" file="/Users/ronan/Sites/sandbox/vendor/sonata-project/ecommerce/tests/ProductBundle/Controller/Api/ProductControllerTest.php" line="100" assertions="3" time="0.000708"/>
      <testcase name="testGetProductVariationsAction" class="Sonata\Test\ProductBundle\Controller\Api\ProductControllerTest" file="/Users/ronan/Sites/sandbox/vendor/sonata-project/ecommerce/tests/ProductBundle/Controller/Api/ProductControllerTest.php" line="109" assertions="3" time="0.000693"/>
      <testcase name="testPostProductAction" class="Sonata\Test\ProductBundle\Controller\Api\ProductControllerTest" file="/Users/ronan/Sites/sandbox/vendor/sonata-project/ecommerce/tests/ProductBundle/Controller/Api/ProductControllerTest.php" line="118" assertions="5" time="0.002898"/>
      <testcase name="testPostProductInvalidAction" class="Sonata\Test\ProductBundle\Controller\Api\ProductControllerTest" file="/Users/ronan/Sites/sandbox/vendor/sonata-project/ecommerce/tests/ProductBundle/Controller/Api/ProductControllerTest.php" line="141" assertions="5" time="0.001540"/>
      <testcase name="testPutProductAction" class="Sonata\Test\ProductBundle\Controller\Api\ProductControllerTest" file="/Users/ronan/Sites/sandbox/vendor/sonata-project/ecommerce/tests/ProductBundle/Controller/Api/ProductControllerTest.php" line="161" assertions="5" time="0.003632"/>
      <testcase name="testPutProductInvalidAction" class="Sonata\Test\ProductBundle\Controller\Api\ProductControllerTest" file="/Users/ronan/Sites/sandbox/vendor/sonata-project/ecommerce/tests/ProductBundle/Controller/Api/ProductControllerTest.php" line="184" assertions="5" time="0.002119"/>
      <testcase name="testDeleteProductAction" class="Sonata\Test\ProductBundle\Controller\Api\ProductControllerTest" file="/Users/ronan/Sites/sandbox/vendor/sonata-project/ecommerce/tests/ProductBundle/Controller/Api/ProductControllerTest.php" line="206" assertions="3" time="0.001210"/>
      <testcase name="testDeleteProductInvalidAction" class="Sonata\Test\ProductBundle\Controller\Api\ProductControllerTest" file="/Users/ronan/Sites/sandbox/vendor/sonata-project/ecommerce/tests/ProductBundle/Controller/Api/ProductControllerTest.php" line="221" assertions="3" time="0.000996"/>
    </testsuite>
    <testsuite name="Sonata\Test\ProductBundle\DependencyInjection\ConfigurationTest" file="/Users/ronan/Sites/sandbox/vendor/sonata-project/ecommerce/tests/ProductBundle/DependencyInjection/ConfigurationTest.php" namespace="Sonata\Test\ProductBundle\DependencyInjection" fullPackage="Sonata.Test.ProductBundle.DependencyInjection" tests="1" assertions="4" failures="0" errors="0" time="0.031355">
      <testcase name="testDefaults" class="Sonata\Test\ProductBundle\DependencyInjection\ConfigurationTest" file="/Users/ronan/Sites/sandbox/vendor/sonata-project/ecommerce/tests/ProductBundle/DependencyInjection/ConfigurationTest.php" line="19" assertions="4" time="0.031355"/>
    </testsuite>
    <testsuite name="Sonata\Tests\ProductBundle\Entity\BaseProductTest" file="/Users/ronan/Sites/sandbox/vendor/sonata-project/ecommerce/tests/ProductBundle/Entity/BaseProductTest.php" namespace="Sonata\Tests\ProductBundle\Entity" fullPackage="Sonata" package="Sonata" tests="2" assertions="13" failures="0" errors="0" time="0.013200">
      <testcase name="testGetImageAndGetGallery" class="Sonata\Tests\ProductBundle\Entity\BaseProductTest" file="/Users/ronan/Sites/sandbox/vendor/sonata-project/ecommerce/tests/ProductBundle/Entity/BaseProductTest.php" line="45" assertions="6" time="0.010167"/>
      <testcase name="testHasOneMainCategory" class="Sonata\Tests\ProductBundle\Entity\BaseProductTest" file="/Users/ronan/Sites/sandbox/vendor/sonata-project/ecommerce/tests/ProductBundle/Entity/BaseProductTest.php" line="70" assertions="7" time="0.003033"/>
    </testsuite>
    <testsuite name="Sonata\ProductBundle\Tests\Form\Type\ApiProductTypeTest" file="/Users/ronan/Sites/sandbox/vendor/sonata-project/ecommerce/tests/ProductBundle/Form/Type/ApiProductTypeTest.php" namespace="Sonata\ProductBundle\Tests\Form\Type" fullPackage="Sonata.ProductBundle.Tests.Form.Type" tests="1" assertions="1" failures="0" errors="0" time="0.006430">
      <testcase name="testBuildForm" class="Sonata\ProductBundle\Tests\Form\Type\ApiProductTypeTest" file="/Users/ronan/Sites/sandbox/vendor/sonata-project/ecommerce/tests/ProductBundle/Form/Type/ApiProductTypeTest.php" line="23" assertions="1" time="0.006430"/>
    </testsuite>
    <testsuite name="Sonata\Tests\ProductBundle\Menu\ProductMenuBuilderTest" file="/Users/ronan/Sites/sandbox/vendor/sonata-project/ecommerce/tests/ProductBundle/Menu/ProductMenuBuilderTest.php" namespace="Sonata\Tests\ProductBundle\Menu" fullPackage="Sonata" package="Sonata" tests="2" assertions="6" failures="0" errors="0" time="0.019100">
      <testcase name="testCreateCategoryMenu" class="Sonata\Tests\ProductBundle\Menu\ProductMenuBuilderTest" file="/Users/ronan/Sites/sandbox/vendor/sonata-project/ecommerce/tests/ProductBundle/Menu/ProductMenuBuilderTest.php" line="26" assertions="3" time="0.018424"/>
      <testcase name="testCreateFiltersMenu" class="Sonata\Tests\ProductBundle\Menu\ProductMenuBuilderTest" file="/Users/ronan/Sites/sandbox/vendor/sonata-project/ecommerce/tests/ProductBundle/Menu/ProductMenuBuilderTest.php" line="49" assertions="3" time="0.000676"/>
    </testsuite>
    <testsuite name="Sonata\Test\ProductBundle\Model\BaseProductProviderTest" file="/Users/ronan/Sites/sandbox/vendor/sonata-project/ecommerce/tests/ProductBundle/Model/BaseProductProviderTest.php" namespace="Sonata\Test\ProductBundle\Model" fullPackage="Sonata" package="Sonata" tests="26" assertions="64" failures="0" errors="0" time="0.047558">
      <testcase name="testGetProductFromRaw" class="Sonata\Test\ProductBundle\Model\BaseProductProviderTest" file="/Users/ronan/Sites/sandbox/vendor/sonata-project/ecommerce/tests/ProductBundle/Model/BaseProductProviderTest.php" line="63" assertions="0" time="0.000160"/>
      <testcase name="testCreateVariation" class="Sonata\Test\ProductBundle\Model\BaseProductProviderTest" file="/Users/ronan/Sites/sandbox/vendor/sonata-project/ecommerce/tests/ProductBundle/Model/BaseProductProviderTest.php" line="67" assertions="2" time="0.002108"/>
      <testcase name="testVariationSkuDuplication" class="Sonata\Test\ProductBundle\Model\BaseProductProviderTest" file="/Users/ronan/Sites/sandbox/vendor/sonata-project/ecommerce/tests/ProductBundle/Model/BaseProductProviderTest.php" line="84" assertions="1" time="0.003230"/>
      <testcase name="testBuildBasketElement" class="Sonata\Test\ProductBundle\Model\BaseProductProviderTest" file="/Users/ronan/Sites/sandbox/vendor/sonata-project/ecommerce/tests/ProductBundle/Model/BaseProductProviderTest.php" line="94" assertions="3" time="0.000485"/>
      <testcase name="testValidateFormBasketElement" class="Sonata\Test\ProductBundle\Model\BaseProductProviderTest" file="/Users/ronan/Sites/sandbox/vendor/sonata-project/ecommerce/tests/ProductBundle/Model/BaseProductProviderTest.php" line="110" assertions="9" time="0.005699"/>
      <testcase name="testBasketAddProduct" class="Sonata\Test\ProductBundle\Model\BaseProductProviderTest" file="/Users/ronan/Sites/sandbox/vendor/sonata-project/ecommerce/tests/ProductBundle/Model/BaseProductProviderTest.php" line="157" assertions="8" time="0.016678"/>
      <testcase name="testBasketAddProductInvalid" class="Sonata\Test\ProductBundle\Model\BaseProductProviderTest" file="/Users/ronan/Sites/sandbox/vendor/sonata-project/ecommerce/tests/ProductBundle/Model/BaseProductProviderTest.php" line="203" assertions="3" time="0.003765"/>
      <testcase name="testBasketMergeProduct" class="Sonata\Test\ProductBundle\Model\BaseProductProviderTest" file="/Users/ronan/Sites/sandbox/vendor/sonata-project/ecommerce/tests/ProductBundle/Model/BaseProductProviderTest.php" line="219" assertions="9" time="0.006926"/>
      <testcase name="testIsValidBasketElement" class="Sonata\Test\ProductBundle\Model\BaseProductProviderTest" file="/Users/ronan/Sites/sandbox/vendor/sonata-project/ecommerce/tests/ProductBundle/Model/BaseProductProviderTest.php" line="282" assertions="4" time="0.000693"/>
      <testcase name="testIsAddableToBasket" class="Sonata\Test\ProductBundle\Model\BaseProductProviderTest" file="/Users/ronan/Sites/sandbox/vendor/sonata-project/ecommerce/tests/ProductBundle/Model/BaseProductProviderTest.php" line="302" assertions="1" time="0.000551"/>
      <testcase name="testHasVariationsValidCase" class="Sonata\Test\ProductBundle\Model\BaseProductProviderTest" file="/Users/ronan/Sites/sandbox/vendor/sonata-project/ecommerce/tests/ProductBundle/Model/BaseProductProviderTest.php" line="311" assertions="1" time="0.000319"/>
      <testcase name="testHasVariationsWithNoVariation" class="Sonata\Test\ProductBundle\Model\BaseProductProviderTest" file="/Users/ronan/Sites/sandbox/vendor/sonata-project/ecommerce/tests/ProductBundle/Model/BaseProductProviderTest.php" line="323" assertions="1" time="0.000272"/>
      <testcase name="testHasEnabledVariationsWithNoVariation" class="Sonata\Test\ProductBundle\Model\BaseProductProviderTest" file="/Users/ronan/Sites/sandbox/vendor/sonata-project/ecommerce/tests/ProductBundle/Model/BaseProductProviderTest.php" line="333" assertions="1" time="0.000273"/>
      <testcase name="testHasEnabledVariationsWithNoEnabledVariation" class="Sonata\Test\ProductBundle\Model\BaseProductProviderTest" file="/Users/ronan/Sites/sandbox/vendor/sonata-project/ecommerce/tests/ProductBundle/Model/BaseProductProviderTest.php" line="340" assertions="1" time="0.000307"/>
      <testcase name="testHasEnabledVariationsWithEnabledVariation" class="Sonata\Test\ProductBundle\Model\BaseProductProviderTest" file="/Users/ronan/Sites/sandbox/vendor/sonata-project/ecommerce/tests/ProductBundle/Model/BaseProductProviderTest.php" line="354" assertions="1" time="0.000301"/>
      <testcase name="testGetEnabledVariationWithNoVariation" class="Sonata\Test\ProductBundle\Model\BaseProductProviderTest" file="/Users/ronan/Sites/sandbox/vendor/sonata-project/ecommerce/tests/ProductBundle/Model/BaseProductProviderTest.php" line="368" assertions="2" time="0.000345"/>
      <testcase name="testGetEnabledVariationWithVariation" class="Sonata\Test\ProductBundle\Model\BaseProductProviderTest" file="/Users/ronan/Sites/sandbox/vendor/sonata-project/ecommerce/tests/ProductBundle/Model/BaseProductProviderTest.php" line="379" assertions="3" time="0.000396"/>
      <testcase name="testGetCheapestEnabledVariationWithNoVariation" class="Sonata\Test\ProductBundle\Model\BaseProductProviderTest" file="/Users/ronan/Sites/sandbox/vendor/sonata-project/ecommerce/tests/ProductBundle/Model/BaseProductProviderTest.php" line="395" assertions="1" time="0.000278"/>
      <testcase name="testGetCheapestEnabledVariationWithNoEnabledVariation" class="Sonata\Test\ProductBundle\Model\BaseProductProviderTest" file="/Users/ronan/Sites/sandbox/vendor/sonata-project/ecommerce/tests/ProductBundle/Model/BaseProductProviderTest.php" line="404" assertions="1" time="0.000302"/>
      <testcase name="testGetCheapestEnabledVariationWithVariations" class="Sonata\Test\ProductBundle\Model\BaseProductProviderTest" file="/Users/ronan/Sites/sandbox/vendor/sonata-project/ecommerce/tests/ProductBundle/Model/BaseProductProviderTest.php" line="417" assertions="1" time="0.000389"/>
      <testcase name="testCalculatePrice" class="Sonata\Test\ProductBundle\Model\BaseProductProviderTest" file="/Users/ronan/Sites/sandbox/vendor/sonata-project/ecommerce/tests/ProductBundle/Model/BaseProductProviderTest.php" line="435" assertions="2" time="0.000487"/>
      <testcase name="testCalculatePriceException" class="Sonata\Test\ProductBundle\Model\BaseProductProviderTest" file="/Users/ronan/Sites/sandbox/vendor/sonata-project/ecommerce/tests/ProductBundle/Model/BaseProductProviderTest.php" line="453" assertions="2" time="0.000481"/>
      <testcase name="testCalculatePriceExceptionLessThanOne" class="Sonata\Test\ProductBundle\Model\BaseProductProviderTest" file="/Users/ronan/Sites/sandbox/vendor/sonata-project/ecommerce/tests/ProductBundle/Model/BaseProductProviderTest.php" line="468" assertions="2" time="0.000460"/>
      <testcase name="testGetVariationsChoices" class="Sonata\Test\ProductBundle\Model\BaseProductProviderTest" file="/Users/ronan/Sites/sandbox/vendor/sonata-project/ecommerce/tests/ProductBundle/Model/BaseProductProviderTest.php" line="479" assertions="2" time="0.001231"/>
      <testcase name="testGetVariatedProperties" class="Sonata\Test\ProductBundle\Model\BaseProductProviderTest" file="/Users/ronan/Sites/sandbox/vendor/sonata-project/ecommerce/tests/ProductBundle/Model/BaseProductProviderTest.php" line="516" assertions="2" time="0.000780"/>
      <testcase name="testGetVariation" class="Sonata\Test\ProductBundle\Model\BaseProductProviderTest" file="/Users/ronan/Sites/sandbox/vendor/sonata-project/ecommerce/tests/ProductBundle/Model/BaseProductProviderTest.php" line="547" assertions="1" time="0.000642"/>
    </testsuite>
    <testsuite name="Sonata\Tests\ProductBundle\Resources\XliffTest" file="/Users/ronan/Sites/sandbox/vendor/sonata-project/ecommerce/tests/ProductBundle/Resources/XliffTest.php" namespace="Sonata\Tests\ProductBundle\Resources" fullPackage="Sonata.Tests.ProductBundle.Resources" tests="1" assertions="0" failures="0" errors="0" time="0.000168">
      <testsuite name="Sonata\Tests\ProductBundle\Resources\XliffTest::testXliff" tests="1" assertions="0" failures="0" errors="0" time="0.000168">
        <testcase name="testXliff with data set #0" assertions="0" time="0.000168"/>
      </testsuite>
    </testsuite>
    <testsuite name="Sonata\Test\ProductBundle\Seo\Services\FacebookTest" file="/Users/ronan/Sites/sandbox/vendor/sonata-project/ecommerce/tests/ProductBundle/Seo/Services/FacebookTest.php" namespace="Sonata\Test\ProductBundle\Seo\Services" fullPackage="Sonata.Test.ProductBundle.Seo.Services" tests="1" assertions="2" failures="0" errors="0" time="0.026830">
      <testcase name="testAlterPage" class="Sonata\Test\ProductBundle\Seo\Services\FacebookTest" file="/Users/ronan/Sites/sandbox/vendor/sonata-project/ecommerce/tests/ProductBundle/Seo/Services/FacebookTest.php" line="24" assertions="2" time="0.026830"/>
    </testsuite>
    <testsuite name="Sonata\Test\ProductBundle\Seo\Services\TwitterTest" file="/Users/ronan/Sites/sandbox/vendor/sonata-project/ecommerce/tests/ProductBundle/Seo/Services/TwitterTest.php" namespace="Sonata\Test\ProductBundle\Seo\Services" fullPackage="Sonata.Test.ProductBundle.Seo.Services" tests="1" assertions="2" failures="0" errors="0" time="0.002447">
      <testcase name="testAlterPage" class="Sonata\Test\ProductBundle\Seo\Services\TwitterTest" file="/Users/ronan/Sites/sandbox/vendor/sonata-project/ecommerce/tests/ProductBundle/Seo/Services/TwitterTest.php" line="23" assertions="2" time="0.002447"/>
    </testsuite>
  </testsuite>
</testsuites>
