<?xml version="1.0" encoding="UTF-8"?>
<testsuites>
  <testsuite name="MediaBundle Test Suite" tests="96" assertions="409" failures="1" errors="0" time="0.600207">
    <testsuite name="Sonata\MediaBundle\Tests\Block\Breadcrumb\BreadcrumbTest" file="/Users/ronan/Sites/sandbox/vendor/sonata-project/media-bundle/Tests/Block/Breadcrumb/BreadcrumbTest.php" namespace="Sonata\MediaBundle\Tests\Block\Breadcrumb" fullPackage="Sonata.MediaBundle.Tests.Block.Breadcrumb" tests="1" assertions="1" failures="0" errors="0" time="0.006153">
      <testcase name="testBlockService" class="Sonata\MediaBundle\Tests\Block\Breadcrumb\BreadcrumbTest" file="/Users/ronan/Sites/sandbox/vendor/sonata-project/media-bundle/Tests/Block/Breadcrumb/BreadcrumbTest.php" line="27" assertions="1" time="0.006153"/>
    </testsuite>
    <testsuite name="Sonata\MediaBundle\Tests\CDN\PantherPortalTest" file="/Users/ronan/Sites/sandbox/vendor/sonata-project/media-bundle/Tests/CDN/PantherPortalTest.php" namespace="Sonata\MediaBundle\Tests\CDN" fullPackage="Sonata.MediaBundle.Tests.CDN" tests="2" assertions="5" failures="0" errors="0" time="0.040228">
      <testcase name="testPortal" class="Sonata\MediaBundle\Tests\CDN\PantherPortalTest" file="/Users/ronan/Sites/sandbox/vendor/sonata-project/media-bundle/Tests/CDN/PantherPortalTest.php" line="18" assertions="2" time="0.039089"/>
      <testcase name="testException" class="Sonata\MediaBundle\Tests\CDN\PantherPortalTest" file="/Users/ronan/Sites/sandbox/vendor/sonata-project/media-bundle/Tests/CDN/PantherPortalTest.php" line="35" assertions="3" time="0.001139"/>
    </testsuite>
    <testsuite name="Sonata\MediaBundle\Tests\Controller\Api\GalleryControllerTest" file="/Users/ronan/Sites/sandbox/vendor/sonata-project/media-bundle/Tests/Controller/Api/GalleryControllerTest.php" namespace="Sonata\MediaBundle\Tests\Controller\Api" fullPackage="Sonata" package="Sonata" tests="11" assertions="61" failures="0" errors="0" time="0.062112">
      <testcase name="testGetGalleriesAction" class="Sonata\MediaBundle\Tests\Controller\Api\GalleryControllerTest" file="/Users/ronan/Sites/sandbox/vendor/sonata-project/media-bundle/Tests/Controller/Api/GalleryControllerTest.php" line="34" assertions="3" time="0.015073"/>
      <testcase name="testGetGalleryAction" class="Sonata\MediaBundle\Tests\Controller\Api\GalleryControllerTest" file="/Users/ronan/Sites/sandbox/vendor/sonata-project/media-bundle/Tests/Controller/Api/GalleryControllerTest.php" line="52" assertions="2" time="0.000488"/>
      <testcase name="testGetGalleryNotFoundAction" class="Sonata\MediaBundle\Tests\Controller\Api\GalleryControllerTest" file="/Users/ronan/Sites/sandbox/vendor/sonata-project/media-bundle/Tests/Controller/Api/GalleryControllerTest.php" line="70" assertions="3" time="0.001063"/>
      <testcase name="testGetGalleryGalleryhasmediasAction" class="Sonata\MediaBundle\Tests\Controller\Api\GalleryControllerTest" file="/Users/ronan/Sites/sandbox/vendor/sonata-project/media-bundle/Tests/Controller/Api/GalleryControllerTest.php" line="84" assertions="3" time="0.003106"/>
      <testcase name="testGetGalleryMediaAction" class="Sonata\MediaBundle\Tests\Controller\Api\GalleryControllerTest" file="/Users/ronan/Sites/sandbox/vendor/sonata-project/media-bundle/Tests/Controller/Api/GalleryControllerTest.php" line="102" assertions="4" time="0.007246"/>
      <testcase name="testPostGalleryMediaGalleryhasmediaAction" class="Sonata\MediaBundle\Tests\Controller\Api\GalleryControllerTest" file="/Users/ronan/Sites/sandbox/vendor/sonata-project/media-bundle/Tests/Controller/Api/GalleryControllerTest.php" line="123" assertions="9" time="0.018288"/>
      <testcase name="testPostGalleryMediaGalleryhasmediaInvalidAction" class="Sonata\MediaBundle\Tests\Controller\Api\GalleryControllerTest" file="/Users/ronan/Sites/sandbox/vendor/sonata-project/media-bundle/Tests/Controller/Api/GalleryControllerTest.php" line="157" assertions="7" time="0.001523"/>
      <testcase name="testPutGalleryMediaGalleryhasmediaAction" class="Sonata\MediaBundle\Tests\Controller\Api\GalleryControllerTest" file="/Users/ronan/Sites/sandbox/vendor/sonata-project/media-bundle/Tests/Controller/Api/GalleryControllerTest.php" line="183" assertions="9" time="0.003835"/>
      <testcase name="testPutGalleryMediaGalleryhasmediaInvalidAction" class="Sonata\MediaBundle\Tests\Controller\Api\GalleryControllerTest" file="/Users/ronan/Sites/sandbox/vendor/sonata-project/media-bundle/Tests/Controller/Api/GalleryControllerTest.php" line="215" assertions="8" time="0.004320"/>
      <testcase name="testDeleteGalleryMediaGalleryhasmediaAction" class="Sonata\MediaBundle\Tests\Controller\Api\GalleryControllerTest" file="/Users/ronan/Sites/sandbox/vendor/sonata-project/media-bundle/Tests/Controller/Api/GalleryControllerTest.php" line="245" assertions="6" time="0.005025"/>
      <testcase name="testDeleteGalleryMediaGalleryhasmediaInvalidAction" class="Sonata\MediaBundle\Tests\Controller\Api\GalleryControllerTest" file="/Users/ronan/Sites/sandbox/vendor/sonata-project/media-bundle/Tests/Controller/Api/GalleryControllerTest.php" line="270" assertions="7" time="0.002145"/>
    </testsuite>
    <testsuite name="Sonata\MediaBundle\Tests\Controller\Api\MediaControllerTest" file="/Users/ronan/Sites/sandbox/vendor/sonata-project/media-bundle/Tests/Controller/Api/MediaControllerTest.php" namespace="Sonata\MediaBundle\Tests\Controller\Api" fullPackage="Sonata" package="Sonata" tests="10" assertions="40" failures="0" errors="0" time="0.066033">
      <testcase name="testGetMediaAction" class="Sonata\MediaBundle\Tests\Controller\Api\MediaControllerTest" file="/Users/ronan/Sites/sandbox/vendor/sonata-project/media-bundle/Tests/Controller/Api/MediaControllerTest.php" line="26" assertions="3" time="0.007311"/>
      <testcase name="testGetMediumAction" class="Sonata\MediaBundle\Tests\Controller\Api\MediaControllerTest" file="/Users/ronan/Sites/sandbox/vendor/sonata-project/media-bundle/Tests/Controller/Api/MediaControllerTest.php" line="42" assertions="2" time="0.000489"/>
      <testcase name="testGetMediumNotFoundExceptionAction" class="Sonata\MediaBundle\Tests\Controller\Api\MediaControllerTest" file="/Users/ronan/Sites/sandbox/vendor/sonata-project/media-bundle/Tests/Controller/Api/MediaControllerTest.php" line="58" assertions="2" time="0.000497"/>
      <testcase name="testGetMediumFormatsAction" class="Sonata\MediaBundle\Tests\Controller\Api\MediaControllerTest" file="/Users/ronan/Sites/sandbox/vendor/sonata-project/media-bundle/Tests/Controller/Api/MediaControllerTest.php" line="63" assertions="4" time="0.010442"/>
      <testcase name="testGetMediumBinariesAction" class="Sonata\MediaBundle\Tests\Controller\Api\MediaControllerTest" file="/Users/ronan/Sites/sandbox/vendor/sonata-project/media-bundle/Tests/Controller/Api/MediaControllerTest.php" line="96" assertions="4" time="0.036844"/>
      <testcase name="testDeleteMediumAction" class="Sonata\MediaBundle\Tests\Controller\Api\MediaControllerTest" file="/Users/ronan/Sites/sandbox/vendor/sonata-project/media-bundle/Tests/Controller/Api/MediaControllerTest.php" line="116" assertions="2" time="0.001131"/>
      <testcase name="testPutMediumAction" class="Sonata\MediaBundle\Tests\Controller\Api\MediaControllerTest" file="/Users/ronan/Sites/sandbox/vendor/sonata-project/media-bundle/Tests/Controller/Api/MediaControllerTest.php" line="129" assertions="6" time="0.002997"/>
      <testcase name="testPutMediumInvalidFormAction" class="Sonata\MediaBundle\Tests\Controller\Api\MediaControllerTest" file="/Users/ronan/Sites/sandbox/vendor/sonata-project/media-bundle/Tests/Controller/Api/MediaControllerTest.php" line="155" assertions="6" time="0.001682"/>
      <testcase name="testPostProviderMediumAction" class="Sonata\MediaBundle\Tests\Controller\Api\MediaControllerTest" file="/Users/ronan/Sites/sandbox/vendor/sonata-project/media-bundle/Tests/Controller/Api/MediaControllerTest.php" line="180" assertions="7" time="0.003369"/>
      <testcase name="testPostProviderActionNotFound" class="Sonata\MediaBundle\Tests\Controller\Api\MediaControllerTest" file="/Users/ronan/Sites/sandbox/vendor/sonata-project/media-bundle/Tests/Controller/Api/MediaControllerTest.php" line="210" assertions="4" time="0.001272"/>
    </testsuite>
    <testsuite name="Sonata\MediaBundle\Tests\Document\MediaManagerTest" file="/Users/ronan/Sites/sandbox/vendor/sonata-project/media-bundle/Tests/Document/MediaManagerTest.php" namespace="Sonata\MediaBundle\Tests\Document" fullPackage="Sonata.MediaBundle.Tests.Document" tests="0" assertions="0" failures="0" errors="0" time="0.000000"/>
    <testsuite name="Sonata\MediaBundle\Tests\Entity\MediaTest" file="/Users/ronan/Sites/sandbox/vendor/sonata-project/media-bundle/Tests/Entity/MediaTest.php" namespace="Sonata\MediaBundle\Tests\Entity" fullPackage="Sonata.MediaBundle.Tests.Entity" tests="3" assertions="17" failures="0" errors="0" time="0.002341">
      <testcase name="testMetadata" class="Sonata\MediaBundle\Tests\Entity\MediaTest" file="/Users/ronan/Sites/sandbox/vendor/sonata-project/media-bundle/Tests/Entity/MediaTest.php" line="16" assertions="3" time="0.001278"/>
      <testcase name="testStatusList" class="Sonata\MediaBundle\Tests\Entity\MediaTest" file="/Users/ronan/Sites/sandbox/vendor/sonata-project/media-bundle/Tests/Entity/MediaTest.php" line="28" assertions="1" time="0.000327"/>
      <testcase name="testSetGet" class="Sonata\MediaBundle\Tests\Entity\MediaTest" file="/Users/ronan/Sites/sandbox/vendor/sonata-project/media-bundle/Tests/Entity/MediaTest.php" line="35" assertions="13" time="0.000736"/>
    </testsuite>
    <testsuite name="Sonata\MediaBundle\Tests\Filesystem\LocalTest" file="/Users/ronan/Sites/sandbox/vendor/sonata-project/media-bundle/Tests/Filesystem/LocalTest.php" namespace="Sonata\MediaBundle\Tests\Filesystem" fullPackage="Sonata.MediaBundle.Tests.Filesystem" tests="1" assertions="1" failures="1" errors="0" time="0.001794">
      <testcase name="testReplicate" class="Sonata\MediaBundle\Tests\Filesystem\LocalTest" file="/Users/ronan/Sites/sandbox/vendor/sonata-project/media-bundle/Tests/Filesystem/LocalTest.php" line="18" assertions="1" time="0.001794">
        <failure type="PHPUnit_Framework_ExpectationFailedException">Sonata\MediaBundle\Tests\Filesystem\LocalTest::testReplicate
Failed asserting that two strings are equal.
--- Expected
+++ Actual
@@ @@
-'/tmp'
+'/private/tmp'

/Users/ronan/Sites/sandbox/vendor/sonata-project/media-bundle/Tests/Filesystem/LocalTest.php:22
</failure>
      </testcase>
    </testsuite>
    <testsuite name="Sonata\MediaBundle\Tests\Filesystem\MediaTest" file="/Users/ronan/Sites/sandbox/vendor/sonata-project/media-bundle/Tests/Filesystem/ReplicateTest.php" namespace="Sonata\MediaBundle\Tests\Filesystem" fullPackage="Sonata.MediaBundle.Tests.Filesystem" tests="1" assertions="7" failures="0" errors="0" time="0.049533">
      <testcase name="testReplicate" class="Sonata\MediaBundle\Tests\Filesystem\MediaTest" file="/Users/ronan/Sites/sandbox/vendor/sonata-project/media-bundle/Tests/Filesystem/ReplicateTest.php" line="18" assertions="7" time="0.049533"/>
    </testsuite>
    <testsuite name="Sonata\MediaBundle\Tests\Form\DataTransformer\ProviderDataTransformerTest" file="/Users/ronan/Sites/sandbox/vendor/sonata-project/media-bundle/Tests/Form/DataTransformer/ProviderDataTransformerTest.php" namespace="Sonata\MediaBundle\Tests\Form\DataTransformer" fullPackage="Sonata.MediaBundle.Tests.Form.DataTransformer" tests="6" assertions="10" failures="0" errors="0" time="0.027277">
      <testcase name="testReverseTransformFakeValue" class="Sonata\MediaBundle\Tests\Form\DataTransformer\ProviderDataTransformerTest" file="/Users/ronan/Sites/sandbox/vendor/sonata-project/media-bundle/Tests/Form/DataTransformer/ProviderDataTransformerTest.php" line="20" assertions="1" time="0.000706"/>
      <testcase name="testReverseTransformUnknownProvider" class="Sonata\MediaBundle\Tests\Form\DataTransformer\ProviderDataTransformerTest" file="/Users/ronan/Sites/sandbox/vendor/sonata-project/media-bundle/Tests/Form/DataTransformer/ProviderDataTransformerTest.php" line="31" assertions="2" time="0.005647"/>
      <testcase name="testReverseTransformValidProvider" class="Sonata\MediaBundle\Tests\Form\DataTransformer\ProviderDataTransformerTest" file="/Users/ronan/Sites/sandbox/vendor/sonata-project/media-bundle/Tests/Form/DataTransformer/ProviderDataTransformerTest.php" line="46" assertions="2" time="0.010802"/>
      <testcase name="testReverseTransformWithNewMediaAndNoBinaryContent" class="Sonata\MediaBundle\Tests\Form\DataTransformer\ProviderDataTransformerTest" file="/Users/ronan/Sites/sandbox/vendor/sonata-project/media-bundle/Tests/Form/DataTransformer/ProviderDataTransformerTest.php" line="65" assertions="2" time="0.001836"/>
      <testcase name="testReverseTransformWithMediaAndNoBinaryContent" class="Sonata\MediaBundle\Tests\Form\DataTransformer\ProviderDataTransformerTest" file="/Users/ronan/Sites/sandbox/vendor/sonata-project/media-bundle/Tests/Form/DataTransformer/ProviderDataTransformerTest.php" line="84" assertions="2" time="0.001467"/>
      <testcase name="testReverseTransformWithMediaAndUploadFileInstance" class="Sonata\MediaBundle\Tests\Form\DataTransformer\ProviderDataTransformerTest" file="/Users/ronan/Sites/sandbox/vendor/sonata-project/media-bundle/Tests/Form/DataTransformer/ProviderDataTransformerTest.php" line="99" assertions="1" time="0.006819"/>
    </testsuite>
    <testsuite name="Sonata\MediaBundle\Tests\Form\Type\ApiMediaTypeTest" file="/Users/ronan/Sites/sandbox/vendor/sonata-project/media-bundle/Tests/Form/Type/ApiMediaTypeTest.php" namespace="Sonata\MediaBundle\Tests\Form\Type" fullPackage="Sonata" package="Sonata" tests="1" assertions="2" failures="0" errors="0" time="0.012316">
      <testcase name="testBuildForm" class="Sonata\MediaBundle\Tests\Form\Type\ApiMediaTypeTest" file="/Users/ronan/Sites/sandbox/vendor/sonata-project/media-bundle/Tests/Form/Type/ApiMediaTypeTest.php" line="26" assertions="2" time="0.012316"/>
    </testsuite>
    <testsuite name="Sonata\MediaBundle\Tests\Generator\DefaultGeneratorTest" file="/Users/ronan/Sites/sandbox/vendor/sonata-project/media-bundle/Tests/Generator/DefaultGeneratorTest.php" namespace="Sonata\MediaBundle\Tests\Generator" fullPackage="Sonata.MediaBundle.Tests.Generator" tests="1" assertions="4" failures="0" errors="0" time="0.001254">
      <testcase name="testProvider" class="Sonata\MediaBundle\Tests\Generator\DefaultGeneratorTest" file="/Users/ronan/Sites/sandbox/vendor/sonata-project/media-bundle/Tests/Generator/DefaultGeneratorTest.php" line="20" assertions="4" time="0.001254"/>
    </testsuite>
    <testsuite name="Sonata\MediaBundle\Tests\Generator\PHPCRGeneratorTest" file="/Users/ronan/Sites/sandbox/vendor/sonata-project/media-bundle/Tests/Generator/PHPCRGeneratorTest.php" namespace="Sonata\MediaBundle\Tests\Generator" fullPackage="Sonata.MediaBundle.Tests.Generator" tests="1" assertions="3" failures="0" errors="0" time="0.000793">
      <testcase name="testPHPCRGenerator" class="Sonata\MediaBundle\Tests\Generator\PHPCRGeneratorTest" file="/Users/ronan/Sites/sandbox/vendor/sonata-project/media-bundle/Tests/Generator/PHPCRGeneratorTest.php" line="20" assertions="3" time="0.000793"/>
    </testsuite>
    <testsuite name="Sonata\MediaBundle\Tests\Metadata\AmazonMetadataBuilderTest" file="/Users/ronan/Sites/sandbox/vendor/sonata-project/media-bundle/Tests/Metadata/AmazonMetadataBuilderTest.php" namespace="Sonata\MediaBundle\Tests\Metadata" fullPackage="Sonata.MediaBundle.Tests.Metadata" tests="0" assertions="0" failures="0" errors="0" time="0.000000"/>
    <testsuite name="Sonata\MediaBundle\Tests\Metadata\NoopMetadataBuilderTest" file="/Users/ronan/Sites/sandbox/vendor/sonata-project/media-bundle/Tests/Metadata/NoopMetadataBuilderTest.php" namespace="Sonata\MediaBundle\Tests\Metadata" fullPackage="Sonata.MediaBundle.Tests.Metadata" tests="1" assertions="1" failures="0" errors="0" time="0.000477">
      <testcase name="testNoop" class="Sonata\MediaBundle\Tests\Metadata\NoopMetadataBuilderTest" file="/Users/ronan/Sites/sandbox/vendor/sonata-project/media-bundle/Tests/Metadata/NoopMetadataBuilderTest.php" line="19" assertions="1" time="0.000477"/>
    </testsuite>
    <testsuite name="Sonata\MediaBundle\Tests\Metadata\ProxyMetadataBuilderTest" file="/Users/ronan/Sites/sandbox/vendor/sonata-project/media-bundle/Tests/Metadata/ProxyMetadataBuilderTest.php" namespace="Sonata\MediaBundle\Tests\Metadata" fullPackage="Sonata.MediaBundle.Tests.Metadata" tests="0" assertions="0" failures="0" errors="0" time="0.000000"/>
    <testsuite name="Sonata\MediaBundle\Tests\Media\MediaTest" file="/Users/ronan/Sites/sandbox/vendor/sonata-project/media-bundle/Tests/Model/MediaTest.php" namespace="Sonata\MediaBundle\Tests\Media" fullPackage="Sonata.MediaBundle.Tests.Media" tests="2" assertions="8" failures="0" errors="0" time="0.002889">
      <testcase name="testSetMetadataValue" class="Sonata\MediaBundle\Tests\Media\MediaTest" file="/Users/ronan/Sites/sandbox/vendor/sonata-project/media-bundle/Tests/Model/MediaTest.php" line="16" assertions="6" time="0.002373"/>
      <testcase name="testUnsetMetadataValue" class="Sonata\MediaBundle\Tests\Media\MediaTest" file="/Users/ronan/Sites/sandbox/vendor/sonata-project/media-bundle/Tests/Model/MediaTest.php" line="44" assertions="2" time="0.000516"/>
    </testsuite>
    <testsuite name="Sonata\MediaBundle\Tests\PHPCR\MediaManagerTest" file="/Users/ronan/Sites/sandbox/vendor/sonata-project/media-bundle/Tests/PHPCR/MediaManagerTest.php" namespace="Sonata\MediaBundle\Tests\PHPCR" fullPackage="Sonata.MediaBundle.Tests.PHPCR" tests="0" assertions="0" failures="0" errors="0" time="0.000000"/>
    <testsuite name="Sonata\MediaBundle\Tests\Provider\BaseProviderTest" file="/Users/ronan/Sites/sandbox/vendor/sonata-project/media-bundle/Tests/Provider/BaseProviderTest.php" namespace="Sonata\MediaBundle\Tests\Provider" fullPackage="Sonata.MediaBundle.Tests.Provider" tests="3" assertions="17" failures="0" errors="0" time="0.006899">
      <testcase name="testBaseProvider" class="Sonata\MediaBundle\Tests\Provider\BaseProviderTest" file="/Users/ronan/Sites/sandbox/vendor/sonata-project/media-bundle/Tests/Provider/BaseProviderTest.php" line="46" assertions="9" time="0.005198"/>
      <testcase name="testGetCdnPath" class="Sonata\MediaBundle\Tests\Provider\BaseProviderTest" file="/Users/ronan/Sites/sandbox/vendor/sonata-project/media-bundle/Tests/Provider/BaseProviderTest.php" line="71" assertions="2" time="0.000594"/>
      <testcase name="testMetadata" class="Sonata\MediaBundle\Tests\Provider\BaseProviderTest" file="/Users/ronan/Sites/sandbox/vendor/sonata-project/media-bundle/Tests/Provider/BaseProviderTest.php" line="77" assertions="6" time="0.001107"/>
    </testsuite>
    <testsuite name="Sonata\MediaBundle\Tests\Provider\DailyMotionProviderTest" file="/Users/ronan/Sites/sandbox/vendor/sonata-project/media-bundle/Tests/Provider/DailyMotionProviderTest.php" namespace="Sonata\MediaBundle\Tests\Provider" fullPackage="Sonata.MediaBundle.Tests.Provider" tests="6" assertions="31" failures="0" errors="0" time="0.069014">
      <testcase name="testProvider" class="Sonata\MediaBundle\Tests\Provider\DailyMotionProviderTest" file="/Users/ronan/Sites/sandbox/vendor/sonata-project/media-bundle/Tests/Provider/DailyMotionProviderTest.php" line="53" assertions="5" time="0.017026"/>
      <testcase name="testThumbnail" class="Sonata\MediaBundle\Tests\Provider\DailyMotionProviderTest" file="/Users/ronan/Sites/sandbox/vendor/sonata-project/media-bundle/Tests/Provider/DailyMotionProviderTest.php" line="72" assertions="7" time="0.004315"/>
      <testcase name="testTransformWithSig" class="Sonata\MediaBundle\Tests\Provider\DailyMotionProviderTest" file="/Users/ronan/Sites/sandbox/vendor/sonata-project/media-bundle/Tests/Provider/DailyMotionProviderTest.php" line="103" assertions="5" time="0.018861"/>
      <testcase name="testTransformWithUrl" class="Sonata\MediaBundle\Tests\Provider\DailyMotionProviderTest" file="/Users/ronan/Sites/sandbox/vendor/sonata-project/media-bundle/Tests/Provider/DailyMotionProviderTest.php" line="126" assertions="5" time="0.001804"/>
      <testcase name="testForm" class="Sonata\MediaBundle\Tests\Provider\DailyMotionProviderTest" file="/Users/ronan/Sites/sandbox/vendor/sonata-project/media-bundle/Tests/Provider/DailyMotionProviderTest.php" line="149" assertions="4" time="0.023922"/>
      <testcase name="testHelperProperies" class="Sonata\MediaBundle\Tests\Provider\DailyMotionProviderTest" file="/Users/ronan/Sites/sandbox/vendor/sonata-project/media-bundle/Tests/Provider/DailyMotionProviderTest.php" line="172" assertions="5" time="0.003086"/>
    </testsuite>
    <testsuite name="Sonata\MediaBundle\Tests\Provider\FileProviderTest" file="/Users/ronan/Sites/sandbox/vendor/sonata-project/media-bundle/Tests/Provider/FileProviderTest.php" namespace="Sonata\MediaBundle\Tests\Provider" fullPackage="Sonata.MediaBundle.Tests.Provider" tests="6" assertions="33" failures="0" errors="0" time="0.068833">
      <testcase name="testProvider" class="Sonata\MediaBundle\Tests\Provider\FileProviderTest" file="/Users/ronan/Sites/sandbox/vendor/sonata-project/media-bundle/Tests/Provider/FileProviderTest.php" line="48" assertions="6" time="0.003663"/>
      <testcase name="testHelperProperies" class="Sonata\MediaBundle\Tests\Provider\FileProviderTest" file="/Users/ronan/Sites/sandbox/vendor/sonata-project/media-bundle/Tests/Provider/FileProviderTest.php" line="66" assertions="5" time="0.001782"/>
      <testcase name="testForm" class="Sonata\MediaBundle\Tests\Provider\FileProviderTest" file="/Users/ronan/Sites/sandbox/vendor/sonata-project/media-bundle/Tests/Provider/FileProviderTest.php" line="83" assertions="5" time="0.001665"/>
      <testcase name="testThumbnail" class="Sonata\MediaBundle\Tests\Provider\FileProviderTest" file="/Users/ronan/Sites/sandbox/vendor/sonata-project/media-bundle/Tests/Provider/FileProviderTest.php" line="105" assertions="3" time="0.000843"/>
      <testcase name="testEvent" class="Sonata\MediaBundle\Tests\Provider\FileProviderTest" file="/Users/ronan/Sites/sandbox/vendor/sonata-project/media-bundle/Tests/Provider/FileProviderTest.php" line="116" assertions="10" time="0.058996"/>
      <testcase name="testDownload" class="Sonata\MediaBundle\Tests\Provider\FileProviderTest" file="/Users/ronan/Sites/sandbox/vendor/sonata-project/media-bundle/Tests/Provider/FileProviderTest.php" line="152" assertions="4" time="0.001884"/>
    </testsuite>
    <testsuite name="Sonata\MediaBundle\Tests\Provider\ImageProviderTest" file="/Users/ronan/Sites/sandbox/vendor/sonata-project/media-bundle/Tests/Provider/ImageProviderTest.php" namespace="Sonata\MediaBundle\Tests\Provider" fullPackage="Sonata.MediaBundle.Tests.Provider" tests="4" assertions="33" failures="0" errors="0" time="0.073633">
      <testcase name="testProvider" class="Sonata\MediaBundle\Tests\Provider\ImageProviderTest" file="/Users/ronan/Sites/sandbox/vendor/sonata-project/media-bundle/Tests/Provider/ImageProviderTest.php" line="58" assertions="9" time="0.064577"/>
      <testcase name="testHelperProperies" class="Sonata\MediaBundle\Tests\Provider\ImageProviderTest" file="/Users/ronan/Sites/sandbox/vendor/sonata-project/media-bundle/Tests/Provider/ImageProviderTest.php" line="75" assertions="9" time="0.002934"/>
      <testcase name="testThumbnail" class="Sonata\MediaBundle\Tests\Provider\ImageProviderTest" file="/Users/ronan/Sites/sandbox/vendor/sonata-project/media-bundle/Tests/Provider/ImageProviderTest.php" line="100" assertions="8" time="0.001561"/>
      <testcase name="testEvent" class="Sonata\MediaBundle\Tests\Provider\ImageProviderTest" file="/Users/ronan/Sites/sandbox/vendor/sonata-project/media-bundle/Tests/Provider/ImageProviderTest.php" line="121" assertions="7" time="0.004561"/>
    </testsuite>
    <testsuite name="Sonata\MediaBundle\Tests\Provider\VimeoProviderTest" file="/Users/ronan/Sites/sandbox/vendor/sonata-project/media-bundle/Tests/Provider/VimeoProviderTest.php" namespace="Sonata\MediaBundle\Tests\Provider" fullPackage="Sonata.MediaBundle.Tests.Provider" tests="6" assertions="31" failures="0" errors="0" time="0.008149">
      <testcase name="testProvider" class="Sonata\MediaBundle\Tests\Provider\VimeoProviderTest" file="/Users/ronan/Sites/sandbox/vendor/sonata-project/media-bundle/Tests/Provider/VimeoProviderTest.php" line="53" assertions="5" time="0.001736"/>
      <testcase name="testThumbnail" class="Sonata\MediaBundle\Tests\Provider\VimeoProviderTest" file="/Users/ronan/Sites/sandbox/vendor/sonata-project/media-bundle/Tests/Provider/VimeoProviderTest.php" line="71" assertions="7" time="0.001344"/>
      <testcase name="testTransformWithSig" class="Sonata\MediaBundle\Tests\Provider\VimeoProviderTest" file="/Users/ronan/Sites/sandbox/vendor/sonata-project/media-bundle/Tests/Provider/VimeoProviderTest.php" line="102" assertions="5" time="0.001365"/>
      <testcase name="testTransformWithUrl" class="Sonata\MediaBundle\Tests\Provider\VimeoProviderTest" file="/Users/ronan/Sites/sandbox/vendor/sonata-project/media-bundle/Tests/Provider/VimeoProviderTest.php" line="126" assertions="5" time="0.001046"/>
      <testcase name="testForm" class="Sonata\MediaBundle\Tests\Provider\VimeoProviderTest" file="/Users/ronan/Sites/sandbox/vendor/sonata-project/media-bundle/Tests/Provider/VimeoProviderTest.php" line="150" assertions="4" time="0.001483"/>
      <testcase name="testHelperProperies" class="Sonata\MediaBundle\Tests\Provider\VimeoProviderTest" file="/Users/ronan/Sites/sandbox/vendor/sonata-project/media-bundle/Tests/Provider/VimeoProviderTest.php" line="173" assertions="5" time="0.001175"/>
    </testsuite>
    <testsuite name="Sonata\MediaBundle\Tests\Provider\YoutubeProviderTest" file="/Users/ronan/Sites/sandbox/vendor/sonata-project/media-bundle/Tests/Provider/YouTubeProviderTest.php" namespace="Sonata\MediaBundle\Tests\Provider" fullPackage="Sonata.MediaBundle.Tests.Provider" tests="6" assertions="31" failures="0" errors="0" time="0.007718">
      <testcase name="testProvider" class="Sonata\MediaBundle\Tests\Provider\YoutubeProviderTest" file="/Users/ronan/Sites/sandbox/vendor/sonata-project/media-bundle/Tests/Provider/YouTubeProviderTest.php" line="53" assertions="5" time="0.001291"/>
      <testcase name="testThumbnail" class="Sonata\MediaBundle\Tests\Provider\YoutubeProviderTest" file="/Users/ronan/Sites/sandbox/vendor/sonata-project/media-bundle/Tests/Provider/YouTubeProviderTest.php" line="72" assertions="7" time="0.001327"/>
      <testcase name="testTransformWithSig" class="Sonata\MediaBundle\Tests\Provider\YoutubeProviderTest" file="/Users/ronan/Sites/sandbox/vendor/sonata-project/media-bundle/Tests/Provider/YouTubeProviderTest.php" line="102" assertions="5" time="0.001325"/>
      <testcase name="testTransformWithUrl" class="Sonata\MediaBundle\Tests\Provider\YoutubeProviderTest" file="/Users/ronan/Sites/sandbox/vendor/sonata-project/media-bundle/Tests/Provider/YouTubeProviderTest.php" line="125" assertions="5" time="0.001011"/>
      <testcase name="testForm" class="Sonata\MediaBundle\Tests\Provider\YoutubeProviderTest" file="/Users/ronan/Sites/sandbox/vendor/sonata-project/media-bundle/Tests/Provider/YouTubeProviderTest.php" line="148" assertions="4" time="0.001608"/>
      <testcase name="testHelperProperties" class="Sonata\MediaBundle\Tests\Provider\YoutubeProviderTest" file="/Users/ronan/Sites/sandbox/vendor/sonata-project/media-bundle/Tests/Provider/YouTubeProviderTest.php" line="171" assertions="5" time="0.001156"/>
    </testsuite>
    <testsuite name="Sonata\MediaBundle\Tests\Resizer\SimpleResizerTest" file="/Users/ronan/Sites/sandbox/vendor/sonata-project/media-bundle/Tests/Resizer/SimpleResizerTest.php" namespace="Sonata\MediaBundle\Tests\Resizer" fullPackage="Sonata.MediaBundle.Tests.Resizer" tests="11" assertions="41" failures="0" errors="0" time="0.035335">
      <testcase name="testResizeWithNoWidth" class="Sonata\MediaBundle\Tests\Resizer\SimpleResizerTest" file="/Users/ronan/Sites/sandbox/vendor/sonata-project/media-bundle/Tests/Resizer/SimpleResizerTest.php" line="25" assertions="1" time="0.000858"/>
      <testcase name="testResize" class="Sonata\MediaBundle\Tests\Resizer\SimpleResizerTest" file="/Users/ronan/Sites/sandbox/vendor/sonata-project/media-bundle/Tests/Resizer/SimpleResizerTest.php" line="36" assertions="4" time="0.026411"/>
      <testsuite name="Sonata\MediaBundle\Tests\Resizer\SimpleResizerTest::testGetBox" tests="9" assertions="36" failures="0" errors="0" time="0.008066">
        <testcase name="testGetBox with data set #0" assertions="4" time="0.001268"/>
        <testcase name="testGetBox with data set #1" assertions="4" time="0.000952"/>
        <testcase name="testGetBox with data set #2" assertions="4" time="0.000944"/>
        <testcase name="testGetBox with data set #3" assertions="4" time="0.000962"/>
        <testcase name="testGetBox with data set #4" assertions="4" time="0.000958"/>
        <testcase name="testGetBox with data set #5" assertions="4" time="0.000787"/>
        <testcase name="testGetBox with data set #6" assertions="4" time="0.000775"/>
        <testcase name="testGetBox with data set #7" assertions="4" time="0.000793"/>
        <testcase name="testGetBox with data set #8" assertions="4" time="0.000627"/>
      </testsuite>
    </testsuite>
    <testsuite name="Sonata\MediaBundle\Tests\Resizer\SquareResizerTest" file="/Users/ronan/Sites/sandbox/vendor/sonata-project/media-bundle/Tests/Resizer/SquareResizerTest.php" namespace="Sonata\MediaBundle\Tests\Resizer" fullPackage="Sonata.MediaBundle.Tests.Resizer" tests="5" assertions="17" failures="0" errors="0" time="0.016578">
      <testcase name="testResizeWithNoWidth" class="Sonata\MediaBundle\Tests\Resizer\SquareResizerTest" file="/Users/ronan/Sites/sandbox/vendor/sonata-project/media-bundle/Tests/Resizer/SquareResizerTest.php" line="25" assertions="1" time="0.011644"/>
      <testsuite name="Sonata\MediaBundle\Tests\Resizer\SquareResizerTest::testGetBox" tests="4" assertions="16" failures="0" errors="0" time="0.004934">
        <testcase name="testGetBox with data set #0" assertions="4" time="0.001655"/>
        <testcase name="testGetBox with data set #1" assertions="4" time="0.001098"/>
        <testcase name="testGetBox with data set #2" assertions="4" time="0.001111"/>
        <testcase name="testGetBox with data set #3" assertions="4" time="0.001070"/>
      </testsuite>
    </testsuite>
    <testsuite name="Sonata\MediaBundle\Tests\Security\ForbiddenDownloadStrategyTest" file="/Users/ronan/Sites/sandbox/vendor/sonata-project/media-bundle/Tests/Security/ForbiddenDownloadStrategyTest.php" namespace="Sonata\MediaBundle\Tests\Security" fullPackage="Sonata.MediaBundle.Tests.Security" tests="1" assertions="1" failures="0" errors="0" time="0.014446">
      <testcase name="testIsGranted" class="Sonata\MediaBundle\Tests\Security\ForbiddenDownloadStrategyTest" file="/Users/ronan/Sites/sandbox/vendor/sonata-project/media-bundle/Tests/Security/ForbiddenDownloadStrategyTest.php" line="18" assertions="1" time="0.014446"/>
    </testsuite>
    <testsuite name="Sonata\MediaBundle\Tests\Security\PublicDownloadStrategyTest" file="/Users/ronan/Sites/sandbox/vendor/sonata-project/media-bundle/Tests/Security/PublicDownloadStrategyTest.php" namespace="Sonata\MediaBundle\Tests\Security" fullPackage="Sonata.MediaBundle.Tests.Security" tests="1" assertions="1" failures="0" errors="0" time="0.000966">
      <testcase name="testIsGranted" class="Sonata\MediaBundle\Tests\Security\PublicDownloadStrategyTest" file="/Users/ronan/Sites/sandbox/vendor/sonata-project/media-bundle/Tests/Security/PublicDownloadStrategyTest.php" line="18" assertions="1" time="0.000966"/>
    </testsuite>
    <testsuite name="Sonata\MediaBundle\Tests\Security\RolesDownloadStrategyTest" file="/Users/ronan/Sites/sandbox/vendor/sonata-project/media-bundle/Tests/Security/RolesDownloadStrategyTest.php" namespace="Sonata\MediaBundle\Tests\Security" fullPackage="Sonata.MediaBundle.Tests.Security" tests="2" assertions="4" failures="0" errors="0" time="0.003848">
      <testcase name="testIsGrantedTrue" class="Sonata\MediaBundle\Tests\Security\RolesDownloadStrategyTest" file="/Users/ronan/Sites/sandbox/vendor/sonata-project/media-bundle/Tests/Security/RolesDownloadStrategyTest.php" line="18" assertions="2" time="0.002713"/>
      <testcase name="testIsGrantedFalse" class="Sonata\MediaBundle\Tests\Security\RolesDownloadStrategyTest" file="/Users/ronan/Sites/sandbox/vendor/sonata-project/media-bundle/Tests/Security/RolesDownloadStrategyTest.php" line="38" assertions="2" time="0.001135"/>
    </testsuite>
    <testsuite name="Sonata\MediaBundle\Tests\Security\FormatThumbnailTest" file="/Users/ronan/Sites/sandbox/vendor/sonata-project/media-bundle/Tests/Thumbnail/FormatThumbnailTest.php" namespace="Sonata\MediaBundle\Tests\Security" fullPackage="Sonata.MediaBundle.Tests.Security" tests="1" assertions="3" failures="0" errors="0" time="0.014984">
      <testcase name="testGenerate" class="Sonata\MediaBundle\Tests\Security\FormatThumbnailTest" file="/Users/ronan/Sites/sandbox/vendor/sonata-project/media-bundle/Tests/Thumbnail/FormatThumbnailTest.php" line="24" assertions="3" time="0.014984"/>
    </testsuite>
    <testsuite name="Sonata\MediaBundle\Tests\Validator\Constraints\ValidMediaFormatTest" file="/Users/ronan/Sites/sandbox/vendor/sonata-project/media-bundle/Tests/Validator/Constraints/ValidMediaFormatTest.php" namespace="Sonata\MediaBundle\Tests\Validator\Constraints" fullPackage="Sonata.MediaBundle.Tests.Validator.Constraints" tests="1" assertions="2" failures="0" errors="0" time="0.000434">
      <testcase name="testInstance" class="Sonata\MediaBundle\Tests\Validator\Constraints\ValidMediaFormatTest" file="/Users/ronan/Sites/sandbox/vendor/sonata-project/media-bundle/Tests/Validator/Constraints/ValidMediaFormatTest.php" line="19" assertions="2" time="0.000434"/>
    </testsuite>
    <testsuite name="Sonata\MediaBundle\Tests\Validator\FormatThumbnailTest" file="/Users/ronan/Sites/sandbox/vendor/sonata-project/media-bundle/Tests/Validator/FormatValidatorTest.php" namespace="Sonata\MediaBundle\Tests\Validator" fullPackage="Sonata.MediaBundle.Tests.Validator" tests="2" assertions="4" failures="0" errors="0" time="0.006169">
      <testcase name="testValidate" class="Sonata\MediaBundle\Tests\Validator\FormatThumbnailTest" file="/Users/ronan/Sites/sandbox/vendor/sonata-project/media-bundle/Tests/Validator/FormatValidatorTest.php" line="20" assertions="2" time="0.005011"/>
      <testcase name="testValidateWithValidContext" class="Sonata\MediaBundle\Tests\Validator\FormatThumbnailTest" file="/Users/ronan/Sites/sandbox/vendor/sonata-project/media-bundle/Tests/Validator/FormatValidatorTest.php" line="38" assertions="2" time="0.001158"/>
    </testsuite>
  </testsuite>
</testsuites>
