<?xml version="1.0" encoding="UTF-8"?>
<testsuite errors="0" failures="2" skipped="0" name="Check the Product controller calls for ProductBundle" tests="26" time="9.701904">
    <testcase classname="Check the Product controller calls for ProductBundle" name="Retrieve all available products, Ex #1" time="0.498936" assertions="62">
    </testcase>
    <testcase classname="Check the Product controller calls for ProductBundle" name="Retrieve all available products, Ex #2" time="0.460663" assertions="67">
    </testcase>
    <testcase classname="Check the Product controller calls for ProductBundle" name="Retrieve a specific product by an unique ID, Ex #1" time="0.334533" assertions="72">
    </testcase>
    <testcase classname="Check the Product controller calls for ProductBundle" name="Retrieve a specific product by an unique ID, Ex #2" time="0.302809" assertions="77">
    </testcase>
    <testcase classname="Check the Product controller calls for ProductBundle" name="Retrieve all categories for a specific product identified by an unique ID, Ex #1" time="0.544926" assertions="82">
    </testcase>
    <testcase classname="Check the Product controller calls for ProductBundle" name="Retrieve all categories for a specific product identified by an unique ID, Ex #2" time="0.615287" assertions="87">
    </testcase>
    <testcase classname="Check the Product controller calls for ProductBundle" name="Retrieve all collections for a specific product identified by an unique ID, Ex #1" time="0.248770" assertions="92">
    </testcase>
    <testcase classname="Check the Product controller calls for ProductBundle" name="Retrieve all collections for a specific product identified by an unique ID, Ex #2" time="0.229722" assertions="97">
    </testcase>
    <testcase classname="Check the Product controller calls for ProductBundle" name="Retrieve all deliveries for a specific product identified by an unique ID, Ex #1" time="0.235919" assertions="102">
    </testcase>
    <testcase classname="Check the Product controller calls for ProductBundle" name="Retrieve all deliveries for a specific product identified by an unique ID, Ex #2" time="0.436413" assertions="107">
    </testcase>
    <testcase classname="Check the Product controller calls for ProductBundle" name="Retrieve all packages for a specific product identified by an unique ID, Ex #1" time="0.406486" assertions="112">
    </testcase>
    <testcase classname="Check the Product controller calls for ProductBundle" name="Retrieve all packages for a specific product identified by an unique ID, Ex #2" time="0.418647" assertions="117">
    </testcase>
    <testcase classname="Check the Product controller calls for ProductBundle" name="Retrieve all productcategories for a specific product identified by an unique ID, Ex #1" time="0.428633" assertions="122">
    </testcase>
    <testcase classname="Check the Product controller calls for ProductBundle" name="Retrieve all productcategories for a specific product identified by an unique ID, Ex #2" time="0.505932" assertions="127">
    </testcase>
    <testcase classname="Check the Product controller calls for ProductBundle" name="Retrieve all productcollections for a specific product identified by an unique ID, Ex #1" time="0.323734" assertions="132">
    </testcase>
    <testcase classname="Check the Product controller calls for ProductBundle" name="Retrieve all productcollections for a specific product identified by an unique ID, Ex #2" time="0.241082" assertions="137">
    </testcase>
    <testcase classname="Check the Product controller calls for ProductBundle" name="Retrieve all variations for a specific product identified by an unique ID, Ex #1" time="0.213541" assertions="142">
        <failure message="Failed asserting that 404 is identical to 200." type="failed"><![CDATA[
exception 'PHPUnit_Framework_ExpectationFailedException' with message 'Failed asserting that 404 is identical to 200.' in /Users/ronan/Sites/sandbox/vendor/phpunit/phpunit/PHPUnit/Framework/Constraint.php:144
Stack trace:
#0 /Users/ronan/Sites/sandbox/vendor/phpunit/phpunit/PHPUnit/Framework/Constraint/IsIdentical.php(132): PHPUnit_Framework_Constraint->fail(404, '', NULL)
#1 /Users/ronan/Sites/sandbox/vendor/phpunit/phpunit/PHPUnit/Framework/Assert.php(2134): PHPUnit_Framework_Constraint_IsIdentical->evaluate(404, '')
#2 /Users/ronan/Sites/sandbox/vendor/phpunit/phpunit/PHPUnit/Framework/Assert.php(1095): PHPUnit_Framework_Assert::assertThat(404, Object(PHPUnit_Framework_Constraint_IsIdentical), '')
#3 [internal function]: PHPUnit_Framework_Assert::assertSame(200, 404)
#4 /Users/ronan/Sites/sandbox/vendor/phpunit/phpunit/PHPUnit/Framework/Assert/Functions.php(1223): call_user_func_array('PHPUnit_Framewo...', Array)
#5 /Users/ronan/Sites/sandbox/vendor/behat/common-contexts/Behat/CommonContexts/WebApiContext.php(153): assertSame(200, 404)
#6 [internal function]: Behat\CommonContexts\WebApiContext->theResponseCodeShouldBe('200')
#7 /Users/ronan/Sites/sandbox/vendor/behat/behat/src/Behat/Behat/Definition/Annotation/Definition.php(155): call_user_func_array(Array, Array)
#8 /Users/ronan/Sites/sandbox/vendor/behat/behat/src/Behat/Behat/Tester/StepTester.php(157): Behat\Behat\Definition\Annotation\Definition->run(Object(FeatureContext))
#9 /Users/ronan/Sites/sandbox/vendor/behat/behat/src/Behat/Behat/Tester/StepTester.php(126): Behat\Behat\Tester\StepTester->executeStepDefinition(Object(Behat\Gherkin\Node\ExampleStepNode), Object(Behat\Behat\Definition\Annotation\Then))
#10 /Users/ronan/Sites/sandbox/vendor/behat/behat/src/Behat/Behat/Tester/StepTester.php(95): Behat\Behat\Tester\StepTester->executeStep(Object(Behat\Gherkin\Node\ExampleStepNode))
#11 /Users/ronan/Sites/sandbox/vendor/behat/gherkin/src/Behat/Gherkin/Node/AbstractNode.php(42): Behat\Behat\Tester\StepTester->visit(Object(Behat\Gherkin\Node\ExampleStepNode))
#12 /Users/ronan/Sites/sandbox/vendor/behat/behat/src/Behat/Behat/Tester/ScenarioTester.php(148): Behat\Gherkin\Node\AbstractNode->accept(Object(Behat\Behat\Tester\StepTester))
#13 /Users/ronan/Sites/sandbox/vendor/behat/behat/src/Behat/Behat/Tester/OutlineTester.php(98): Behat\Behat\Tester\ScenarioTester->visitStep(Object(Behat\Gherkin\Node\StepNode), Object(Behat\Gherkin\Node\OutlineNode), Object(FeatureContext), Array, false)
#14 /Users/ronan/Sites/sandbox/vendor/behat/behat/src/Behat/Behat/Tester/OutlineTester.php(56): Behat\Behat\Tester\OutlineTester->visitOutlineExample(Object(Behat\Gherkin\Node\OutlineNode), 0, Array)
#15 /Users/ronan/Sites/sandbox/vendor/behat/gherkin/src/Behat/Gherkin/Node/AbstractNode.php(42): Behat\Behat\Tester\OutlineTester->visit(Object(Behat\Gherkin\Node\OutlineNode))
#16 /Users/ronan/Sites/sandbox/vendor/behat/behat/src/Behat/Behat/Tester/FeatureTester.php(88): Behat\Gherkin\Node\AbstractNode->accept(Object(Behat\Behat\Tester\OutlineTester))
#17 /Users/ronan/Sites/sandbox/vendor/behat/gherkin/src/Behat/Gherkin/Node/AbstractNode.php(42): Behat\Behat\Tester\FeatureTester->visit(Object(Behat\Gherkin\Node\FeatureNode))
#18 /Users/ronan/Sites/sandbox/vendor/behat/behat/src/Behat/Behat/Console/Command/BehatCommand.php(150): Behat\Gherkin\Node\AbstractNode->accept(Object(Behat\Behat\Tester\FeatureTester))
#19 /Users/ronan/Sites/sandbox/vendor/behat/behat/src/Behat/Behat/Console/Command/BehatCommand.php(128): Behat\Behat\Console\Command\BehatCommand->runFeatures(Object(Behat\Gherkin\Gherkin))
#20 /Users/ronan/Sites/sandbox/vendor/symfony/symfony/src/Symfony/Component/Console/Command/Command.php(244): Behat\Behat\Console\Command\BehatCommand->execute(Object(Symfony\Component\Console\Input\ArgvInput), Object(Symfony\Component\Console\Output\ConsoleOutput))
#21 /Users/ronan/Sites/sandbox/vendor/symfony/symfony/src/Symfony/Component/Console/Application.php(891): Symfony\Component\Console\Command\Command->run(Object(Symfony\Component\Console\Input\ArgvInput), Object(Symfony\Component\Console\Output\ConsoleOutput))
#22 /Users/ronan/Sites/sandbox/vendor/symfony/symfony/src/Symfony/Component/Console/Application.php(191): Symfony\Component\Console\Application->doRunCommand(Object(Behat\Behat\Console\Command\BehatCommand), Object(Symfony\Component\Console\Input\ArgvInput), Object(Symfony\Component\Console\Output\ConsoleOutput))
#23 /Users/ronan/Sites/sandbox/vendor/behat/behat/src/Behat/Behat/Console/BehatApplication.php(68): Symfony\Component\Console\Application->doRun(Object(Symfony\Component\Console\Input\ArgvInput), Object(Symfony\Component\Console\Output\ConsoleOutput))
#24 /Users/ronan/Sites/sandbox/vendor/symfony/symfony/src/Symfony/Component/Console/Application.php(121): Behat\Behat\Console\BehatApplication->doRun(Object(Symfony\Component\Console\Input\ArgvInput), Object(Symfony\Component\Console\Output\ConsoleOutput))
#25 /Users/ronan/Sites/sandbox/vendor/behat/behat/bin/behat(32): Symfony\Component\Console\Application->run()
#26 {main}
]]></failure>
    </testcase>
    <testcase classname="Check the Product controller calls for ProductBundle" name="Retrieve all variations for a specific product identified by an unique ID, Ex #2" time="0.224387" assertions="147">
        <failure message="Failed asserting that 404 is identical to 200." type="failed"><![CDATA[
exception 'PHPUnit_Framework_ExpectationFailedException' with message 'Failed asserting that 404 is identical to 200.' in /Users/ronan/Sites/sandbox/vendor/phpunit/phpunit/PHPUnit/Framework/Constraint.php:144
Stack trace:
#0 /Users/ronan/Sites/sandbox/vendor/phpunit/phpunit/PHPUnit/Framework/Constraint/IsIdentical.php(132): PHPUnit_Framework_Constraint->fail(404, '', NULL)
#1 /Users/ronan/Sites/sandbox/vendor/phpunit/phpunit/PHPUnit/Framework/Assert.php(2134): PHPUnit_Framework_Constraint_IsIdentical->evaluate(404, '')
#2 /Users/ronan/Sites/sandbox/vendor/phpunit/phpunit/PHPUnit/Framework/Assert.php(1095): PHPUnit_Framework_Assert::assertThat(404, Object(PHPUnit_Framework_Constraint_IsIdentical), '')
#3 [internal function]: PHPUnit_Framework_Assert::assertSame(200, 404)
#4 /Users/ronan/Sites/sandbox/vendor/phpunit/phpunit/PHPUnit/Framework/Assert/Functions.php(1223): call_user_func_array('PHPUnit_Framewo...', Array)
#5 /Users/ronan/Sites/sandbox/vendor/behat/common-contexts/Behat/CommonContexts/WebApiContext.php(153): assertSame(200, 404)
#6 [internal function]: Behat\CommonContexts\WebApiContext->theResponseCodeShouldBe('200')
#7 /Users/ronan/Sites/sandbox/vendor/behat/behat/src/Behat/Behat/Definition/Annotation/Definition.php(155): call_user_func_array(Array, Array)
#8 /Users/ronan/Sites/sandbox/vendor/behat/behat/src/Behat/Behat/Tester/StepTester.php(157): Behat\Behat\Definition\Annotation\Definition->run(Object(FeatureContext))
#9 /Users/ronan/Sites/sandbox/vendor/behat/behat/src/Behat/Behat/Tester/StepTester.php(126): Behat\Behat\Tester\StepTester->executeStepDefinition(Object(Behat\Gherkin\Node\ExampleStepNode), Object(Behat\Behat\Definition\Annotation\Then))
#10 /Users/ronan/Sites/sandbox/vendor/behat/behat/src/Behat/Behat/Tester/StepTester.php(95): Behat\Behat\Tester\StepTester->executeStep(Object(Behat\Gherkin\Node\ExampleStepNode))
#11 /Users/ronan/Sites/sandbox/vendor/behat/gherkin/src/Behat/Gherkin/Node/AbstractNode.php(42): Behat\Behat\Tester\StepTester->visit(Object(Behat\Gherkin\Node\ExampleStepNode))
#12 /Users/ronan/Sites/sandbox/vendor/behat/behat/src/Behat/Behat/Tester/ScenarioTester.php(148): Behat\Gherkin\Node\AbstractNode->accept(Object(Behat\Behat\Tester\StepTester))
#13 /Users/ronan/Sites/sandbox/vendor/behat/behat/src/Behat/Behat/Tester/OutlineTester.php(98): Behat\Behat\Tester\ScenarioTester->visitStep(Object(Behat\Gherkin\Node\StepNode), Object(Behat\Gherkin\Node\OutlineNode), Object(FeatureContext), Array, false)
#14 /Users/ronan/Sites/sandbox/vendor/behat/behat/src/Behat/Behat/Tester/OutlineTester.php(56): Behat\Behat\Tester\OutlineTester->visitOutlineExample(Object(Behat\Gherkin\Node\OutlineNode), 1, Array)
#15 /Users/ronan/Sites/sandbox/vendor/behat/gherkin/src/Behat/Gherkin/Node/AbstractNode.php(42): Behat\Behat\Tester\OutlineTester->visit(Object(Behat\Gherkin\Node\OutlineNode))
#16 /Users/ronan/Sites/sandbox/vendor/behat/behat/src/Behat/Behat/Tester/FeatureTester.php(88): Behat\Gherkin\Node\AbstractNode->accept(Object(Behat\Behat\Tester\OutlineTester))
#17 /Users/ronan/Sites/sandbox/vendor/behat/gherkin/src/Behat/Gherkin/Node/AbstractNode.php(42): Behat\Behat\Tester\FeatureTester->visit(Object(Behat\Gherkin\Node\FeatureNode))
#18 /Users/ronan/Sites/sandbox/vendor/behat/behat/src/Behat/Behat/Console/Command/BehatCommand.php(150): Behat\Gherkin\Node\AbstractNode->accept(Object(Behat\Behat\Tester\FeatureTester))
#19 /Users/ronan/Sites/sandbox/vendor/behat/behat/src/Behat/Behat/Console/Command/BehatCommand.php(128): Behat\Behat\Console\Command\BehatCommand->runFeatures(Object(Behat\Gherkin\Gherkin))
#20 /Users/ronan/Sites/sandbox/vendor/symfony/symfony/src/Symfony/Component/Console/Command/Command.php(244): Behat\Behat\Console\Command\BehatCommand->execute(Object(Symfony\Component\Console\Input\ArgvInput), Object(Symfony\Component\Console\Output\ConsoleOutput))
#21 /Users/ronan/Sites/sandbox/vendor/symfony/symfony/src/Symfony/Component/Console/Application.php(891): Symfony\Component\Console\Command\Command->run(Object(Symfony\Component\Console\Input\ArgvInput), Object(Symfony\Component\Console\Output\ConsoleOutput))
#22 /Users/ronan/Sites/sandbox/vendor/symfony/symfony/src/Symfony/Component/Console/Application.php(191): Symfony\Component\Console\Application->doRunCommand(Object(Behat\Behat\Console\Command\BehatCommand), Object(Symfony\Component\Console\Input\ArgvInput), Object(Symfony\Component\Console\Output\ConsoleOutput))
#23 /Users/ronan/Sites/sandbox/vendor/behat/behat/src/Behat/Behat/Console/BehatApplication.php(68): Symfony\Component\Console\Application->doRun(Object(Symfony\Component\Console\Input\ArgvInput), Object(Symfony\Component\Console\Output\ConsoleOutput))
#24 /Users/ronan/Sites/sandbox/vendor/symfony/symfony/src/Symfony/Component/Console/Application.php(121): Behat\Behat\Console\BehatApplication->doRun(Object(Symfony\Component\Console\Input\ArgvInput), Object(Symfony\Component\Console\Output\ConsoleOutput))
#25 /Users/ronan/Sites/sandbox/vendor/behat/behat/bin/behat(32): Symfony\Component\Console\Application->run()
#26 {main}
]]></failure>
    </testcase>
    <testcase classname="Check the Product controller calls for ProductBundle" name="Post new product with errors" time="0.271546" assertions="6">
    </testcase>
    <testcase classname="Check the Product controller calls for ProductBundle" name="Product full workflow" time="2.747858" assertions="34">
    </testcase>
</testsuite>
