<?xml version="1.0" encoding="UTF-8"?>
<testsuite errors="0" failures="3" skipped="0" name="Make sure there is no regression" tests="187" time="0.540323">
    <testcase classname="Make sure there is no regression" name="Make sure a subrequest can resolve the current selected website" time="0.191664" assertions="2">
        <failure message="The text &quot;The sub request current site name is: localhost&quot; was not found anywhere in the text of the current page." type="failed"><![CDATA[
The text "The sub request current site name is: localhost" was not found anywhere in the text of the current page.

+--[ HTTP/1.1 200 | http://demo.sonata-project.org/qa/page/controller-helper | GoutteDriver ]
|
|  Page Bundle Solving Make HostSiteSelector working again Rendering render_hinclude <hx:include src="/_fragment?_path=pathInfo%3D%252Fqa%252Fpage%252Fcontroller-helper%26_format%3Dhtml%26_locale%3Den%26_controller%3DSonataQABundle%253APage%253AinternalController&amp;_hash=l1WqPeMMJVmRcsN8TXJisRFz0Hc%3D"></hx:include> render The sub request current site name is: demo.sonata-project.org (url: /qa/page/controller-helper) GET /_fragment?_path=_format%3Dhtml%26_locale%3Den%26_controller%3DSonataQABundle%253APage%253AinternalController HTTP/1.1 Accept: text/html,application/xhtml+xml,application/xml;q=0.9,*/*;q=0.8 Accept-Charset: ISO-8859-1,utf-8;q=0.7,*;q=0.7 Accept-Language: en-us,en;q=0.5 Host: demo.sonata-project.org User-Agent: Symfony2 BrowserKit X-Cluster-Client-Ip: 82.233.25.186 X-Forwarded-For: 82.233.25.186, 82.233.25.186 X-Php-Ob-Level: 2 X-Requested-With: XMLHttpRequest
|  
]]></failure>
    </testcase>
    <testcase classname="Make sure there is no regression" name="Make sure a subrequest can resolve the current selected website" time="0.209751" assertions="2">
        <failure message="The text &quot;The sub request current site name is: sub site&quot; was not found anywhere in the text of the current page." type="failed"><![CDATA[
The text "The sub request current site name is: sub site" was not found anywhere in the text of the current page.

+--[ HTTP/1.1 404 | http://demo.sonata-project.org/sub-site/qa/page/controller-helper | GoutteDriver ]
|
|  Sonata Project var basket_update_confirmation_message = 'You\x20didn\x27t\x20update\x20your\x20basket,\x20continue\x20to\x20next\x20step\x3F'; (function(d, s, id) { var js, fjs = d.getElementsByTagName(s)[0]; if (d.getElementById(id)) return; js = d.createElement(s); js.id = id; js.src = "//connect.facebook.net/en_US/all.js#xfbml=1"; fjs.parentNode.insertBefore(js, fjs); }(document, 'script', 'facebook-jssdk')); !function(d,s,id){var js,fjs=d.getElementsByTagName(s)[0],p=/^http:/.test(d.location)?'http':'https';if(!d.getElementById(id)){js=d.createElement(s);js.id=id;js.src=p+'://platform.twitter.com/widgets.js';fjs.parentNode.insertBefore(js,fjs);}}(document, 'script', 'twitter-wjs');Note: this website is a demo of Sonata. Any orders placed on this site will not be processed.
|  
]]></failure>
    </testcase>
    <testcase classname="Make sure there is no regression" name="" time="0.136122" assertions="2">
        <failure message="The current node list is empty." type="failed"><![CDATA[
exception 'InvalidArgumentException' with message 'The current node list is empty.' in /Users/ronan/Sites/sandbox/vendor/symfony/symfony/src/Symfony/Component/DomCrawler/Crawler.php:510
Stack trace:
#0 /Users/ronan/Sites/sandbox/vendor/behat/mink-browserkit-driver/src/Behat/Mink/Driver/BrowserKitDriver.php(348): Symfony\Component\DomCrawler\Crawler->text()
#1 /Users/ronan/Sites/sandbox/vendor/behat/mink/src/Behat/Mink/Element/Element.php(101): Behat\Mink\Driver\BrowserKitDriver->getText('//html')
#2 /Users/ronan/Sites/sandbox/vendor/behat/mink/src/Behat/Mink/WebAssert.php(170): Behat\Mink\Element\Element->getText()
#3 /Users/ronan/Sites/sandbox/vendor/behat/mink-extension/src/Behat/MinkExtension/Context/MinkContext.php(248): Behat\Mink\WebAssert->pageTextContains('The sub request...')
#4 [internal function]: Behat\MinkExtension\Context\MinkContext->assertPageContainsText('The sub request...')
#5 /Users/ronan/Sites/sandbox/vendor/behat/behat/src/Behat/Behat/Definition/Annotation/Definition.php(155): call_user_func_array(Array, Array)
#6 /Users/ronan/Sites/sandbox/vendor/behat/behat/src/Behat/Behat/Tester/StepTester.php(157): Behat\Behat\Definition\Annotation\Definition->run(Object(FeatureContext))
#7 /Users/ronan/Sites/sandbox/vendor/behat/behat/src/Behat/Behat/Tester/StepTester.php(126): Behat\Behat\Tester\StepTester->executeStepDefinition(Object(Behat\Gherkin\Node\StepNode), Object(Behat\Behat\Definition\Annotation\Then))
#8 /Users/ronan/Sites/sandbox/vendor/behat/behat/src/Behat/Behat/Tester/StepTester.php(95): Behat\Behat\Tester\StepTester->executeStep(Object(Behat\Gherkin\Node\StepNode))
#9 /Users/ronan/Sites/sandbox/vendor/behat/gherkin/src/Behat/Gherkin/Node/AbstractNode.php(42): Behat\Behat\Tester\StepTester->visit(Object(Behat\Gherkin\Node\StepNode))
#10 /Users/ronan/Sites/sandbox/vendor/behat/behat/src/Behat/Behat/Tester/ScenarioTester.php(148): Behat\Gherkin\Node\AbstractNode->accept(Object(Behat\Behat\Tester\StepTester))
#11 /Users/ronan/Sites/sandbox/vendor/behat/behat/src/Behat/Behat/Tester/ScenarioTester.php(87): Behat\Behat\Tester\ScenarioTester->visitStep(Object(Behat\Gherkin\Node\StepNode), Object(Behat\Gherkin\Node\ScenarioNode), Object(FeatureContext), Array, false)
#12 /Users/ronan/Sites/sandbox/vendor/behat/gherkin/src/Behat/Gherkin/Node/AbstractNode.php(42): Behat\Behat\Tester\ScenarioTester->visit(Object(Behat\Gherkin\Node\ScenarioNode))
#13 /Users/ronan/Sites/sandbox/vendor/behat/behat/src/Behat/Behat/Tester/FeatureTester.php(88): Behat\Gherkin\Node\AbstractNode->accept(Object(Behat\Behat\Tester\ScenarioTester))
#14 /Users/ronan/Sites/sandbox/vendor/behat/gherkin/src/Behat/Gherkin/Node/AbstractNode.php(42): Behat\Behat\Tester\FeatureTester->visit(Object(Behat\Gherkin\Node\FeatureNode))
#15 /Users/ronan/Sites/sandbox/vendor/behat/behat/src/Behat/Behat/Console/Command/BehatCommand.php(150): Behat\Gherkin\Node\AbstractNode->accept(Object(Behat\Behat\Tester\FeatureTester))
#16 /Users/ronan/Sites/sandbox/vendor/behat/behat/src/Behat/Behat/Console/Command/BehatCommand.php(128): Behat\Behat\Console\Command\BehatCommand->runFeatures(Object(Behat\Gherkin\Gherkin))
#17 /Users/ronan/Sites/sandbox/vendor/symfony/symfony/src/Symfony/Component/Console/Command/Command.php(244): Behat\Behat\Console\Command\BehatCommand->execute(Object(Symfony\Component\Console\Input\ArgvInput), Object(Symfony\Component\Console\Output\ConsoleOutput))
#18 /Users/ronan/Sites/sandbox/vendor/symfony/symfony/src/Symfony/Component/Console/Application.php(891): Symfony\Component\Console\Command\Command->run(Object(Symfony\Component\Console\Input\ArgvInput), Object(Symfony\Component\Console\Output\ConsoleOutput))
#19 /Users/ronan/Sites/sandbox/vendor/symfony/symfony/src/Symfony/Component/Console/Application.php(191): Symfony\Component\Console\Application->doRunCommand(Object(Behat\Behat\Console\Command\BehatCommand), Object(Symfony\Component\Console\Input\ArgvInput), Object(Symfony\Component\Console\Output\ConsoleOutput))
#20 /Users/ronan/Sites/sandbox/vendor/behat/behat/src/Behat/Behat/Console/BehatApplication.php(68): Symfony\Component\Console\Application->doRun(Object(Symfony\Component\Console\Input\ArgvInput), Object(Symfony\Component\Console\Output\ConsoleOutput))
#21 /Users/ronan/Sites/sandbox/vendor/symfony/symfony/src/Symfony/Component/Console/Application.php(121): Behat\Behat\Console\BehatApplication->doRun(Object(Symfony\Component\Console\Input\ArgvInput), Object(Symfony\Component\Console\Output\ConsoleOutput))
#22 /Users/ronan/Sites/sandbox/vendor/behat/behat/bin/behat(32): Symfony\Component\Console\Application->run()
#23 {main}
]]></failure>
    </testcase>
</testsuite>
